[I 2026-05-04 00:02:32,000] Trial 47 finished with value: 0.6286676286676287 and parameters: {'lr': 0.05, 'weight_decay': 0.0001, 'n_hidden': 128, 'n_layer': 2, 'dropout': 0.09657363747166187, 'p_cutoff': 0.37553192639338395, 'edge_threshold': 0.20012784102729173}. Best is trial 42 with value: 0.8131313131313131.
    [CPU] Loading blogcatalog...
    DEBUG 3.1: Dataset init start
    DEBUG 3.2: prepare_data start blogcatalog
    ----Data statistics------'
    Name: blogcatalog
    #Nodes 5196
    #Edges 171743
    #Classes 6
    #Ave_degree 66.11
    ----Split statistics------'
    #Train samples 259 (5.0 % of nodes)
    #Val samples 779 (15.0 % of nodes)
    #Test samples 4158 (remaining)
    ----label noise information:------
    Instance dependent noise
    #Actual noise rate 0.13
    [cuda:0] Waiting for GPU slot...
    [cuda:0] Slot acquired (waited 55.7s). Training...
    FINAL_RESULT: {'acc': {'train': 0.7760617760617761, 'valid': 0.711168164313222, 'test': 0.7693602693602694}, 'wall_s': 58.22, 'cpu_s': 14.16, 'gpu_s': 43.69, 'wait_s': 55.7}
    [Time] wall=58.2s | cpu=14.2s | gpu=43.7s
    C:\Users\fbrev\anaconda3\envs\noisygl\Lib\site-packages\torch\nn\modules\module.py:1159: UserWarning: expandable_segments not supported on this platform (Triggered internally at ..\c10/cuda/CUDAAllocatorConfig.h:28.)
    return t.to(
    C:\Users\fbrev\Documents\Acadêmico\Simulações\Python\NoisyGL\predictor\Base_Predictor.py:144: UserWarning: Sparse CSR tensor support is in beta state. If you miss a functionality in the sparse tensor support, please submit a feature request to https://github.com/pytorch/pytorch/issues. (Triggered internally at ..\aten\src\ATen\SparseCsrTensorImpl.cpp:55.)
    self.adj_csr = self.adj.to_sparse_csr().to(self.device)
[I 2026-05-04 00:04:31,085] Trial 48 finished with value: 0.7693602693602694 and parameters: {'lr': 0.001, 'weight_decay': 0.0001, 'n_hidden': 64, 'n_layer': 2, 'dropout': 0.37103845164971183, 'p_cutoff': 0.5471683773839932, 'edge_threshold': 0.06318405139495198}. Best is trial 42 with value: 0.8131313131313131.
    [CPU] Loading blogcatalog...
    DEBUG 3.1: Dataset init start
    DEBUG 3.2: prepare_data start blogcatalog
    ----Data statistics------'
    Name: blogcatalog
    #Nodes 5196
    #Edges 171743
    #Classes 6
    #Ave_degree 66.11
    ----Split statistics------'
    #Train samples 259 (5.0 % of nodes)
    #Val samples 779 (15.0 % of nodes)
    #Test samples 4158 (remaining)
    ----label noise information:------
    Instance dependent noise
    #Actual noise rate 0.13
    [cuda:0] Waiting for GPU slot...
    [cuda:0] Slot acquired (waited 109.8s). Training...
    FINAL_RESULT: {'acc': {'train': 0.5675675675675675, 'valid': 0.5121951219512195, 'test': 0.5423280423280423}, 'wall_s': 57.1, 'cpu_s': 14.19, 'gpu_s': 42.57, 'wait_s': 109.84}
    [Time] wall=57.1s | cpu=14.2s | gpu=42.6s
    C:\Users\fbrev\anaconda3\envs\noisygl\Lib\site-packages\torch\nn\modules\module.py:1159: UserWarning: expandable_segments not supported on this platform (Triggered internally at ..\c10/cuda/CUDAAllocatorConfig.h:28.)
    return t.to(
    C:\Users\fbrev\Documents\Acadêmico\Simulações\Python\NoisyGL\predictor\Base_Predictor.py:144: UserWarning: Sparse CSR tensor support is in beta state. If you miss a functionality in the sparse tensor support, please submit a feature request to https://github.com/pytorch/pytorch/issues. (Triggered internally at ..\aten\src\ATen\SparseCsrTensorImpl.cpp:55.)
    self.adj_csr = self.adj.to_sparse_csr().to(self.device)
