[I 2026-05-05 16:11:41,523] Trial 105 finished with value: 0.665300362854455 and parameters: {'lr': 0.05, 'weight_decay': 0.001, 'n_hidden': 64, 'n_layer': 3, 'dropout': 0.061201802839615606, 'knn_mode': 'd', 'k': 11, 'dexp': 1.6088697632888755, 'p_grd': 0.3021916372321546, 'unc_rem': 0.6883155168218179, 'unc_rel': 0.999725626812791}. Best is trial 98 with value: 0.7015186130896385.
    [CPU] Loading dblp...
    DEBUG 3.1: Dataset init start
    DEBUG 3.2: prepare_data start dblp
    ----Data statistics------'
    Name: dblp
    #Nodes 17716
    #Edges 52867
    #Classes 4
    #Ave_degree 5.97
    ----Split statistics------'
    #Train samples 177 (1.0 % of nodes)
    #Val samples 2657 (15.0 % of nodes)
    #Test samples 14882 (remaining)
    ----label noise information:------
    Instance dependent noise
    #Actual noise rate 0.50
    [cuda:0] LNPCC waiting for GPU slot...
    [cuda:0] Slot acquired (waited 137.2s). Starting GCN...
    FINAL_RESULT: {'acc': {'train': 0.21714285714285714, 'valid': 0.29205871283402335, 'test': 0.31662410966267973}, 'wall_s': 41.2, 'cpu_s': 38.26, 'gpu_s': 2.89, 'wait_s': 137.17}
    [Time] wall=41.2s | cpu=38.3s | gpu=2.9s
    C:\Users\fbrev\Documents\Acadêmico\Simulações\Python\NoisyGL\predictor\Base_Predictor.py:114: UserWarning: expandable_segments not supported on this platform (Triggered internally at ..\c10/cuda/CUDAAllocatorConfig.h:28.)
    self.edge_index = self._cpu_edge_index.to(self.device)
    C:\Users\fbrev\Documents\Acadêmico\Simulações\Python\NoisyGL\predictor\Base_Predictor.py:144: UserWarning: Sparse CSR tensor support is in beta state. If you miss a functionality in the sparse tensor support, please submit a feature request to https://github.com/pytorch/pytorch/issues. (Triggered internally at ..\aten\src\ATen\SparseCsrTensorImpl.cpp:55.)
    self.adj_csr = self.adj.to_sparse_csr().to(self.device)
[I 2026-05-05 16:14:45,609] Trial 106 finished with value: 0.31662410966267973 and parameters: {'lr': 0.05, 'weight_decay': 0.05, 'n_hidden': 32, 'n_layer': 3, 'dropout': 0.0017383775813298342, 'knn_mode': 'd', 'k': 9, 'dexp': 1.8917138923197971, 'p_grd': 0.25968220504571116, 'unc_rem': 0.7508439541039793, 'unc_rel': 0.840647373621296}. Best is trial 98 with value: 0.7015186130896385.
    [CPU] Loading dblp...
    DEBUG 3.1: Dataset init start
    DEBUG 3.2: prepare_data start dblp
    ----Data statistics------'
    Name: dblp
    #Nodes 17716
    #Edges 52867
    #Classes 4
    #Ave_degree 5.97
    ----Split statistics------'
    #Train samples 177 (1.0 % of nodes)
    #Val samples 2657 (15.0 % of nodes)
    #Test samples 14882 (remaining)
    ----label noise information:------
    Instance dependent noise
    #Actual noise rate 0.50
    [cuda:0] LNPCC waiting for GPU slot...
    [cuda:0] Slot acquired (waited 500.5s). Starting GCN...
    FINAL_RESULT: {'acc': {'train': 0.6432748538011696, 'valid': 0.4042152803914189, 'test': 0.6627469426152399}, 'wall_s': 38.05, 'cpu_s': 34.74, 'gpu_s': 3.23, 'wait_s': 500.47}
    [Time] wall=38.0s | cpu=34.7s | gpu=3.2s
    C:\Users\fbrev\Documents\Acadêmico\Simulações\Python\NoisyGL\predictor\Base_Predictor.py:114: UserWarning: expandable_segments not supported on this platform (Triggered internally at ..\c10/cuda/CUDAAllocatorConfig.h:28.)
    self.edge_index = self._cpu_edge_index.to(self.device)
    C:\Users\fbrev\Documents\Acadêmico\Simulações\Python\NoisyGL\predictor\Base_Predictor.py:144: UserWarning: Sparse CSR tensor support is in beta state. If you miss a functionality in the sparse tensor support, please submit a feature request to https://github.com/pytorch/pytorch/issues. (Triggered internally at ..\aten\src\ATen\SparseCsrTensorImpl.cpp:55.)
    self.adj_csr = self.adj.to_sparse_csr().to(self.device)
[I 2026-05-05 16:23:50,010] Trial 107 finished with value: 0.6627469426152399 and parameters: {'lr': 0.005, 'weight_decay': 0.0001, 'n_hidden': 64, 'n_layer': 3, 'dropout': 0.033433466683959454, 'knn_mode': 'd', 'k': 13, 'dexp': 1.1489123705452249, 'p_grd': 0.11568554415737461, 'unc_rem': 0.7100455021853807, 'unc_rel': 0.9421267016165932}. Best is trial 98 with value: 0.7015186130896385.
    [CPU] Loading dblp...
    DEBUG 3.1: Dataset init start
    DEBUG 3.2: prepare_data start dblp
    ----Data statistics------'
    Name: dblp
    #Nodes 17716
    #Edges 52867
    #Classes 4
    #Ave_degree 5.97
    ----Split statistics------'
    #Train samples 177 (1.0 % of nodes)
    #Val samples 2657 (15.0 % of nodes)
    #Test samples 14882 (remaining)
    ----label noise information:------
    Instance dependent noise
    #Actual noise rate 0.50
    [cuda:0] LNPCC waiting for GPU slot...
    [cuda:0] Slot acquired (waited 148.6s). Starting GCN...
    FINAL_RESULT: {'acc': {'train': 0.6494252873563219, 'valid': 0.4083552879187053, 'test': 0.6677865878242172}, 'wall_s': 43.93, 'cpu_s': 39.36, 'gpu_s': 4.52, 'wait_s': 148.63}
    [Time] wall=43.9s | cpu=39.4s | gpu=4.5s
    C:\Users\fbrev\Documents\Acadêmico\Simulações\Python\NoisyGL\predictor\Base_Predictor.py:114: UserWarning: expandable_segments not supported on this platform (Triggered internally at ..\c10/cuda/CUDAAllocatorConfig.h:28.)
    self.edge_index = self._cpu_edge_index.to(self.device)
    C:\Users\fbrev\Documents\Acadêmico\Simulações\Python\NoisyGL\predictor\Base_Predictor.py:144: UserWarning: Sparse CSR tensor support is in beta state. If you miss a functionality in the sparse tensor support, please submit a feature request to https://github.com/pytorch/pytorch/issues. (Triggered internally at ..\aten\src\ATen\SparseCsrTensorImpl.cpp:55.)
    self.adj_csr = self.adj.to_sparse_csr().to(self.device)
[I 2026-05-05 16:27:08,567] Trial 108 finished with value: 0.6677865878242172 and parameters: {'lr': 0.001, 'weight_decay': 0.001, 'n_hidden': 128, 'n_layer': 3, 'dropout': 0.06240598834416931, 'knn_mode': 'd', 'k': 12, 'dexp': 2.511805979207647, 'p_grd': 0.2853446542922793, 'unc_rem': 0.6716227752934089, 'unc_rel': 0.9110490844114836}. Best is trial 98 with value: 0.7015186130896385.
    [CPU] Loading dblp...
    DEBUG 3.1: Dataset init start
    DEBUG 3.2: prepare_data start dblp
    ----Data statistics------'
    Name: dblp
    #Nodes 17716
    #Edges 52867
    #Classes 4
    #Ave_degree 5.97
    ----Split statistics------'
    #Train samples 177 (1.0 % of nodes)
    #Val samples 2657 (15.0 % of nodes)
    #Test samples 14882 (remaining)
    ----label noise information:------
    Instance dependent noise
    #Actual noise rate 0.50
    [cuda:0] LNPCC waiting for GPU slot...
    [cuda:0] Slot acquired (waited 328.3s). Starting GCN...
    FINAL_RESULT: {'acc': {'train': 0.5885714285714285, 'valid': 0.3763643206624012, 'test': 0.6018680284907942}, 'wall_s': 45.59, 'cpu_s': 41.85, 'gpu_s': 3.67, 'wait_s': 328.33}
    [Time] wall=45.6s | cpu=41.8s | gpu=3.7s
    C:\Users\fbrev\Documents\Acadêmico\Simulações\Python\NoisyGL\predictor\Base_Predictor.py:114: UserWarning: expandable_segments not supported on this platform (Triggered internally at ..\c10/cuda/CUDAAllocatorConfig.h:28.)
    self.edge_index = self._cpu_edge_index.to(self.device)
    C:\Users\fbrev\Documents\Acadêmico\Simulações\Python\NoisyGL\predictor\Base_Predictor.py:144: UserWarning: Sparse CSR tensor support is in beta state. If you miss a functionality in the sparse tensor support, please submit a feature request to https://github.com/pytorch/pytorch/issues. (Triggered internally at ..\aten\src\ATen\SparseCsrTensorImpl.cpp:55.)
    self.adj_csr = self.adj.to_sparse_csr().to(self.device)
[I 2026-05-05 16:33:28,626] Trial 109 finished with value: 0.6018680284907942 and parameters: {'lr': 0.05, 'weight_decay': 0.001, 'n_hidden': 64, 'n_layer': 3, 'dropout': 0.0142390514069933, 'knn_mode': 'd', 'k': 16, 'dexp': 1.3249133484591202, 'p_grd': 0.2446452881646514, 'unc_rem': 0.7955100413601227, 'unc_rel': 0.9518486713615318}. Best is trial 98 with value: 0.7015186130896385.
    [CPU] Loading dblp...
    DEBUG 3.1: Dataset init start
    DEBUG 3.2: prepare_data start dblp
    ----Data statistics------'
    Name: dblp
    #Nodes 17716
    #Edges 52867
    #Classes 4
    #Ave_degree 5.97
    ----Split statistics------'
    #Train samples 177 (1.0 % of nodes)
    #Val samples 2657 (15.0 % of nodes)
    #Test samples 14882 (remaining)
    ----label noise information:------
    Instance dependent noise
    #Actual noise rate 0.50
    [cuda:0] LNPCC waiting for GPU slot...
    [cuda:0] Slot acquired (waited 324.9s). Starting GCN...
    FINAL_RESULT: {'acc': {'train': 0.5976331360946746, 'valid': 0.38765525028227327, 'test': 0.616718183039914}, 'wall_s': 46.85, 'cpu_s': 43.45, 'gpu_s': 3.32, 'wait_s': 324.86}
    [Time] wall=46.8s | cpu=43.4s | gpu=3.3s
    C:\Users\fbrev\Documents\Acadêmico\Simulações\Python\NoisyGL\predictor\Base_Predictor.py:114: UserWarning: expandable_segments not supported on this platform (Triggered internally at ..\c10/cuda/CUDAAllocatorConfig.h:28.)
    self.edge_index = self._cpu_edge_index.to(self.device)
    C:\Users\fbrev\Documents\Acadêmico\Simulações\Python\NoisyGL\predictor\Base_Predictor.py:144: UserWarning: Sparse CSR tensor support is in beta state. If you miss a functionality in the sparse tensor support, please submit a feature request to https://github.com/pytorch/pytorch/issues. (Triggered internally at ..\aten\src\ATen\SparseCsrTensorImpl.cpp:55.)
    self.adj_csr = self.adj.to_sparse_csr().to(self.device)
[I 2026-05-05 16:39:46,068] Trial 110 finished with value: 0.616718183039914 and parameters: {'lr': 0.05, 'weight_decay': 0.001, 'n_hidden': 64, 'n_layer': 3, 'dropout': 0.023366527737875387, 'knn_mode': 'd', 'k': 20, 'dexp': 0.7642364863775943, 'p_grd': 0.3173359385111463, 'unc_rem': 0.5917638559227811, 'unc_rel': 0.9743904772901113}. Best is trial 98 with value: 0.7015186130896385.
    [CPU] Loading dblp...
    DEBUG 3.1: Dataset init start
    DEBUG 3.2: prepare_data start dblp
    ----Data statistics------'
    Name: dblp
    #Nodes 17716
    #Edges 52867
    #Classes 4
    #Ave_degree 5.97
    ----Split statistics------'
    #Train samples 177 (1.0 % of nodes)
    #Val samples 2657 (15.0 % of nodes)
    #Test samples 14882 (remaining)
    ----label noise information:------
    Instance dependent noise
    #Actual noise rate 0.50
    [cuda:0] LNPCC waiting for GPU slot...
    [cuda:0] Slot acquired (waited 340.7s). Starting GCN...
    FINAL_RESULT: {'acc': {'train': 0.39080459770114945, 'valid': 0.32028603688370344, 'test': 0.4576669802445908}, 'wall_s': 41.8, 'cpu_s': 38.41, 'gpu_s': 3.31, 'wait_s': 340.72}
    [Time] wall=41.8s | cpu=38.4s | gpu=3.3s
    C:\Users\fbrev\Documents\Acadêmico\Simulações\Python\NoisyGL\predictor\Base_Predictor.py:114: UserWarning: expandable_segments not supported on this platform (Triggered internally at ..\c10/cuda/CUDAAllocatorConfig.h:28.)
    self.edge_index = self._cpu_edge_index.to(self.device)
    C:\Users\fbrev\Documents\Acadêmico\Simulações\Python\NoisyGL\predictor\Base_Predictor.py:144: UserWarning: Sparse CSR tensor support is in beta state. If you miss a functionality in the sparse tensor support, please submit a feature request to https://github.com/pytorch/pytorch/issues. (Triggered internally at ..\aten\src\ATen\SparseCsrTensorImpl.cpp:55.)
    self.adj_csr = self.adj.to_sparse_csr().to(self.device)
[I 2026-05-05 16:46:14,333] Trial 111 finished with value: 0.4576669802445908 and parameters: {'lr': 0.05, 'weight_decay': 0.01, 'n_hidden': 64, 'n_layer': 3, 'dropout': 0.07159390577522798, 'knn_mode': 'd', 'k': 9, 'dexp': 1.609676357445252, 'p_grd': 0.1756055868813579, 'unc_rem': 0.7304744596383747, 'unc_rel': 0.8843135578011582}. Best is trial 98 with value: 0.7015186130896385.
    [CPU] Loading dblp...
    DEBUG 3.1: Dataset init start
    DEBUG 3.2: prepare_data start dblp
    ----Data statistics------'
    Name: dblp
    #Nodes 17716
    #Edges 52867
    #Classes 4
    #Ave_degree 5.97
    ----Split statistics------'
    #Train samples 177 (1.0 % of nodes)
    #Val samples 2657 (15.0 % of nodes)
    #Test samples 14882 (remaining)
    ----label noise information:------
    Instance dependent noise
    #Actual noise rate 0.50
    [cuda:0] LNPCC waiting for GPU slot...
    [cuda:0] Slot acquired (waited 154.9s). Starting GCN...
    FINAL_RESULT: {'acc': {'train': 0.6571428571428571, 'valid': 0.4057207376740685, 'test': 0.680620884289746}, 'wall_s': 43.67, 'cpu_s': 40.31, 'gpu_s': 3.31, 'wait_s': 154.89}
    [Time] wall=43.7s | cpu=40.3s | gpu=3.3s
    C:\Users\fbrev\Documents\Acadêmico\Simulações\Python\NoisyGL\predictor\Base_Predictor.py:114: UserWarning: expandable_segments not supported on this platform (Triggered internally at ..\c10/cuda/CUDAAllocatorConfig.h:28.)
    self.edge_index = self._cpu_edge_index.to(self.device)
    C:\Users\fbrev\Documents\Acadêmico\Simulações\Python\NoisyGL\predictor\Base_Predictor.py:144: UserWarning: Sparse CSR tensor support is in beta state. If you miss a functionality in the sparse tensor support, please submit a feature request to https://github.com/pytorch/pytorch/issues. (Triggered internally at ..\aten\src\ATen\SparseCsrTensorImpl.cpp:55.)
    self.adj_csr = self.adj.to_sparse_csr().to(self.device)
[I 2026-05-05 16:49:38,753] Trial 112 finished with value: 0.680620884289746 and parameters: {'lr': 0.05, 'weight_decay': 0.001, 'n_hidden': 64, 'n_layer': 3, 'dropout': 0.010898695387673761, 'knn_mode': 'd', 'k': 18, 'dexp': 1.9929912282064755, 'p_grd': 0.3550932013426814, 'unc_rem': 0.7593535317789757, 'unc_rel': 0.8463515002780299}. Best is trial 98 with value: 0.7015186130896385.
    [CPU] Loading dblp...
    DEBUG 3.1: Dataset init start
    DEBUG 3.2: prepare_data start dblp
    ----Data statistics------'
    Name: dblp
    #Nodes 17716
    #Edges 52867
    #Classes 4
    #Ave_degree 5.97
    ----Split statistics------'
    #Train samples 177 (1.0 % of nodes)
    #Val samples 2657 (15.0 % of nodes)
    #Test samples 14882 (remaining)
    ----label noise information:------
    Instance dependent noise
    #Actual noise rate 0.50
    [cuda:0] LNPCC waiting for GPU slot...
    [cuda:0] Slot acquired (waited 337.9s). Starting GCN...
    FINAL_RESULT: {'acc': {'train': 0.5568181818181818, 'valid': 0.4079789235980429, 'test': 0.6798817363257627}, 'wall_s': 52.24, 'cpu_s': 48.99, 'gpu_s': 3.18, 'wait_s': 337.88}
    [Time] wall=52.2s | cpu=49.0s | gpu=3.2s
    C:\Users\fbrev\Documents\Acadêmico\Simulações\Python\NoisyGL\predictor\Base_Predictor.py:114: UserWarning: expandable_segments not supported on this platform (Triggered internally at ..\c10/cuda/CUDAAllocatorConfig.h:28.)
    self.edge_index = self._cpu_edge_index.to(self.device)
    C:\Users\fbrev\Documents\Acadêmico\Simulações\Python\NoisyGL\predictor\Base_Predictor.py:144: UserWarning: Sparse CSR tensor support is in beta state. If you miss a functionality in the sparse tensor support, please submit a feature request to https://github.com/pytorch/pytorch/issues. (Triggered internally at ..\aten\src\ATen\SparseCsrTensorImpl.cpp:55.)
    self.adj_csr = self.adj.to_sparse_csr().to(self.device)
[I 2026-05-05 16:56:15,099] Trial 113 finished with value: 0.6798817363257627 and parameters: {'lr': 0.05, 'weight_decay': 0.001, 'n_hidden': 64, 'n_layer': 3, 'dropout': 0.011595922129044495, 'knn_mode': 'd', 'k': 18, 'dexp': 1.8929093118149996, 'p_grd': 0.38925234498760186, 'unc_rem': 0.8073643668816164, 'unc_rel': 0.8498656612531329}. Best is trial 98 with value: 0.7015186130896385.
    [CPU] Loading dblp...
    DEBUG 3.1: Dataset init start
    DEBUG 3.2: prepare_data start dblp
    ----Data statistics------'
    Name: dblp
    #Nodes 17716
    #Edges 52867
    #Classes 4
    #Ave_degree 5.97
    ----Split statistics------'
    #Train samples 177 (1.0 % of nodes)
    #Val samples 2657 (15.0 % of nodes)
    #Test samples 14882 (remaining)
    ----label noise information:------
    Instance dependent noise
    #Actual noise rate 0.50
    [cuda:0] LNPCC waiting for GPU slot...
    [cuda:0] Slot acquired (waited 141.7s). Starting GCN...
    FINAL_RESULT: {'acc': {'train': 0.6457142857142857, 'valid': 0.39179525780955965, 'test': 0.6515253326165837}, 'wall_s': 48.06, 'cpu_s': 44.66, 'gpu_s': 3.34, 'wait_s': 141.67}
    [Time] wall=48.1s | cpu=44.7s | gpu=3.3s
    C:\Users\fbrev\Documents\Acadêmico\Simulações\Python\NoisyGL\predictor\Base_Predictor.py:114: UserWarning: expandable_segments not supported on this platform (Triggered internally at ..\c10/cuda/CUDAAllocatorConfig.h:28.)
    self.edge_index = self._cpu_edge_index.to(self.device)
    C:\Users\fbrev\Documents\Acadêmico\Simulações\Python\NoisyGL\predictor\Base_Predictor.py:144: UserWarning: Sparse CSR tensor support is in beta state. If you miss a functionality in the sparse tensor support, please submit a feature request to https://github.com/pytorch/pytorch/issues. (Triggered internally at ..\aten\src\ATen\SparseCsrTensorImpl.cpp:55.)
    self.adj_csr = self.adj.to_sparse_csr().to(self.device)
[I 2026-05-05 16:59:30,805] Trial 114 finished with value: 0.6515253326165837 and parameters: {'lr': 0.05, 'weight_decay': 0.001, 'n_hidden': 64, 'n_layer': 3, 'dropout': 0.03878929910412116, 'knn_mode': 'd', 'k': 16, 'dexp': 2.336387455897198, 'p_grd': 0.3556174640569199, 'unc_rem': 0.7655159685297209, 'unc_rel': 0.9109695125808404}. Best is trial 98 with value: 0.7015186130896385.
    [CPU] Loading dblp...
    DEBUG 3.1: Dataset init start
    DEBUG 3.2: prepare_data start dblp
    ----Data statistics------'
    Name: dblp
    #Nodes 17716
    #Edges 52867
    #Classes 4
    #Ave_degree 5.97
    ----Split statistics------'
    #Train samples 177 (1.0 % of nodes)
    #Val samples 2657 (15.0 % of nodes)
    #Test samples 14882 (remaining)
    ----label noise information:------
    Instance dependent noise
    #Actual noise rate 0.50
    [cuda:0] LNPCC waiting for GPU slot...
    [cuda:0] Slot acquired (waited 145.2s). Starting GCN...
    FINAL_RESULT: {'acc': {'train': 0.6193181818181818, 'valid': 0.4030861874294317, 'test': 0.6813600322537293}, 'wall_s': 44.77, 'cpu_s': 41.43, 'gpu_s': 3.28, 'wait_s': 145.17}
    [Time] wall=44.8s | cpu=41.4s | gpu=3.3s
    C:\Users\fbrev\Documents\Acadêmico\Simulações\Python\NoisyGL\predictor\Base_Predictor.py:114: UserWarning: expandable_segments not supported on this platform (Triggered internally at ..\c10/cuda/CUDAAllocatorConfig.h:28.)
    self.edge_index = self._cpu_edge_index.to(self.device)
    C:\Users\fbrev\Documents\Acadêmico\Simulações\Python\NoisyGL\predictor\Base_Predictor.py:144: UserWarning: Sparse CSR tensor support is in beta state. If you miss a functionality in the sparse tensor support, please submit a feature request to https://github.com/pytorch/pytorch/issues. (Triggered internally at ..\aten\src\ATen\SparseCsrTensorImpl.cpp:55.)
    self.adj_csr = self.adj.to_sparse_csr().to(self.device)
[I 2026-05-05 17:02:46,562] Trial 115 finished with value: 0.6813600322537293 and parameters: {'lr': 0.05, 'weight_decay': 0.001, 'n_hidden': 64, 'n_layer': 3, 'dropout': 0.00026946150420093483, 'knn_mode': 'd', 'k': 14, 'dexp': 2.6123162520954955, 'p_grd': 0.31846401130853397, 'unc_rem': 0.6949564856915509, 'unc_rel': 0.9502528017586594}. Best is trial 98 with value: 0.7015186130896385.
    [CPU] Loading dblp...
    DEBUG 3.1: Dataset init start
    DEBUG 3.2: prepare_data start dblp
    ----Data statistics------'
    Name: dblp
    #Nodes 17716
    #Edges 52867
    #Classes 4
    #Ave_degree 5.97
    ----Split statistics------'
    #Train samples 177 (1.0 % of nodes)
    #Val samples 2657 (15.0 % of nodes)
    #Test samples 14882 (remaining)
    ----label noise information:------
    Instance dependent noise
    #Actual noise rate 0.50
    [cuda:0] LNPCC waiting for GPU slot...
    [cuda:0] Slot acquired (waited 329.0s). Starting GCN...
    FINAL_RESULT: {'acc': {'train': 0.5423728813559322, 'valid': 0.4102371095220173, 'test': 0.6758500201585809}, 'wall_s': 47.27, 'cpu_s': 43.87, 'gpu_s': 3.34, 'wait_s': 329.05}
    [Time] wall=47.3s | cpu=43.9s | gpu=3.3s
    C:\Users\fbrev\Documents\Acadêmico\Simulações\Python\NoisyGL\predictor\Base_Predictor.py:114: UserWarning: expandable_segments not supported on this platform (Triggered internally at ..\c10/cuda/CUDAAllocatorConfig.h:28.)
    self.edge_index = self._cpu_edge_index.to(self.device)
    C:\Users\fbrev\Documents\Acadêmico\Simulações\Python\NoisyGL\predictor\Base_Predictor.py:144: UserWarning: Sparse CSR tensor support is in beta state. If you miss a functionality in the sparse tensor support, please submit a feature request to https://github.com/pytorch/pytorch/issues. (Triggered internally at ..\aten\src\ATen\SparseCsrTensorImpl.cpp:55.)
    self.adj_csr = self.adj.to_sparse_csr().to(self.device)
