[worker] START lnpcc_amazon-ratings_0.5 gpu=0
[HPO] Starting Phase 1 (Optuna) for lnpcc_amazon-ratings_instance_0.5...
[I 2026-04-27 13:20:15,354] Using an existing study with name 'lnpcc_amazon-ratings_instance_0.5' instead of creating a new one.
    [CPU] Loading amazon-ratings...
    DEBUG 3.1: Dataset init start
    DEBUG 3.2: prepare_data start amazon-ratings
    ----Data statistics------'
    Name: amazon-ratings
    #Nodes 24492
    #Edges 93050
    #Classes 5
    #Ave_degree 7.60
    ----Split statistics------'
    #Train samples 1224 (5.0 % of nodes)
    #Val samples 3673 (15.0 % of nodes)
    #Test samples 19595 (remaining)
    ----label noise information:------
    Instance dependent noise
    #Actual noise rate 0.50
    [cuda:0] LNPCC waiting for GPU slot...
    [cuda:0] Slot acquired (waited 188.3s). Starting GCN...
    FINAL_RESULT: {'acc': {'train': 0.2957516339869281, 'valid': 0.2627280152463926, 'test': 0.3815769328910436}, 'wall_s': 69.26, 'cpu_s': 65.97, 'gpu_s': 3.21, 'wait_s': 188.31}
    [Time] wall=69.3s | cpu=66.0s | gpu=3.2s
    C:\Users\fbrev\Documents\Acadêmico\Simulações\Python\NoisyGL\predictor\Base_Predictor.py:144: UserWarning: Sparse CSR tensor support is in beta state. If you miss a functionality in the sparse tensor support, please submit a feature request to https://github.com/pytorch/pytorch/issues. (Triggered internally at ..\aten\src\ATen\SparseCsrTensorImpl.cpp:55.)
    self.adj_csr = self.adj.to_sparse_csr().to(self.device)
[I 2026-04-27 13:24:41,420] Trial 73 finished with value: 0.3815769328910436 and parameters: {'lr': 0.005, 'weight_decay': 0.001, 'n_hidden': 32, 'n_layer': 3, 'dropout': 0.7626349527455278, 'knn_mode': 's', 'k': 20, 'dexp': 8.509956947251808, 'p_grd': 0.8553586094863823, 'unc_rem': 0.27989078651800825, 'unc_rel': 0.7065208513594172}. Best is trial 63 with value: 0.38764991069150295.
    [CPU] Loading amazon-ratings...
    DEBUG 3.1: Dataset init start
    DEBUG 3.2: prepare_data start amazon-ratings
    ----Data statistics------'
    Name: amazon-ratings
    #Nodes 24492
    #Edges 93050
    #Classes 5
    #Ave_degree 7.60
    ----Split statistics------'
    #Train samples 1224 (5.0 % of nodes)
    #Val samples 3673 (15.0 % of nodes)
    #Test samples 19595 (remaining)
    ----label noise information:------
    Instance dependent noise
    #Actual noise rate 0.50
    [cuda:0] LNPCC waiting for GPU slot...
    [cuda:0] Slot acquired (waited 179.6s). Starting GCN...
    FINAL_RESULT: {'acc': {'train': 0.3302828618968386, 'valid': 0.25946093111897633, 'test': 0.38872161265628985}, 'wall_s': 72.85, 'cpu_s': 69.16, 'gpu_s': 3.64, 'wait_s': 179.63}
    [Time] wall=72.9s | cpu=69.2s | gpu=3.6s
    C:\Users\fbrev\Documents\Acadêmico\Simulações\Python\NoisyGL\predictor\Base_Predictor.py:144: UserWarning: Sparse CSR tensor support is in beta state. If you miss a functionality in the sparse tensor support, please submit a feature request to https://github.com/pytorch/pytorch/issues. (Triggered internally at ..\aten\src\ATen\SparseCsrTensorImpl.cpp:55.)
    self.adj_csr = self.adj.to_sparse_csr().to(self.device)
[I 2026-04-27 13:29:00,829] Trial 74 finished with value: 0.38872161265628985 and parameters: {'lr': 0.005, 'weight_decay': 0.001, 'n_hidden': 32, 'n_layer': 3, 'dropout': 0.672516815680141, 'knn_mode': 's', 'k': 22, 'dexp': 8.886149293422047, 'p_grd': 0.716354053552754, 'unc_rem': 0.04658498598117465, 'unc_rel': 0.6098214496210577}. Best is trial 74 with value: 0.38872161265628985.
    [CPU] Loading amazon-ratings...
    DEBUG 3.1: Dataset init start
    DEBUG 3.2: prepare_data start amazon-ratings
    ----Data statistics------'
    Name: amazon-ratings
    #Nodes 24492
    #Edges 93050
    #Classes 5
    #Ave_degree 7.60
    ----Split statistics------'
    #Train samples 1224 (5.0 % of nodes)
    #Val samples 3673 (15.0 % of nodes)
    #Test samples 19595 (remaining)
    ----label noise information:------
    Instance dependent noise
    #Actual noise rate 0.50
    [cuda:0] LNPCC waiting for GPU slot...
    [cuda:0] Slot acquired (waited 969.3s). Starting GCN...
    FINAL_RESULT: {'acc': {'train': 0.3132209405501331, 'valid': 0.2583719030765042, 'test': 0.38611890788466446}, 'wall_s': 78.24, 'cpu_s': 74.54, 'gpu_s': 3.64, 'wait_s': 969.27}
    [Time] wall=78.2s | cpu=74.5s | gpu=3.6s
    C:\Users\fbrev\Documents\Acadêmico\Simulações\Python\NoisyGL\predictor\Base_Predictor.py:144: UserWarning: Sparse CSR tensor support is in beta state. If you miss a functionality in the sparse tensor support, please submit a feature request to https://github.com/pytorch/pytorch/issues. (Triggered internally at ..\aten\src\ATen\SparseCsrTensorImpl.cpp:55.)
    self.adj_csr = self.adj.to_sparse_csr().to(self.device)
[I 2026-04-27 13:46:36,445] Trial 75 finished with value: 0.38611890788466446 and parameters: {'lr': 0.005, 'weight_decay': 0.001, 'n_hidden': 32, 'n_layer': 3, 'dropout': 0.6734327776741463, 'knn_mode': 's', 'k': 22, 'dexp': 8.945288126127846, 'p_grd': 0.7224741502971724, 'unc_rem': 0.02898750389138761, 'unc_rel': 0.6145933132076365}. Best is trial 74 with value: 0.38872161265628985.
    [CPU] Loading amazon-ratings...
    DEBUG 3.1: Dataset init start
    DEBUG 3.2: prepare_data start amazon-ratings
    ----Data statistics------'
    Name: amazon-ratings
    #Nodes 24492
    #Edges 93050
    #Classes 5
    #Ave_degree 7.60
    ----Split statistics------'
    #Train samples 1224 (5.0 % of nodes)
    #Val samples 3673 (15.0 % of nodes)
    #Test samples 19595 (remaining)
    ----label noise information:------
    Instance dependent noise
    #Actual noise rate 0.50
    [cuda:0] LNPCC waiting for GPU slot...
    [cuda:0] Slot acquired (waited 691.1s). Starting GCN...
    FINAL_RESULT: {'acc': {'train': 0.31409727947238253, 'valid': 0.2630002722570106, 'test': 0.3840265373819852}, 'wall_s': 71.81, 'cpu_s': 68.52, 'gpu_s': 3.25, 'wait_s': 691.13}
    [Time] wall=71.8s | cpu=68.5s | gpu=3.2s
    C:\Users\fbrev\Documents\Acadêmico\Simulações\Python\NoisyGL\predictor\Base_Predictor.py:144: UserWarning: Sparse CSR tensor support is in beta state. If you miss a functionality in the sparse tensor support, please submit a feature request to https://github.com/pytorch/pytorch/issues. (Triggered internally at ..\aten\src\ATen\SparseCsrTensorImpl.cpp:55.)
    self.adj_csr = self.adj.to_sparse_csr().to(self.device)
[I 2026-04-27 13:59:26,236] Trial 76 finished with value: 0.3840265373819852 and parameters: {'lr': 0.005, 'weight_decay': 0.001, 'n_hidden': 32, 'n_layer': 3, 'dropout': 0.6794372991065805, 'knn_mode': 's', 'k': 19, 'dexp': 9.2423070872911, 'p_grd': 0.7921430456613142, 'unc_rem': 0.05635999988789844, 'unc_rel': 0.7780743230700885}. Best is trial 74 with value: 0.38872161265628985.
    [CPU] Loading amazon-ratings...
    DEBUG 3.1: Dataset init start
    DEBUG 3.2: prepare_data start amazon-ratings
    ----Data statistics------'
    Name: amazon-ratings
    #Nodes 24492
    #Edges 93050
    #Classes 5
    #Ave_degree 7.60
    ----Split statistics------'
    #Train samples 1224 (5.0 % of nodes)
    #Val samples 3673 (15.0 % of nodes)
    #Test samples 19595 (remaining)
    ----label noise information:------
    Instance dependent noise
    #Actual noise rate 0.50
    [cuda:0] LNPCC waiting for GPU slot...
    [cuda:0] Slot acquired (waited 667.8s). Starting GCN...
    FINAL_RESULT: {'acc': {'train': 0.2549019607843137, 'valid': 0.25864416008712227, 'test': 0.35070170961980096}, 'wall_s': 66.75, 'cpu_s': 63.6, 'gpu_s': 3.1, 'wait_s': 667.81}
    [Time] wall=66.7s | cpu=63.6s | gpu=3.1s
    C:\Users\fbrev\Documents\Acadêmico\Simulações\Python\NoisyGL\predictor\Base_Predictor.py:144: UserWarning: Sparse CSR tensor support is in beta state. If you miss a functionality in the sparse tensor support, please submit a feature request to https://github.com/pytorch/pytorch/issues. (Triggered internally at ..\aten\src\ATen\SparseCsrTensorImpl.cpp:55.)
    self.adj_csr = self.adj.to_sparse_csr().to(self.device)
[I 2026-04-27 14:11:47,419] Trial 77 finished with value: 0.35070170961980096 and parameters: {'lr': 0.1, 'weight_decay': 0.001, 'n_hidden': 32, 'n_layer': 3, 'dropout': 0.6182705722114819, 'knn_mode': 's', 'k': 25, 'dexp': 8.365092566102957, 'p_grd': 0.70027005336245, 'unc_rem': 0.17522238833321846, 'unc_rel': 0.6635403336524867}. Best is trial 74 with value: 0.38872161265628985.
    [CPU] Loading amazon-ratings...
    DEBUG 3.1: Dataset init start
    DEBUG 3.2: prepare_data start amazon-ratings
    ----Data statistics------'
    Name: amazon-ratings
    #Nodes 24492
    #Edges 93050
    #Classes 5
    #Ave_degree 7.60
    ----Split statistics------'
    #Train samples 1224 (5.0 % of nodes)
    #Val samples 3673 (15.0 % of nodes)
    #Test samples 19595 (remaining)
    ----label noise information:------
    Instance dependent noise
    #Actual noise rate 0.50
    [cuda:0] LNPCC waiting for GPU slot...
    [cuda:0] Slot acquired (waited 193.4s). Starting GCN...
    FINAL_RESULT: {'acc': {'train': 0.27295081967213114, 'valid': 0.2605499591614484, 'test': 0.3740750191375351}, 'wall_s': 57.28, 'cpu_s': 51.85, 'gpu_s': 5.37, 'wait_s': 193.41}
    [Time] wall=57.3s | cpu=51.9s | gpu=5.4s
    C:\Users\fbrev\Documents\Acadêmico\Simulações\Python\NoisyGL\predictor\Base_Predictor.py:144: UserWarning: Sparse CSR tensor support is in beta state. If you miss a functionality in the sparse tensor support, please submit a feature request to https://github.com/pytorch/pytorch/issues. (Triggered internally at ..\aten\src\ATen\SparseCsrTensorImpl.cpp:55.)
    self.adj_csr = self.adj.to_sparse_csr().to(self.device)
[I 2026-04-27 14:16:04,208] Trial 78 finished with value: 0.3740750191375351 and parameters: {'lr': 0.005, 'weight_decay': 0.001, 'n_hidden': 128, 'n_layer': 3, 'dropout': 0.7449591697236339, 'knn_mode': 's', 'k': 16, 'dexp': 9.58247489126675, 'p_grd': 0.5169372788573025, 'unc_rem': 0.1157977172806092, 'unc_rel': 0.5334455097875943}. Best is trial 74 with value: 0.38872161265628985.
    [CPU] Loading amazon-ratings...
    DEBUG 3.1: Dataset init start
    DEBUG 3.2: prepare_data start amazon-ratings
    ----Data statistics------'
    Name: amazon-ratings
    #Nodes 24492
    #Edges 93050
    #Classes 5
    #Ave_degree 7.60
    ----Split statistics------'
    #Train samples 1224 (5.0 % of nodes)
    #Val samples 3673 (15.0 % of nodes)
    #Test samples 19595 (remaining)
    ----label noise information:------
    Instance dependent noise
    #Actual noise rate 0.50
    [cuda:0] LNPCC waiting for GPU slot...
    [cuda:0] Slot acquired (waited 172.4s). Starting GCN...
    FINAL_RESULT: {'acc': {'train': 0.30718954248366015, 'valid': 0.2638170432888647, 'test': 0.38453687165093137}, 'wall_s': 68.25, 'cpu_s': 64.94, 'gpu_s': 3.27, 'wait_s': 172.37}
    [Time] wall=68.3s | cpu=64.9s | gpu=3.3s
    C:\Users\fbrev\Documents\Acadêmico\Simulações\Python\NoisyGL\predictor\Base_Predictor.py:144: UserWarning: Sparse CSR tensor support is in beta state. If you miss a functionality in the sparse tensor support, please submit a feature request to https://github.com/pytorch/pytorch/issues. (Triggered internally at ..\aten\src\ATen\SparseCsrTensorImpl.cpp:55.)
    self.adj_csr = self.adj.to_sparse_csr().to(self.device)
[I 2026-04-27 14:20:11,328] Trial 79 finished with value: 0.38453687165093137 and parameters: {'lr': 0.005, 'weight_decay': 0.001, 'n_hidden': 32, 'n_layer': 3, 'dropout': 0.7240542717251767, 'knn_mode': 's', 'k': 21, 'dexp': 7.9715972605991015, 'p_grd': 0.761226747252022, 'unc_rem': 0.37952935226386, 'unc_rel': 0.6344575775186992}. Best is trial 74 with value: 0.38872161265628985.
    [CPU] Loading amazon-ratings...
    DEBUG 3.1: Dataset init start
    DEBUG 3.2: prepare_data start amazon-ratings
    ----Data statistics------'
    Name: amazon-ratings
    #Nodes 24492
    #Edges 93050
    #Classes 5
    #Ave_degree 7.60
    ----Split statistics------'
    #Train samples 1224 (5.0 % of nodes)
    #Val samples 3673 (15.0 % of nodes)
    #Test samples 19595 (remaining)
    ----label noise information:------
    Instance dependent noise
    #Actual noise rate 0.50
    [cuda:0] LNPCC waiting for GPU slot...
    [cuda:0] Slot acquired (waited 669.9s). Starting GCN...
    FINAL_RESULT: {'acc': {'train': 0.2992641046606705, 'valid': 0.2627280152463926, 'test': 0.385251339627456}, 'wall_s': 58.13, 'cpu_s': 55.1, 'gpu_s': 2.98, 'wait_s': 669.87}
    [Time] wall=58.1s | cpu=55.1s | gpu=3.0s
    C:\Users\fbrev\Documents\Acadêmico\Simulações\Python\NoisyGL\predictor\Base_Predictor.py:144: UserWarning: Sparse CSR tensor support is in beta state. If you miss a functionality in the sparse tensor support, please submit a feature request to https://github.com/pytorch/pytorch/issues. (Triggered internally at ..\aten\src\ATen\SparseCsrTensorImpl.cpp:55.)
    self.adj_csr = self.adj.to_sparse_csr().to(self.device)
[I 2026-04-27 14:32:25,527] Trial 80 finished with value: 0.385251339627456 and parameters: {'lr': 0.005, 'weight_decay': 0.001, 'n_hidden': 32, 'n_layer': 3, 'dropout': 0.7915482671183014, 'knn_mode': 's', 'k': 18, 'dexp': 8.81915487894676, 'p_grd': 0.8850396067750849, 'unc_rem': 0.15663963032515796, 'unc_rel': 0.8780048823365401}. Best is trial 74 with value: 0.38872161265628985.
    [CPU] Loading amazon-ratings...
    DEBUG 3.1: Dataset init start
    DEBUG 3.2: prepare_data start amazon-ratings
    ----Data statistics------'
    Name: amazon-ratings
    #Nodes 24492
    #Edges 93050
    #Classes 5
    #Ave_degree 7.60
    ----Split statistics------'
    #Train samples 1224 (5.0 % of nodes)
    #Val samples 3673 (15.0 % of nodes)
    #Test samples 19595 (remaining)
    ----label noise information:------
    Instance dependent noise
    #Actual noise rate 0.50
    [cuda:0] LNPCC waiting for GPU slot...
    [cuda:0] Slot acquired (waited 173.4s). Starting GCN...
    FINAL_RESULT: {'acc': {'train': 0.29098360655737704, 'valid': 0.26218350122515655, 'test': 0.38545547333503444}, 'wall_s': 67.65, 'cpu_s': 65.31, 'gpu_s': 2.28, 'wait_s': 173.44}
    [Time] wall=67.6s | cpu=65.3s | gpu=2.3s
    C:\Users\fbrev\Documents\Acadêmico\Simulações\Python\NoisyGL\predictor\Base_Predictor.py:144: UserWarning: Sparse CSR tensor support is in beta state. If you miss a functionality in the sparse tensor support, please submit a feature request to https://github.com/pytorch/pytorch/issues. (Triggered internally at ..\aten\src\ATen\SparseCsrTensorImpl.cpp:55.)
    self.adj_csr = self.adj.to_sparse_csr().to(self.device)
[I 2026-04-27 14:36:33,470] Trial 81 finished with value: 0.38545547333503444 and parameters: {'lr': 0.005, 'weight_decay': 0.001, 'n_hidden': 32, 'n_layer': 3, 'dropout': 0.7705860447805422, 'knn_mode': 's', 'k': 26, 'dexp': 7.249197605218961, 'p_grd': 0.8424629346022003, 'unc_rem': 0.08183214528312605, 'unc_rel': 0.5650129510551142}. Best is trial 74 with value: 0.38872161265628985.
    [CPU] Loading amazon-ratings...
    DEBUG 3.1: Dataset init start
    DEBUG 3.2: prepare_data start amazon-ratings
    ----Data statistics------'
    Name: amazon-ratings
    #Nodes 24492
    #Edges 93050
    #Classes 5
    #Ave_degree 7.60
    ----Split statistics------'
    #Train samples 1224 (5.0 % of nodes)
    #Val samples 3673 (15.0 % of nodes)
    #Test samples 19595 (remaining)
    ----label noise information:------
    Instance dependent noise
    #Actual noise rate 0.50
    [cuda:0] LNPCC waiting for GPU slot...
    [cuda:0] Slot acquired (waited 179.3s). Starting GCN...
    FINAL_RESULT: {'acc': {'train': 0.24019607843137256, 'valid': 0.2417642254288048, 'test': 0.36881857616738967}, 'wall_s': 55.56, 'cpu_s': 52.24, 'gpu_s': 3.28, 'wait_s': 179.35}
    [Time] wall=55.6s | cpu=52.2s | gpu=3.3s
    C:\Users\fbrev\Documents\Acadêmico\Simulações\Python\NoisyGL\predictor\Base_Predictor.py:144: UserWarning: Sparse CSR tensor support is in beta state. If you miss a functionality in the sparse tensor support, please submit a feature request to https://github.com/pytorch/pytorch/issues. (Triggered internally at ..\aten\src\ATen\SparseCsrTensorImpl.cpp:55.)
    self.adj_csr = self.adj.to_sparse_csr().to(self.device)
[I 2026-04-27 14:40:34,222] Trial 82 finished with value: 0.36881857616738967 and parameters: {'lr': 0.01, 'weight_decay': 0.01, 'n_hidden': 32, 'n_layer': 3, 'dropout': 0.6609518788339246, 'knn_mode': 's', 'k': 31, 'dexp': 8.889795466457148, 'p_grd': 0.8088039956313267, 'unc_rem': 0.32329035438813014, 'unc_rel': 0.48129715984284566}. Best is trial 74 with value: 0.38872161265628985.
    [CPU] Loading amazon-ratings...
    DEBUG 3.1: Dataset init start
    DEBUG 3.2: prepare_data start amazon-ratings
    ----Data statistics------'
    Name: amazon-ratings
    #Nodes 24492
    #Edges 93050
    #Classes 5
    #Ave_degree 7.60
    ----Split statistics------'
    #Train samples 1224 (5.0 % of nodes)
    #Val samples 3673 (15.0 % of nodes)
    #Test samples 19595 (remaining)
    ----label noise information:------
    Instance dependent noise
    #Actual noise rate 0.50
    [cuda:0] LNPCC waiting for GPU slot...
    [cuda:0] Slot acquired (waited 611.6s). Starting GCN...
    FINAL_RESULT: {'acc': {'train': 0.32107843137254904, 'valid': 0.25946093111897633, 'test': 0.3869864761418729}, 'wall_s': 138.13, 'cpu_s': 134.99, 'gpu_s': 3.09, 'wait_s': 611.59}
    [Time] wall=138.1s | cpu=135.0s | gpu=3.1s
    C:\Users\fbrev\Documents\Acadêmico\Simulações\Python\NoisyGL\predictor\Base_Predictor.py:144: UserWarning: Sparse CSR tensor support is in beta state. If you miss a functionality in the sparse tensor support, please submit a feature request to https://github.com/pytorch/pytorch/issues. (Triggered internally at ..\aten\src\ATen\SparseCsrTensorImpl.cpp:55.)
    self.adj_csr = self.adj.to_sparse_csr().to(self.device)
[I 2026-04-27 14:53:10,580] Trial 83 finished with value: 0.3869864761418729 and parameters: {'lr': 0.005, 'weight_decay': 0.001, 'n_hidden': 32, 'n_layer': 3, 'dropout': 0.5388717507647949, 'knn_mode': 's', 'k': 23, 'dexp': 8.435703721720346, 'p_grd': 0.9733410004730967, 'unc_rem': 0.21124901488634956, 'unc_rel': 0.5856182883227029}. Best is trial 74 with value: 0.38872161265628985.
    [CPU] Loading amazon-ratings...
    DEBUG 3.1: Dataset init start
    DEBUG 3.2: prepare_data start amazon-ratings
    ----Data statistics------'
    Name: amazon-ratings
    #Nodes 24492
    #Edges 93050
    #Classes 5
    #Ave_degree 7.60
    ----Split statistics------'
    #Train samples 1224 (5.0 % of nodes)
    #Val samples 3673 (15.0 % of nodes)
    #Test samples 19595 (remaining)
    ----label noise information:------
    Instance dependent noise
    #Actual noise rate 0.50
    [cuda:0] LNPCC waiting for GPU slot...
    [cuda:0] Slot acquired (waited 108.6s). Starting GCN...
    FINAL_RESULT: {'acc': {'train': 0.3047385620915033, 'valid': 0.26000544514021234, 'test': 0.3859658076039806}, 'wall_s': 134.91, 'cpu_s': 131.9, 'gpu_s': 2.97, 'wait_s': 108.63}
    [Time] wall=134.9s | cpu=131.9s | gpu=3.0s
    C:\Users\fbrev\Documents\Acadêmico\Simulações\Python\NoisyGL\predictor\Base_Predictor.py:144: UserWarning: Sparse CSR tensor support is in beta state. If you miss a functionality in the sparse tensor support, please submit a feature request to https://github.com/pytorch/pytorch/issues. (Triggered internally at ..\aten\src\ATen\SparseCsrTensorImpl.cpp:55.)
    self.adj_csr = self.adj.to_sparse_csr().to(self.device)
[I 2026-04-27 14:57:20,571] Trial 84 finished with value: 0.3859658076039806 and parameters: {'lr': 0.005, 'weight_decay': 0.001, 'n_hidden': 32, 'n_layer': 3, 'dropout': 0.5427028697285247, 'knn_mode': 's', 'k': 22, 'dexp': 9.27547973368471, 'p_grd': 0.977999462340904, 'unc_rem': 0.2710668496068848, 'unc_rel': 0.4441774239356827}. Best is trial 74 with value: 0.38872161265628985.
    [CPU] Loading amazon-ratings...
    DEBUG 3.1: Dataset init start
    DEBUG 3.2: prepare_data start amazon-ratings
    ----Data statistics------'
    Name: amazon-ratings
    #Nodes 24492
    #Edges 93050
    #Classes 5
    #Ave_degree 7.60
    ----Split statistics------'
    #Train samples 1224 (5.0 % of nodes)
    #Val samples 3673 (15.0 % of nodes)
    #Test samples 19595 (remaining)
    ----label noise information:------
    Instance dependent noise
    #Actual noise rate 0.50
    [cuda:0] LNPCC waiting for GPU slot...
    [cuda:0] Slot acquired (waited 174.3s). Starting GCN...
    FINAL_RESULT: {'acc': {'train': 0.3205233033524121, 'valid': 0.2613667301933025, 'test': 0.385251339627456}, 'wall_s': 69.41, 'cpu_s': 66.0, 'gpu_s': 3.36, 'wait_s': 174.31}
    [Time] wall=69.4s | cpu=66.0s | gpu=3.4s
    C:\Users\fbrev\Documents\Acadêmico\Simulações\Python\NoisyGL\predictor\Base_Predictor.py:144: UserWarning: Sparse CSR tensor support is in beta state. If you miss a functionality in the sparse tensor support, please submit a feature request to https://github.com/pytorch/pytorch/issues. (Triggered internally at ..\aten\src\ATen\SparseCsrTensorImpl.cpp:55.)
    self.adj_csr = self.adj.to_sparse_csr().to(self.device)
