[I 2026-05-05 18:19:56,027] Trial 127 finished with value: 0.6801505174035748 and parameters: {'lr': 0.05, 'weight_decay': 0.0001, 'n_hidden': 64, 'n_layer': 3, 'dropout': 0.07849338414405978, 'knn_mode': 'd', 'k': 11, 'dexp': 1.6924592569185128, 'p_grd': 0.21577612533665513, 'unc_rem': 0.60833150265987, 'unc_rel': 0.9691656955914077}. Best is trial 118 with value: 0.7043408144066657.
    [CPU] Loading dblp...
    DEBUG 3.1: Dataset init start
    DEBUG 3.2: prepare_data start dblp
    ----Data statistics------'
    Name: dblp
    #Nodes 17716
    #Edges 52867
    #Classes 4
    #Ave_degree 5.97
    ----Split statistics------'
    #Train samples 177 (1.0 % of nodes)
    #Val samples 2657 (15.0 % of nodes)
    #Test samples 14882 (remaining)
    ----label noise information:------
    Instance dependent noise
    #Actual noise rate 0.50
    [cuda:0] LNPCC waiting for GPU slot...
    [cuda:0] Slot acquired (waited 164.6s). Starting GCN...
    FINAL_RESULT: {'acc': {'train': 0.5852272727272727, 'valid': 0.4015807301467821, 'test': 0.6422523854320655}, 'wall_s': 41.35, 'cpu_s': 38.07, 'gpu_s': 3.22, 'wait_s': 164.59}
    [Time] wall=41.3s | cpu=38.1s | gpu=3.2s
    C:\Users\fbrev\Documents\Acadêmico\Simulações\Python\NoisyGL\predictor\Base_Predictor.py:114: UserWarning: expandable_segments not supported on this platform (Triggered internally at ..\c10/cuda/CUDAAllocatorConfig.h:28.)
    self.edge_index = self._cpu_edge_index.to(self.device)
    C:\Users\fbrev\Documents\Acadêmico\Simulações\Python\NoisyGL\predictor\Base_Predictor.py:144: UserWarning: Sparse CSR tensor support is in beta state. If you miss a functionality in the sparse tensor support, please submit a feature request to https://github.com/pytorch/pytorch/issues. (Triggered internally at ..\aten\src\ATen\SparseCsrTensorImpl.cpp:55.)
    self.adj_csr = self.adj.to_sparse_csr().to(self.device)
[I 2026-05-05 18:23:27,759] Trial 128 finished with value: 0.6422523854320655 and parameters: {'lr': 0.001, 'weight_decay': 0.001, 'n_hidden': 64, 'n_layer': 3, 'dropout': 0.10764240102771763, 'knn_mode': 'd', 'k': 8, 'dexp': 2.6922566497813643, 'p_grd': 0.3352546297450382, 'unc_rem': 0.5773443513507899, 'unc_rel': 0.9264992094800091}. Best is trial 118 with value: 0.7043408144066657.
    [CPU] Loading dblp...
    DEBUG 3.1: Dataset init start
    DEBUG 3.2: prepare_data start dblp
    ----Data statistics------'
    Name: dblp
    #Nodes 17716
    #Edges 52867
    #Classes 4
    #Ave_degree 5.97
    ----Split statistics------'
    #Train samples 177 (1.0 % of nodes)
    #Val samples 2657 (15.0 % of nodes)
    #Test samples 14882 (remaining)
    ----label noise information:------
    Instance dependent noise
    #Actual noise rate 0.50
    [cuda:0] LNPCC waiting for GPU slot...
    [cuda:0] Slot acquired (waited 531.8s). Starting GCN...
    FINAL_RESULT: {'acc': {'train': 0.5755813953488372, 'valid': 0.3951825366955213, 'test': 0.6354656632173095}, 'wall_s': 40.1, 'cpu_s': 36.44, 'gpu_s': 3.59, 'wait_s': 531.8}
    [Time] wall=40.1s | cpu=36.4s | gpu=3.6s
    C:\Users\fbrev\Documents\Acadêmico\Simulações\Python\NoisyGL\predictor\Base_Predictor.py:114: UserWarning: expandable_segments not supported on this platform (Triggered internally at ..\c10/cuda/CUDAAllocatorConfig.h:28.)
    self.edge_index = self._cpu_edge_index.to(self.device)
    C:\Users\fbrev\Documents\Acadêmico\Simulações\Python\NoisyGL\predictor\Base_Predictor.py:144: UserWarning: Sparse CSR tensor support is in beta state. If you miss a functionality in the sparse tensor support, please submit a feature request to https://github.com/pytorch/pytorch/issues. (Triggered internally at ..\aten\src\ATen\SparseCsrTensorImpl.cpp:55.)
    self.adj_csr = self.adj.to_sparse_csr().to(self.device)
[I 2026-05-05 18:33:05,687] Trial 129 finished with value: 0.6354656632173095 and parameters: {'lr': 0.05, 'weight_decay': 0.001, 'n_hidden': 64, 'n_layer': 3, 'dropout': 0.0317420145634967, 'knn_mode': 'd', 'k': 12, 'dexp': 2.1569500523357537, 'p_grd': 0.1878312899064553, 'unc_rem': 0.6306182606633339, 'unc_rel': 0.8983193915633138}. Best is trial 118 with value: 0.7043408144066657.
    [CPU] Loading dblp...
    DEBUG 3.1: Dataset init start
    DEBUG 3.2: prepare_data start dblp
    ----Data statistics------'
    Name: dblp
    #Nodes 17716
    #Edges 52867
    #Classes 4
    #Ave_degree 5.97
    ----Split statistics------'
    #Train samples 177 (1.0 % of nodes)
    #Val samples 2657 (15.0 % of nodes)
    #Test samples 14882 (remaining)
    ----label noise information:------
    Instance dependent noise
    #Actual noise rate 0.50
    [cuda:0] LNPCC waiting for GPU slot...
    [cuda:0] Slot acquired (waited 141.4s). Starting GCN...
    FINAL_RESULT: {'acc': {'train': 0.5664739884393064, 'valid': 0.36356793375987956, 'test': 0.5634323343636608}, 'wall_s': 43.28, 'cpu_s': 39.47, 'gpu_s': 3.74, 'wait_s': 141.38}
    [Time] wall=43.3s | cpu=39.5s | gpu=3.7s
    C:\Users\fbrev\Documents\Acadêmico\Simulações\Python\NoisyGL\predictor\Base_Predictor.py:114: UserWarning: expandable_segments not supported on this platform (Triggered internally at ..\c10/cuda/CUDAAllocatorConfig.h:28.)
    self.edge_index = self._cpu_edge_index.to(self.device)
    C:\Users\fbrev\Documents\Acadêmico\Simulações\Python\NoisyGL\predictor\Base_Predictor.py:144: UserWarning: Sparse CSR tensor support is in beta state. If you miss a functionality in the sparse tensor support, please submit a feature request to https://github.com/pytorch/pytorch/issues. (Triggered internally at ..\aten\src\ATen\SparseCsrTensorImpl.cpp:55.)
    self.adj_csr = self.adj.to_sparse_csr().to(self.device)
[I 2026-05-05 18:36:16,426] Trial 130 finished with value: 0.5634323343636608 and parameters: {'lr': 0.05, 'weight_decay': 0.01, 'n_hidden': 64, 'n_layer': 3, 'dropout': 0.15007518170516349, 'knn_mode': 'd', 'k': 7, 'dexp': 1.487343687802067, 'p_grd': 0.2828246688210079, 'unc_rem': 0.4872566512842268, 'unc_rel': 0.9816451878524709}. Best is trial 118 with value: 0.7043408144066657.
    [CPU] Loading dblp...
    DEBUG 3.1: Dataset init start
    DEBUG 3.2: prepare_data start dblp
    ----Data statistics------'
    Name: dblp
    #Nodes 17716
    #Edges 52867
    #Classes 4
    #Ave_degree 5.97
    ----Split statistics------'
    #Train samples 177 (1.0 % of nodes)
    #Val samples 2657 (15.0 % of nodes)
    #Test samples 14882 (remaining)
    ----label noise information:------
    Instance dependent noise
    #Actual noise rate 0.50
    [cuda:0] LNPCC waiting for GPU slot...
    [cuda:0] Slot acquired (waited 331.3s). Starting GCN...
    FINAL_RESULT: {'acc': {'train': 0.6045197740112994, 'valid': 0.4034625517500941, 'test': 0.6667786587824217}, 'wall_s': 44.68, 'cpu_s': 41.17, 'gpu_s': 3.44, 'wait_s': 331.3}
    [Time] wall=44.7s | cpu=41.2s | gpu=3.4s
    C:\Users\fbrev\Documents\Acadêmico\Simulações\Python\NoisyGL\predictor\Base_Predictor.py:114: UserWarning: expandable_segments not supported on this platform (Triggered internally at ..\c10/cuda/CUDAAllocatorConfig.h:28.)
    self.edge_index = self._cpu_edge_index.to(self.device)
    C:\Users\fbrev\Documents\Acadêmico\Simulações\Python\NoisyGL\predictor\Base_Predictor.py:144: UserWarning: Sparse CSR tensor support is in beta state. If you miss a functionality in the sparse tensor support, please submit a feature request to https://github.com/pytorch/pytorch/issues. (Triggered internally at ..\aten\src\ATen\SparseCsrTensorImpl.cpp:55.)
    self.adj_csr = self.adj.to_sparse_csr().to(self.device)
[I 2026-05-05 18:42:38,525] Trial 131 finished with value: 0.6667786587824217 and parameters: {'lr': 0.05, 'weight_decay': 0.001, 'n_hidden': 64, 'n_layer': 3, 'dropout': 0.12950956842275008, 'knn_mode': 'd', 'k': 10, 'dexp': 2.9146377473753566, 'p_grd': 0.4083700332232947, 'unc_rem': 0.8791972348390203, 'unc_rel': 0.9971502022712785}. Best is trial 118 with value: 0.7043408144066657.
    [CPU] Loading dblp...
    DEBUG 3.1: Dataset init start
    DEBUG 3.2: prepare_data start dblp
    ----Data statistics------'
    Name: dblp
    #Nodes 17716
    #Edges 52867
    #Classes 4
    #Ave_degree 5.97
    ----Split statistics------'
    #Train samples 177 (1.0 % of nodes)
    #Val samples 2657 (15.0 % of nodes)
    #Test samples 14882 (remaining)
    ----label noise information:------
    Instance dependent noise
    #Actual noise rate 0.50
    [cuda:0] LNPCC waiting for GPU slot...
    [cuda:0] Slot acquired (waited 330.8s). Starting GCN...
    FINAL_RESULT: {'acc': {'train': 0.3684210526315789, 'valid': 0.4083552879187053, 'test': 0.6741029431528021}, 'wall_s': 43.64, 'cpu_s': 40.18, 'gpu_s': 3.38, 'wait_s': 330.77}
    [Time] wall=43.6s | cpu=40.2s | gpu=3.4s
    C:\Users\fbrev\Documents\Acadêmico\Simulações\Python\NoisyGL\predictor\Base_Predictor.py:114: UserWarning: expandable_segments not supported on this platform (Triggered internally at ..\c10/cuda/CUDAAllocatorConfig.h:28.)
    self.edge_index = self._cpu_edge_index.to(self.device)
    C:\Users\fbrev\Documents\Acadêmico\Simulações\Python\NoisyGL\predictor\Base_Predictor.py:144: UserWarning: Sparse CSR tensor support is in beta state. If you miss a functionality in the sparse tensor support, please submit a feature request to https://github.com/pytorch/pytorch/issues. (Triggered internally at ..\aten\src\ATen\SparseCsrTensorImpl.cpp:55.)
    self.adj_csr = self.adj.to_sparse_csr().to(self.device)
[I 2026-05-05 18:48:59,033] Trial 132 finished with value: 0.6741029431528021 and parameters: {'lr': 0.05, 'weight_decay': 0.001, 'n_hidden': 64, 'n_layer': 3, 'dropout': 0.06677549112698013, 'knn_mode': 'd', 'k': 6, 'dexp': 1.1866611602264245, 'p_grd': 0.25060391126095677, 'unc_rem': 0.5408919395366552, 'unc_rel': 0.9398335737430685}. Best is trial 118 with value: 0.7043408144066657.
    [CPU] Loading dblp...
    DEBUG 3.1: Dataset init start
    DEBUG 3.2: prepare_data start dblp
    ----Data statistics------'
    Name: dblp
    #Nodes 17716
    #Edges 52867
    #Classes 4
    #Ave_degree 5.97
    ----Split statistics------'
    #Train samples 177 (1.0 % of nodes)
    #Val samples 2657 (15.0 % of nodes)
    #Test samples 14882 (remaining)
    ----label noise information:------
    Instance dependent noise
    #Actual noise rate 0.50
    [cuda:0] LNPCC waiting for GPU slot...
    [cuda:0] Slot acquired (waited 329.1s). Starting GCN...
    FINAL_RESULT: {'acc': {'train': 0.5738636363636364, 'valid': 0.41475348136996615, 'test': 0.6838462572234915}, 'wall_s': 42.23, 'cpu_s': 38.84, 'gpu_s': 3.33, 'wait_s': 329.12}
    [Time] wall=42.2s | cpu=38.8s | gpu=3.3s
    C:\Users\fbrev\Documents\Acadêmico\Simulações\Python\NoisyGL\predictor\Base_Predictor.py:114: UserWarning: expandable_segments not supported on this platform (Triggered internally at ..\c10/cuda/CUDAAllocatorConfig.h:28.)
    self.edge_index = self._cpu_edge_index.to(self.device)
    C:\Users\fbrev\Documents\Acadêmico\Simulações\Python\NoisyGL\predictor\Base_Predictor.py:144: UserWarning: Sparse CSR tensor support is in beta state. If you miss a functionality in the sparse tensor support, please submit a feature request to https://github.com/pytorch/pytorch/issues. (Triggered internally at ..\aten\src\ATen\SparseCsrTensorImpl.cpp:55.)
    self.adj_csr = self.adj.to_sparse_csr().to(self.device)
[I 2026-05-05 18:55:16,418] Trial 133 finished with value: 0.6838462572234915 and parameters: {'lr': 0.05, 'weight_decay': 0.001, 'n_hidden': 64, 'n_layer': 3, 'dropout': 0.2444578619610533, 'knn_mode': 'd', 'k': 13, 'dexp': 2.280798488977063, 'p_grd': 0.22316253707470662, 'unc_rem': 0.8293119460009507, 'unc_rel': 0.8647492029088314}. Best is trial 118 with value: 0.7043408144066657.
    [CPU] Loading dblp...
    DEBUG 3.1: Dataset init start
    DEBUG 3.2: prepare_data start dblp
    ----Data statistics------'
    Name: dblp
    #Nodes 17716
    #Edges 52867
    #Classes 4
    #Ave_degree 5.97
    ----Split statistics------'
    #Train samples 177 (1.0 % of nodes)
    #Val samples 2657 (15.0 % of nodes)
    #Test samples 14882 (remaining)
    ----label noise information:------
    Instance dependent noise
    #Actual noise rate 0.50
    [cuda:0] LNPCC waiting for GPU slot...
    [cuda:0] Slot acquired (waited 140.8s). Starting GCN...
    FINAL_RESULT: {'acc': {'train': 0.5964912280701754, 'valid': 0.41437711704930374, 'test': 0.6788066120145142}, 'wall_s': 45.15, 'cpu_s': 41.7, 'gpu_s': 3.38, 'wait_s': 140.75}
    [Time] wall=45.1s | cpu=41.7s | gpu=3.4s
    C:\Users\fbrev\Documents\Acadêmico\Simulações\Python\NoisyGL\predictor\Base_Predictor.py:114: UserWarning: expandable_segments not supported on this platform (Triggered internally at ..\c10/cuda/CUDAAllocatorConfig.h:28.)
    self.edge_index = self._cpu_edge_index.to(self.device)
    C:\Users\fbrev\Documents\Acadêmico\Simulações\Python\NoisyGL\predictor\Base_Predictor.py:144: UserWarning: Sparse CSR tensor support is in beta state. If you miss a functionality in the sparse tensor support, please submit a feature request to https://github.com/pytorch/pytorch/issues. (Triggered internally at ..\aten\src\ATen\SparseCsrTensorImpl.cpp:55.)
    self.adj_csr = self.adj.to_sparse_csr().to(self.device)
[I 2026-05-05 18:58:28,450] Trial 134 finished with value: 0.6788066120145142 and parameters: {'lr': 0.05, 'weight_decay': 0.001, 'n_hidden': 64, 'n_layer': 3, 'dropout': 0.18012836211454517, 'knn_mode': 'd', 'k': 15, 'dexp': 2.4328772916348225, 'p_grd': 0.21643761523511623, 'unc_rem': 0.7385598461510422, 'unc_rel': 0.8276092426353595}. Best is trial 118 with value: 0.7043408144066657.
    [CPU] Loading dblp...
    DEBUG 3.1: Dataset init start
    DEBUG 3.2: prepare_data start dblp
    ----Data statistics------'
    Name: dblp
    #Nodes 17716
    #Edges 52867
    #Classes 4
    #Ave_degree 5.97
    ----Split statistics------'
    #Train samples 177 (1.0 % of nodes)
    #Val samples 2657 (15.0 % of nodes)
    #Test samples 14882 (remaining)
    ----label noise information:------
    Instance dependent noise
    #Actual noise rate 0.50
    [cuda:0] LNPCC waiting for GPU slot...
    [cuda:0] Slot acquired (waited 322.0s). Starting GCN...
    FINAL_RESULT: {'acc': {'train': 0.5606936416184971, 'valid': 0.4072261949567181, 'test': 0.6706759844106975}, 'wall_s': 41.86, 'cpu_s': 38.53, 'gpu_s': 3.27, 'wait_s': 322.02}
    [Time] wall=41.9s | cpu=38.5s | gpu=3.3s
    C:\Users\fbrev\Documents\Acadêmico\Simulações\Python\NoisyGL\predictor\Base_Predictor.py:114: UserWarning: expandable_segments not supported on this platform (Triggered internally at ..\c10/cuda/CUDAAllocatorConfig.h:28.)
    self.edge_index = self._cpu_edge_index.to(self.device)
    C:\Users\fbrev\Documents\Acadêmico\Simulações\Python\NoisyGL\predictor\Base_Predictor.py:144: UserWarning: Sparse CSR tensor support is in beta state. If you miss a functionality in the sparse tensor support, please submit a feature request to https://github.com/pytorch/pytorch/issues. (Triggered internally at ..\aten\src\ATen\SparseCsrTensorImpl.cpp:55.)
    self.adj_csr = self.adj.to_sparse_csr().to(self.device)
[I 2026-05-05 19:04:38,538] Trial 135 finished with value: 0.6706759844106975 and parameters: {'lr': 0.05, 'weight_decay': 0.001, 'n_hidden': 64, 'n_layer': 3, 'dropout': 0.039684925434661775, 'knn_mode': 'd', 'k': 13, 'dexp': 2.1156123603662667, 'p_grd': 0.2307794545121782, 'unc_rem': 0.896277466114189, 'unc_rel': 0.7737897943656592}. Best is trial 118 with value: 0.7043408144066657.
    [CPU] Loading dblp...
    DEBUG 3.1: Dataset init start
    DEBUG 3.2: prepare_data start dblp
    ----Data statistics------'
    Name: dblp
    #Nodes 17716
    #Edges 52867
    #Classes 4
    #Ave_degree 5.97
    ----Split statistics------'
    #Train samples 177 (1.0 % of nodes)
    #Val samples 2657 (15.0 % of nodes)
    #Test samples 14882 (remaining)
    ----label noise information:------
    Instance dependent noise
    #Actual noise rate 0.50
    [cuda:0] LNPCC waiting for GPU slot...
    [cuda:0] Slot acquired (waited 515.6s). Starting GCN...
    FINAL_RESULT: {'acc': {'train': 0.6363636363636364, 'valid': 0.4038389160707565, 'test': 0.667517806746405}, 'wall_s': 40.74, 'cpu_s': 37.47, 'gpu_s': 3.21, 'wait_s': 515.58}
    [Time] wall=40.7s | cpu=37.5s | gpu=3.2s
    C:\Users\fbrev\Documents\Acadêmico\Simulações\Python\NoisyGL\predictor\Base_Predictor.py:114: UserWarning: expandable_segments not supported on this platform (Triggered internally at ..\c10/cuda/CUDAAllocatorConfig.h:28.)
    self.edge_index = self._cpu_edge_index.to(self.device)
    C:\Users\fbrev\Documents\Acadêmico\Simulações\Python\NoisyGL\predictor\Base_Predictor.py:144: UserWarning: Sparse CSR tensor support is in beta state. If you miss a functionality in the sparse tensor support, please submit a feature request to https://github.com/pytorch/pytorch/issues. (Triggered internally at ..\aten\src\ATen\SparseCsrTensorImpl.cpp:55.)
    self.adj_csr = self.adj.to_sparse_csr().to(self.device)
[I 2026-05-05 19:14:00,431] Trial 136 finished with value: 0.667517806746405 and parameters: {'lr': 0.05, 'weight_decay': 0.001, 'n_hidden': 64, 'n_layer': 3, 'dropout': 0.24948128002952846, 'knn_mode': 'd', 'k': 11, 'dexp': 2.6236217086582294, 'p_grd': 0.31129010696515214, 'unc_rem': 0.7103599171191244, 'unc_rel': 0.8591202349440396}. Best is trial 118 with value: 0.7043408144066657.
    [CPU] Loading dblp...
    DEBUG 3.1: Dataset init start
    DEBUG 3.2: prepare_data start dblp
    ----Data statistics------'
    Name: dblp
    #Nodes 17716
    #Edges 52867
    #Classes 4
    #Ave_degree 5.97
    ----Split statistics------'
    #Train samples 177 (1.0 % of nodes)
    #Val samples 2657 (15.0 % of nodes)
    #Test samples 14882 (remaining)
    ----label noise information:------
    Instance dependent noise
    #Actual noise rate 0.50
    [cuda:0] LNPCC waiting for GPU slot...
    [cuda:0] Slot acquired (waited 681.1s). Starting GCN...
    FINAL_RESULT: {'acc': {'train': 0.5730994152046783, 'valid': 0.39104252916823484, 'test': 0.6258567396855261}, 'wall_s': 39.09, 'cpu_s': 35.79, 'gpu_s': 3.23, 'wait_s': 681.15}
    [Time] wall=39.1s | cpu=35.8s | gpu=3.2s
    C:\Users\fbrev\Documents\Acadêmico\Simulações\Python\NoisyGL\predictor\Base_Predictor.py:114: UserWarning: expandable_segments not supported on this platform (Triggered internally at ..\c10/cuda/CUDAAllocatorConfig.h:28.)
    self.edge_index = self._cpu_edge_index.to(self.device)
    C:\Users\fbrev\Documents\Acadêmico\Simulações\Python\NoisyGL\predictor\Base_Predictor.py:144: UserWarning: Sparse CSR tensor support is in beta state. If you miss a functionality in the sparse tensor support, please submit a feature request to https://github.com/pytorch/pytorch/issues. (Triggered internally at ..\aten\src\ATen\SparseCsrTensorImpl.cpp:55.)
    self.adj_csr = self.adj.to_sparse_csr().to(self.device)
[I 2026-05-05 19:26:06,163] Trial 137 finished with value: 0.6258567396855261 and parameters: {'lr': 0.05, 'weight_decay': 0.001, 'n_hidden': 64, 'n_layer': 3, 'dropout': 0.2182003649650695, 'knn_mode': 'd', 'k': 12, 'dexp': 1.6555656277536892, 'p_grd': 0.12652584251880614, 'unc_rem': 0.6734396224110117, 'unc_rel': 0.9127588394329615}. Best is trial 118 with value: 0.7043408144066657.
    [CPU] Loading dblp...
    DEBUG 3.1: Dataset init start
    DEBUG 3.2: prepare_data start dblp
    ----Data statistics------'
    Name: dblp
    #Nodes 17716
    #Edges 52867
    #Classes 4
    #Ave_degree 5.97
    ----Split statistics------'
    #Train samples 177 (1.0 % of nodes)
    #Val samples 2657 (15.0 % of nodes)
    #Test samples 14882 (remaining)
    ----label noise information:------
    Instance dependent noise
    #Actual noise rate 0.50
    [cuda:0] LNPCC waiting for GPU slot...
    [cuda:0] Slot acquired (waited 137.3s). Starting GCN...
    FINAL_RESULT: {'acc': {'train': 0.28160919540229884, 'valid': 0.4083552879187053, 'test': 0.6794113694395915}, 'wall_s': 41.28, 'cpu_s': 37.89, 'gpu_s': 3.32, 'wait_s': 137.32}
    [Time] wall=41.3s | cpu=37.9s | gpu=3.3s
    C:\Users\fbrev\Documents\Acadêmico\Simulações\Python\NoisyGL\predictor\Base_Predictor.py:114: UserWarning: expandable_segments not supported on this platform (Triggered internally at ..\c10/cuda/CUDAAllocatorConfig.h:28.)
    self.edge_index = self._cpu_edge_index.to(self.device)
    C:\Users\fbrev\Documents\Acadêmico\Simulações\Python\NoisyGL\predictor\Base_Predictor.py:144: UserWarning: Sparse CSR tensor support is in beta state. If you miss a functionality in the sparse tensor support, please submit a feature request to https://github.com/pytorch/pytorch/issues. (Triggered internally at ..\aten\src\ATen\SparseCsrTensorImpl.cpp:55.)
    self.adj_csr = self.adj.to_sparse_csr().to(self.device)
