[I 2026-04-27 18:13:18,896] Trial 111 finished with value: 0.35856085736157184 and parameters: {'lr': 0.1, 'weight_decay': 0.001, 'n_hidden': 256, 'n_layer': 3, 'dropout': 0.5182793614197335, 'knn_mode': 's', 'k': 14, 'dexp': 9.272721546122703, 'p_grd': 0.8520093465004227, 'unc_rem': 0.4839444460995116, 'unc_rel': 0.30019070883492216}. Best is trial 99 with value: 0.3894871140597091.
    [CPU] Loading amazon-ratings...
    DEBUG 3.1: Dataset init start
    DEBUG 3.2: prepare_data start amazon-ratings
    ----Data statistics------'
    Name: amazon-ratings
    #Nodes 24492
    #Edges 93050
    #Classes 5
    #Ave_degree 7.60
    ----Split statistics------'
    #Train samples 1224 (5.0 % of nodes)
    #Val samples 3673 (15.0 % of nodes)
    #Test samples 19595 (remaining)
    ----label noise information:------
    Instance dependent noise
    #Actual noise rate 0.50
    [cuda:0] LNPCC waiting for GPU slot...
    [cuda:0] Slot acquired (waited 176.9s). Starting GCN...
    FINAL_RESULT: {'acc': {'train': 0.3137254901960784, 'valid': 0.26000544514021234, 'test': 0.38739474355702985}, 'wall_s': 61.98, 'cpu_s': 58.74, 'gpu_s': 3.19, 'wait_s': 176.9}
    [Time] wall=62.0s | cpu=58.7s | gpu=3.2s
    C:\Users\fbrev\Documents\Acadêmico\Simulações\Python\NoisyGL\predictor\Base_Predictor.py:144: UserWarning: Sparse CSR tensor support is in beta state. If you miss a functionality in the sparse tensor support, please submit a feature request to https://github.com/pytorch/pytorch/issues. (Triggered internally at ..\aten\src\ATen\SparseCsrTensorImpl.cpp:55.)
    self.adj_csr = self.adj.to_sparse_csr().to(self.device)
[I 2026-04-27 18:17:23,745] Trial 112 finished with value: 0.38739474355702985 and parameters: {'lr': 0.005, 'weight_decay': 0.001, 'n_hidden': 32, 'n_layer': 3, 'dropout': 0.489219545025105, 'knn_mode': 's', 'k': 15, 'dexp': 9.98370678842996, 'p_grd': 0.7824105717317574, 'unc_rem': 0.5329514526855573, 'unc_rel': 0.26894970352482467}. Best is trial 99 with value: 0.3894871140597091.
    [CPU] Loading amazon-ratings...
    DEBUG 3.1: Dataset init start
    DEBUG 3.2: prepare_data start amazon-ratings
    ----Data statistics------'
    Name: amazon-ratings
    #Nodes 24492
    #Edges 93050
    #Classes 5
    #Ave_degree 7.60
    ----Split statistics------'
    #Train samples 1224 (5.0 % of nodes)
    #Val samples 3673 (15.0 % of nodes)
    #Test samples 19595 (remaining)
    ----label noise information:------
    Instance dependent noise
    #Actual noise rate 0.50
    [cuda:0] LNPCC waiting for GPU slot...
    [cuda:0] Slot acquired (waited 173.8s). Starting GCN...
    FINAL_RESULT: {'acc': {'train': 0.3047385620915033, 'valid': 0.25973318812959434, 'test': 0.3862209747384537}, 'wall_s': 65.63, 'cpu_s': 62.33, 'gpu_s': 3.25, 'wait_s': 173.76}
    [Time] wall=65.6s | cpu=62.3s | gpu=3.2s
    C:\Users\fbrev\Documents\Acadêmico\Simulações\Python\NoisyGL\predictor\Base_Predictor.py:144: UserWarning: Sparse CSR tensor support is in beta state. If you miss a functionality in the sparse tensor support, please submit a feature request to https://github.com/pytorch/pytorch/issues. (Triggered internally at ..\aten\src\ATen\SparseCsrTensorImpl.cpp:55.)
    self.adj_csr = self.adj.to_sparse_csr().to(self.device)
[I 2026-04-27 18:21:29,446] Trial 113 finished with value: 0.3862209747384537 and parameters: {'lr': 0.005, 'weight_decay': 0.001, 'n_hidden': 32, 'n_layer': 3, 'dropout': 0.4901981107776026, 'knn_mode': 's', 'k': 15, 'dexp': 9.976785910333504, 'p_grd': 0.7764464956376784, 'unc_rem': 0.5254163126577649, 'unc_rel': 0.22780055963982804}. Best is trial 99 with value: 0.3894871140597091.
    [CPU] Loading amazon-ratings...
    DEBUG 3.1: Dataset init start
    DEBUG 3.2: prepare_data start amazon-ratings
    ----Data statistics------'
    Name: amazon-ratings
    #Nodes 24492
    #Edges 93050
    #Classes 5
    #Ave_degree 7.60
    ----Split statistics------'
    #Train samples 1224 (5.0 % of nodes)
    #Val samples 3673 (15.0 % of nodes)
    #Test samples 19595 (remaining)
    ----label noise information:------
    Instance dependent noise
    #Actual noise rate 0.50
    [cuda:0] LNPCC waiting for GPU slot...
    [cuda:0] Slot acquired (waited 437.7s). Starting GCN...
    FINAL_RESULT: {'acc': {'train': 0.31699346405228757, 'valid': 0.2602777021508304, 'test': 0.3871906098494514}, 'wall_s': 61.05, 'cpu_s': 58.22, 'gpu_s': 2.78, 'wait_s': 437.7}
    [Time] wall=61.1s | cpu=58.2s | gpu=2.8s
    C:\Users\fbrev\Documents\Acadêmico\Simulações\Python\NoisyGL\predictor\Base_Predictor.py:144: UserWarning: Sparse CSR tensor support is in beta state. If you miss a functionality in the sparse tensor support, please submit a feature request to https://github.com/pytorch/pytorch/issues. (Triggered internally at ..\aten\src\ATen\SparseCsrTensorImpl.cpp:55.)
    self.adj_csr = self.adj.to_sparse_csr().to(self.device)
[I 2026-04-27 18:29:54,849] Trial 114 finished with value: 0.3871906098494514 and parameters: {'lr': 0.005, 'weight_decay': 0.001, 'n_hidden': 32, 'n_layer': 3, 'dropout': 0.4582142099992412, 'knn_mode': 's', 'k': 8, 'dexp': 9.407636556044457, 'p_grd': 0.8023070312572936, 'unc_rem': 0.4666651327228174, 'unc_rel': 0.3258969877847243}. Best is trial 99 with value: 0.3894871140597091.
    [CPU] Loading amazon-ratings...
    DEBUG 3.1: Dataset init start
    DEBUG 3.2: prepare_data start amazon-ratings
    ----Data statistics------'
    Name: amazon-ratings
    #Nodes 24492
    #Edges 93050
    #Classes 5
    #Ave_degree 7.60
    ----Split statistics------'
    #Train samples 1224 (5.0 % of nodes)
    #Val samples 3673 (15.0 % of nodes)
    #Test samples 19595 (remaining)
    ----label noise information:------
    Instance dependent noise
    #Actual noise rate 0.50
    [cuda:0] LNPCC waiting for GPU slot...
    [cuda:0] Slot acquired (waited 442.6s). Starting GCN...
    FINAL_RESULT: {'acc': {'train': 0.3022875816993464, 'valid': 0.2608222161720664, 'test': 0.38581270732329676}, 'wall_s': 57.35, 'cpu_s': 54.04, 'gpu_s': 3.26, 'wait_s': 442.63}
    [Time] wall=57.3s | cpu=54.0s | gpu=3.3s
    C:\Users\fbrev\Documents\Acadêmico\Simulações\Python\NoisyGL\predictor\Base_Predictor.py:144: UserWarning: Sparse CSR tensor support is in beta state. If you miss a functionality in the sparse tensor support, please submit a feature request to https://github.com/pytorch/pytorch/issues. (Triggered internally at ..\aten\src\ATen\SparseCsrTensorImpl.cpp:55.)
    self.adj_csr = self.adj.to_sparse_csr().to(self.device)
[I 2026-04-27 18:38:21,321] Trial 115 finished with value: 0.38581270732329676 and parameters: {'lr': 0.005, 'weight_decay': 0.001, 'n_hidden': 32, 'n_layer': 3, 'dropout': 0.5053523718714346, 'knn_mode': 's', 'k': 17, 'dexp': 9.620711833079588, 'p_grd': 0.7413060023102799, 'unc_rem': 0.43795791929710076, 'unc_rel': 0.27439976726566195}. Best is trial 99 with value: 0.3894871140597091.
    [CPU] Loading amazon-ratings...
    DEBUG 3.1: Dataset init start
    DEBUG 3.2: prepare_data start amazon-ratings
    ----Data statistics------'
    Name: amazon-ratings
    #Nodes 24492
    #Edges 93050
    #Classes 5
    #Ave_degree 7.60
    ----Split statistics------'
    #Train samples 1224 (5.0 % of nodes)
    #Val samples 3673 (15.0 % of nodes)
    #Test samples 19595 (remaining)
    ----label noise information:------
    Instance dependent noise
    #Actual noise rate 0.50
    [cuda:0] LNPCC waiting for GPU slot...
    [cuda:0] Slot acquired (waited 430.4s). Starting GCN...
    FINAL_RESULT: {'acc': {'train': 0.30800653594771243, 'valid': 0.25891641709774027, 'test': 0.3868844092880837}, 'wall_s': 69.6, 'cpu_s': 66.41, 'gpu_s': 3.15, 'wait_s': 430.42}
    [Time] wall=69.6s | cpu=66.4s | gpu=3.1s
    C:\Users\fbrev\Documents\Acadêmico\Simulações\Python\NoisyGL\predictor\Base_Predictor.py:144: UserWarning: Sparse CSR tensor support is in beta state. If you miss a functionality in the sparse tensor support, please submit a feature request to https://github.com/pytorch/pytorch/issues. (Triggered internally at ..\aten\src\ATen\SparseCsrTensorImpl.cpp:55.)
    self.adj_csr = self.adj.to_sparse_csr().to(self.device)
[I 2026-04-27 18:46:47,846] Trial 116 finished with value: 0.3868844092880837 and parameters: {'lr': 0.005, 'weight_decay': 0.001, 'n_hidden': 32, 'n_layer': 3, 'dropout': 0.4810784693298419, 'knn_mode': 's', 'k': 12, 'dexp': 8.924480187195218, 'p_grd': 0.8236011627467011, 'unc_rem': 0.553040383499791, 'unc_rel': 0.30847172049511407}. Best is trial 99 with value: 0.3894871140597091.
    [CPU] Loading amazon-ratings...
    DEBUG 3.1: Dataset init start
    DEBUG 3.2: prepare_data start amazon-ratings
    ----Data statistics------'
    Name: amazon-ratings
    #Nodes 24492
    #Edges 93050
    #Classes 5
    #Ave_degree 7.60
    ----Split statistics------'
    #Train samples 1224 (5.0 % of nodes)
    #Val samples 3673 (15.0 % of nodes)
    #Test samples 19595 (remaining)
    ----label noise information:------
    Instance dependent noise
    #Actual noise rate 0.50
    [cuda:0] LNPCC waiting for GPU slot...
    [cuda:0] Slot acquired (waited 404.3s). Starting GCN...
    FINAL_RESULT: {'acc': {'train': 0.3104575163398693, 'valid': 0.25755513204465014, 'test': 0.3846899719316152}, 'wall_s': 60.09, 'cpu_s': 56.77, 'gpu_s': 3.28, 'wait_s': 404.34}
    [Time] wall=60.1s | cpu=56.8s | gpu=3.3s
    C:\Users\fbrev\Documents\Acadêmico\Simulações\Python\NoisyGL\predictor\Base_Predictor.py:144: UserWarning: Sparse CSR tensor support is in beta state. If you miss a functionality in the sparse tensor support, please submit a feature request to https://github.com/pytorch/pytorch/issues. (Triggered internally at ..\aten\src\ATen\SparseCsrTensorImpl.cpp:55.)
    self.adj_csr = self.adj.to_sparse_csr().to(self.device)
[I 2026-04-27 18:54:38,474] Trial 117 finished with value: 0.3846899719316152 and parameters: {'lr': 0.005, 'weight_decay': 0.001, 'n_hidden': 32, 'n_layer': 3, 'dropout': 0.4165371364853974, 'knn_mode': 's', 'k': 18, 'dexp': 9.182238296638948, 'p_grd': 0.7049400158873909, 'unc_rem': 0.37636944002178163, 'unc_rel': 0.20972876127205226}. Best is trial 99 with value: 0.3894871140597091.
    [CPU] Loading amazon-ratings...
    DEBUG 3.1: Dataset init start
    DEBUG 3.2: prepare_data start amazon-ratings
    ----Data statistics------'
    Name: amazon-ratings
    #Nodes 24492
    #Edges 93050
    #Classes 5
    #Ave_degree 7.60
    ----Split statistics------'
    #Train samples 1224 (5.0 % of nodes)
    #Val samples 3673 (15.0 % of nodes)
    #Test samples 19595 (remaining)
    ----label noise information:------
    Instance dependent noise
    #Actual noise rate 0.50
    [cuda:0] LNPCC waiting for GPU slot...
    [cuda:0] Slot acquired (waited 173.8s). Starting GCN...
    FINAL_RESULT: {'acc': {'train': 0.3137254901960784, 'valid': 0.25891641709774027, 'test': 0.38770094411839756}, 'wall_s': 64.91, 'cpu_s': 61.62, 'gpu_s': 3.25, 'wait_s': 173.76}
    [Time] wall=64.9s | cpu=61.6s | gpu=3.2s
    C:\Users\fbrev\Documents\Acadêmico\Simulações\Python\NoisyGL\predictor\Base_Predictor.py:144: UserWarning: Sparse CSR tensor support is in beta state. If you miss a functionality in the sparse tensor support, please submit a feature request to https://github.com/pytorch/pytorch/issues. (Triggered internally at ..\aten\src\ATen\SparseCsrTensorImpl.cpp:55.)
    self.adj_csr = self.adj.to_sparse_csr().to(self.device)
[I 2026-04-27 18:58:43,821] Trial 118 finished with value: 0.38770094411839756 and parameters: {'lr': 0.005, 'weight_decay': 0.001, 'n_hidden': 32, 'n_layer': 3, 'dropout': 0.4527282383319986, 'knn_mode': 's', 'k': 16, 'dexp': 9.762661110523585, 'p_grd': 0.8400784282652084, 'unc_rem': 0.6257950821847111, 'unc_rel': 0.2658359171677557}. Best is trial 99 with value: 0.3894871140597091.
    [CPU] Loading amazon-ratings...
    DEBUG 3.1: Dataset init start
    DEBUG 3.2: prepare_data start amazon-ratings
    ----Data statistics------'
    Name: amazon-ratings
    #Nodes 24492
    #Edges 93050
    #Classes 5
    #Ave_degree 7.60
    ----Split statistics------'
    #Train samples 1224 (5.0 % of nodes)
    #Val samples 3673 (15.0 % of nodes)
    #Test samples 19595 (remaining)
    ----label noise information:------
    Instance dependent noise
    #Actual noise rate 0.50
    [cuda:0] LNPCC waiting for GPU slot...
    [cuda:0] Slot acquired (waited 416.0s). Starting GCN...
    FINAL_RESULT: {'acc': {'train': 0.4027777777777778, 'valid': 0.25973318812959434, 'test': 0.33120694054605765}, 'wall_s': 66.43, 'cpu_s': 60.72, 'gpu_s': 5.67, 'wait_s': 415.96}
    [Time] wall=66.4s | cpu=60.7s | gpu=5.7s
    C:\Users\fbrev\Documents\Acadêmico\Simulações\Python\NoisyGL\predictor\Base_Predictor.py:144: UserWarning: Sparse CSR tensor support is in beta state. If you miss a functionality in the sparse tensor support, please submit a feature request to https://github.com/pytorch/pytorch/issues. (Triggered internally at ..\aten\src\ATen\SparseCsrTensorImpl.cpp:55.)
    self.adj_csr = self.adj.to_sparse_csr().to(self.device)
[I 2026-04-27 19:06:52,456] Trial 119 finished with value: 0.33120694054605765 and parameters: {'lr': 0.005, 'weight_decay': 0.001, 'n_hidden': 128, 'n_layer': 3, 'dropout': 0.38655402623997276, 'knn_mode': 's', 'k': 16, 'dexp': 9.402875137621065, 'p_grd': 0.8382681247451936, 'unc_rem': 0.4581839325654332, 'unc_rel': 0.3620664965922179}. Best is trial 99 with value: 0.3894871140597091.
    [CPU] Loading amazon-ratings...
    DEBUG 3.1: Dataset init start
    DEBUG 3.2: prepare_data start amazon-ratings
    ----Data statistics------'
    Name: amazon-ratings
    #Nodes 24492
    #Edges 93050
    #Classes 5
    #Ave_degree 7.60
    ----Split statistics------'
    #Train samples 1224 (5.0 % of nodes)
    #Val samples 3673 (15.0 % of nodes)
    #Test samples 19595 (remaining)
    ----label noise information:------
    Instance dependent noise
    #Actual noise rate 0.50
    [cuda:0] LNPCC waiting for GPU slot...
    [cuda:0] Slot acquired (waited 170.7s). Starting GCN...
    FINAL_RESULT: {'acc': {'train': 0.309640522875817, 'valid': 0.25891641709774027, 'test': 0.38744577698392446}, 'wall_s': 68.79, 'cpu_s': 65.39, 'gpu_s': 3.35, 'wait_s': 170.74}
    [Time] wall=68.8s | cpu=65.4s | gpu=3.4s
    C:\Users\fbrev\Documents\Acadêmico\Simulações\Python\NoisyGL\predictor\Base_Predictor.py:144: UserWarning: Sparse CSR tensor support is in beta state. If you miss a functionality in the sparse tensor support, please submit a feature request to https://github.com/pytorch/pytorch/issues. (Triggered internally at ..\aten\src\ATen\SparseCsrTensorImpl.cpp:55.)
    self.adj_csr = self.adj.to_sparse_csr().to(self.device)
[I 2026-04-27 19:10:58,528] Trial 120 finished with value: 0.38744577698392446 and parameters: {'lr': 0.005, 'weight_decay': 0.001, 'n_hidden': 32, 'n_layer': 3, 'dropout': 0.45121213855360576, 'knn_mode': 's', 'k': 19, 'dexp': 9.684204867860714, 'p_grd': 0.8878614537880236, 'unc_rem': 0.4264320996455468, 'unc_rel': 0.42220855003492785}. Best is trial 99 with value: 0.3894871140597091.
    [CPU] Loading amazon-ratings...
    DEBUG 3.1: Dataset init start
    DEBUG 3.2: prepare_data start amazon-ratings
    ----Data statistics------'
    Name: amazon-ratings
    #Nodes 24492
    #Edges 93050
    #Classes 5
    #Ave_degree 7.60
    ----Split statistics------'
    #Train samples 1224 (5.0 % of nodes)
    #Val samples 3673 (15.0 % of nodes)
    #Test samples 19595 (remaining)
    ----label noise information:------
    Instance dependent noise
    #Actual noise rate 0.50
    [cuda:0] LNPCC waiting for GPU slot...
    [cuda:0] Slot acquired (waited 212.9s). Starting GCN...
    FINAL_RESULT: {'acc': {'train': 0.3903281519861831, 'valid': 0.25456030492785187, 'test': 0.37596325593263585}, 'wall_s': 28.93, 'cpu_s': 25.65, 'gpu_s': 3.23, 'wait_s': 212.86}
    [Time] wall=28.9s | cpu=25.7s | gpu=3.2s
    C:\Users\fbrev\Documents\Acadêmico\Simulações\Python\NoisyGL\predictor\Base_Predictor.py:144: UserWarning: Sparse CSR tensor support is in beta state. If you miss a functionality in the sparse tensor support, please submit a feature request to https://github.com/pytorch/pytorch/issues. (Triggered internally at ..\aten\src\ATen\SparseCsrTensorImpl.cpp:55.)
    self.adj_csr = self.adj.to_sparse_csr().to(self.device)
[I 2026-04-27 19:15:06,708] Trial 121 finished with value: 0.37596325593263585 and parameters: {'lr': 0.005, 'weight_decay': 0.001, 'n_hidden': 32, 'n_layer': 3, 'dropout': 0.06249475693850581, 'knn_mode': 's', 'k': 20, 'dexp': 8.804765150065847, 'p_grd': 0.025372584551408672, 'unc_rem': 0.5948768639423808, 'unc_rel': 0.3844340809300961}. Best is trial 99 with value: 0.3894871140597091.
    [CPU] Loading amazon-ratings...
    DEBUG 3.1: Dataset init start
    DEBUG 3.2: prepare_data start amazon-ratings
    ----Data statistics------'
    Name: amazon-ratings
    #Nodes 24492
    #Edges 93050
    #Classes 5
    #Ave_degree 7.60
    ----Split statistics------'
    #Train samples 1224 (5.0 % of nodes)
    #Val samples 3673 (15.0 % of nodes)
    #Test samples 19595 (remaining)
    ----label noise information:------
    Instance dependent noise
    #Actual noise rate 0.50
    [cuda:0] LNPCC waiting for GPU slot...
    [cuda:0] Slot acquired (waited 414.6s). Starting GCN...
    FINAL_RESULT: {'acc': {'train': 0.49673202614379086, 'valid': 0.2602777021508304, 'test': 0.3316152079612146}, 'wall_s': 68.36, 'cpu_s': 65.21, 'gpu_s': 3.09, 'wait_s': 414.56}
    [Time] wall=68.4s | cpu=65.2s | gpu=3.1s
    C:\Users\fbrev\Documents\Acadêmico\Simulações\Python\NoisyGL\predictor\Base_Predictor.py:144: UserWarning: Sparse CSR tensor support is in beta state. If you miss a functionality in the sparse tensor support, please submit a feature request to https://github.com/pytorch/pytorch/issues. (Triggered internally at ..\aten\src\ATen\SparseCsrTensorImpl.cpp:55.)
    self.adj_csr = self.adj.to_sparse_csr().to(self.device)
