[I 2026-04-29 17:30:38,858] Trial 38 finished with value: 0.36028681742967456 and parameters: {'lr': 0.005, 'weight_decay': 0.0001, 'n_hidden': 64, 'n_layer': 2, 'dropout': 0.2419928286975933, 'p_cutoff': 0.6636764176527609, 'edge_threshold': 0.4259051928353022}. Best is trial 26 with value: 0.3709873138444567.
    [CPU] Loading roman-empire...
    DEBUG 3.1: Dataset init start
    DEBUG 3.2: prepare_data start roman-empire
    ----Data statistics------'
    Name: roman-empire
    #Nodes 22662
    #Edges 32927
    #Classes 18
    #Ave_degree 2.91
    ----Split statistics------'
    #Train samples 1133 (5.0 % of nodes)
    #Val samples 3399 (15.0 % of nodes)
    #Test samples 18130 (remaining)
    ----label noise information:------
    Instance dependent noise
    #Actual noise rate 0.40
    [cuda:0] Waiting for GPU slot...
    [cuda:0] Slot acquired (waited 196.5s). Training...
    [NRGNN] Large dataset detected (22662 nodes). Using sampled similarity search.
    FINAL_RESULT: {'acc': {'train': 0.34774933804060015, 'valid': 0.235657546337158, 'test': 0.35190292333149475}, 'wall_s': 216.42, 'cpu_s': 13.04, 'gpu_s': 203.09, 'wait_s': 196.51}
    [Time] wall=216.4s | cpu=13.0s | gpu=203.1s
    C:\Users\fbrev\Documents\Acadêmico\Simulações\Python\NoisyGL\predictor\Base_Predictor.py:144: UserWarning: Sparse CSR tensor support is in beta state. If you miss a functionality in the sparse tensor support, please submit a feature request to https://github.com/pytorch/pytorch/issues. (Triggered internally at ..\aten\src\ATen\SparseCsrTensorImpl.cpp:55.)
    self.adj_csr = self.adj.to_sparse_csr().to(self.device)
[I 2026-04-29 17:37:38,380] Trial 39 finished with value: 0.35190292333149475 and parameters: {'lr': 0.005, 'weight_decay': 0.0, 'n_hidden': 32, 'n_layer': 2, 'dropout': 0.08134492932180204, 'p_cutoff': 0.6844764948852666, 'edge_threshold': 0.4851518160162006}. Best is trial 26 with value: 0.3709873138444567.
    [CPU] Loading roman-empire...
    DEBUG 3.1: Dataset init start
    DEBUG 3.2: prepare_data start roman-empire
    ----Data statistics------'
    Name: roman-empire
    #Nodes 22662
    #Edges 32927
    #Classes 18
    #Ave_degree 2.91
    ----Split statistics------'
    #Train samples 1133 (5.0 % of nodes)
    #Val samples 3399 (15.0 % of nodes)
    #Test samples 18130 (remaining)
    ----label noise information:------
    Instance dependent noise
    #Actual noise rate 0.40
    [cuda:0] Waiting for GPU slot...
    [cuda:0] Slot acquired (waited 185.4s). Training...
    [NRGNN] Large dataset detected (22662 nodes). Using sampled similarity search.
    FINAL_RESULT: {'acc': {'train': 0.3715798764342454, 'valid': 0.24301265077964107, 'test': 0.3682294539437397}, 'wall_s': 211.68, 'cpu_s': 12.09, 'gpu_s': 199.3, 'wait_s': 185.38}
    [Time] wall=211.7s | cpu=12.1s | gpu=199.3s
    C:\Users\fbrev\Documents\Acadêmico\Simulações\Python\NoisyGL\predictor\Base_Predictor.py:144: UserWarning: Sparse CSR tensor support is in beta state. If you miss a functionality in the sparse tensor support, please submit a feature request to https://github.com/pytorch/pytorch/issues. (Triggered internally at ..\aten\src\ATen\SparseCsrTensorImpl.cpp:55.)
    self.adj_csr = self.adj.to_sparse_csr().to(self.device)
[I 2026-04-29 17:44:22,023] Trial 40 finished with value: 0.3682294539437397 and parameters: {'lr': 0.005, 'weight_decay': 0.001, 'n_hidden': 64, 'n_layer': 2, 'dropout': 0.000815199695904878, 'p_cutoff': 0.5516960810966878, 'edge_threshold': 0.41174886884228257}. Best is trial 26 with value: 0.3709873138444567.
    [CPU] Loading roman-empire...
    DEBUG 3.1: Dataset init start
    DEBUG 3.2: prepare_data start roman-empire
    ----Data statistics------'
    Name: roman-empire
    #Nodes 22662
    #Edges 32927
    #Classes 18
    #Ave_degree 2.91
    ----Split statistics------'
    #Train samples 1133 (5.0 % of nodes)
    #Val samples 3399 (15.0 % of nodes)
    #Test samples 18130 (remaining)
    ----label noise information:------
    Instance dependent noise
    #Actual noise rate 0.40
    [cuda:0] Waiting for GPU slot...
    [cuda:0] Slot acquired (waited 188.7s). Training...
    [NRGNN] Large dataset detected (22662 nodes). Using sampled similarity search.
    FINAL_RESULT: {'acc': {'train': 0.36893203883495146, 'valid': 0.2444836716681377, 'test': 0.36845008273579705}, 'wall_s': 215.84, 'cpu_s': 12.61, 'gpu_s': 202.91, 'wait_s': 188.75}
    [Time] wall=215.8s | cpu=12.6s | gpu=202.9s
    C:\Users\fbrev\Documents\Acadêmico\Simulações\Python\NoisyGL\predictor\Base_Predictor.py:144: UserWarning: Sparse CSR tensor support is in beta state. If you miss a functionality in the sparse tensor support, please submit a feature request to https://github.com/pytorch/pytorch/issues. (Triggered internally at ..\aten\src\ATen\SparseCsrTensorImpl.cpp:55.)
    self.adj_csr = self.adj.to_sparse_csr().to(self.device)
