[I 2026-04-29 07:35:17,148] Trial 25 finished with value: 0.40711527854385 and parameters: {'lr': 0.01, 'weight_decay': 0.001, 'n_hidden': 64, 'n_layer': 2, 'dropout': 0.2711067989852231, 'p_cutoff': 0.09438328033138389, 'edge_threshold': 0.1086512870845178}. Best is trial 6 with value: 0.4145063430777716.
    [CPU] Loading roman-empire...
    DEBUG 3.1: Dataset init start
    DEBUG 3.2: prepare_data start roman-empire
    ----Data statistics------'
    Name: roman-empire
    #Nodes 22662
    #Edges 32927
    #Classes 18
    #Ave_degree 2.91
    ----Split statistics------'
    #Train samples 1133 (5.0 % of nodes)
    #Val samples 3399 (15.0 % of nodes)
    #Test samples 18130 (remaining)
    ----label noise information:------
    Instance dependent noise
    #Actual noise rate 0.13
    [cuda:1] Waiting for GPU slot...
    [cuda:1] Slot acquired (waited 0.0s). Training...
    [NRGNN] Large dataset detected (22662 nodes). Using sampled similarity search.
    FINAL_RESULT: {'acc': {'train': 0.5463371579876434, 'valid': 0.3574580759046778, 'test': 0.41020408163265304}, 'wall_s': 223.05, 'cpu_s': 13.41, 'gpu_s': 209.36, 'wait_s': 0.0}
    [Time] wall=223.1s | cpu=13.4s | gpu=209.4s
    C:\Users\fbrev\Documents\Acadêmico\Simulações\Python\NoisyGL\predictor\Base_Predictor.py:144: UserWarning: Sparse CSR tensor support is in beta state. If you miss a functionality in the sparse tensor support, please submit a feature request to https://github.com/pytorch/pytorch/issues. (Triggered internally at ..\aten\src\ATen\SparseCsrTensorImpl.cpp:55.)
    self.adj_csr = self.adj.to_sparse_csr().to(self.device)
[I 2026-04-29 07:39:07,628] Trial 26 finished with value: 0.41020408163265304 and parameters: {'lr': 0.005, 'weight_decay': 0.001, 'n_hidden': 32, 'n_layer': 2, 'dropout': 0.43498943960536246, 'p_cutoff': 0.2588315441128377, 'edge_threshold': 0.02449566962527766}. Best is trial 6 with value: 0.4145063430777716.
    [CPU] Loading roman-empire...
    DEBUG 3.1: Dataset init start
    DEBUG 3.2: prepare_data start roman-empire
    ----Data statistics------'
    Name: roman-empire
    #Nodes 22662
    #Edges 32927
    #Classes 18
    #Ave_degree 2.91
    ----Split statistics------'
    #Train samples 1133 (5.0 % of nodes)
    #Val samples 3399 (15.0 % of nodes)
    #Test samples 18130 (remaining)
    ----label noise information:------
    Instance dependent noise
    #Actual noise rate 0.13
    [cuda:1] Waiting for GPU slot...
    [cuda:1] Slot acquired (waited 0.0s). Training...
    [NRGNN] Large dataset detected (22662 nodes). Using sampled similarity search.
    FINAL_RESULT: {'acc': {'train': 0.5233892321270962, 'valid': 0.3592233009708738, 'test': 0.41274131274131276}, 'wall_s': 222.06, 'cpu_s': 13.6, 'gpu_s': 208.15, 'wait_s': 0.0}
    [Time] wall=222.1s | cpu=13.6s | gpu=208.2s
    C:\Users\fbrev\Documents\Acadêmico\Simulações\Python\NoisyGL\predictor\Base_Predictor.py:144: UserWarning: Sparse CSR tensor support is in beta state. If you miss a functionality in the sparse tensor support, please submit a feature request to https://github.com/pytorch/pytorch/issues. (Triggered internally at ..\aten\src\ATen\SparseCsrTensorImpl.cpp:55.)
    self.adj_csr = self.adj.to_sparse_csr().to(self.device)
[I 2026-04-29 07:42:56,995] Trial 27 finished with value: 0.41274131274131276 and parameters: {'lr': 0.005, 'weight_decay': 0.001, 'n_hidden': 32, 'n_layer': 2, 'dropout': 0.616029867084143, 'p_cutoff': 0.26123800750612636, 'edge_threshold': 0.027772662117412035}. Best is trial 6 with value: 0.4145063430777716.
    [CPU] Loading roman-empire...
    DEBUG 3.1: Dataset init start
    DEBUG 3.2: prepare_data start roman-empire
    ----Data statistics------'
    Name: roman-empire
    #Nodes 22662
    #Edges 32927
    #Classes 18
    #Ave_degree 2.91
    ----Split statistics------'
    #Train samples 1133 (5.0 % of nodes)
    #Val samples 3399 (15.0 % of nodes)
    #Test samples 18130 (remaining)
    ----label noise information:------
    Instance dependent noise
    #Actual noise rate 0.13
    [cuda:1] Waiting for GPU slot...
    [cuda:1] Slot acquired (waited 0.0s). Training...
    [NRGNN] Large dataset detected (22662 nodes). Using sampled similarity search.
    FINAL_RESULT: {'acc': {'train': 0.5260370697263901, 'valid': 0.35834068843777583, 'test': 0.4122448979591837}, 'wall_s': 227.84, 'cpu_s': 13.54, 'gpu_s': 214.01, 'wait_s': 0.0}
    [Time] wall=227.8s | cpu=13.5s | gpu=214.0s
    C:\Users\fbrev\Documents\Acadêmico\Simulações\Python\NoisyGL\predictor\Base_Predictor.py:144: UserWarning: Sparse CSR tensor support is in beta state. If you miss a functionality in the sparse tensor support, please submit a feature request to https://github.com/pytorch/pytorch/issues. (Triggered internally at ..\aten\src\ATen\SparseCsrTensorImpl.cpp:55.)
    self.adj_csr = self.adj.to_sparse_csr().to(self.device)
[I 2026-04-29 07:46:52,107] Trial 28 finished with value: 0.4122448979591837 and parameters: {'lr': 0.005, 'weight_decay': 0.001, 'n_hidden': 32, 'n_layer': 2, 'dropout': 0.6298825727342761, 'p_cutoff': 0.11869855279233017, 'edge_threshold': 0.1124674883251856}. Best is trial 6 with value: 0.4145063430777716.
    [CPU] Loading roman-empire...
    DEBUG 3.1: Dataset init start
    DEBUG 3.2: prepare_data start roman-empire
    ----Data statistics------'
    Name: roman-empire
    #Nodes 22662
    #Edges 32927
    #Classes 18
    #Ave_degree 2.91
    ----Split statistics------'
    #Train samples 1133 (5.0 % of nodes)
    #Val samples 3399 (15.0 % of nodes)
    #Test samples 18130 (remaining)
    ----label noise information:------
    Instance dependent noise
    #Actual noise rate 0.13
    [cuda:1] Waiting for GPU slot...
    [cuda:1] Slot acquired (waited 0.0s). Training...
    [NRGNN] Large dataset detected (22662 nodes). Using sampled similarity search.
    FINAL_RESULT: {'acc': {'train': 0.5330979699911739, 'valid': 0.3556928508384819, 'test': 0.4100937672366244}, 'wall_s': 221.85, 'cpu_s': 14.01, 'gpu_s': 207.58, 'wait_s': 0.0}
    [Time] wall=221.9s | cpu=14.0s | gpu=207.6s
    C:\Users\fbrev\Documents\Acadêmico\Simulações\Python\NoisyGL\predictor\Base_Predictor.py:144: UserWarning: Sparse CSR tensor support is in beta state. If you miss a functionality in the sparse tensor support, please submit a feature request to https://github.com/pytorch/pytorch/issues. (Triggered internally at ..\aten\src\ATen\SparseCsrTensorImpl.cpp:55.)
    self.adj_csr = self.adj.to_sparse_csr().to(self.device)
[I 2026-04-29 07:50:40,983] Trial 29 finished with value: 0.4100937672366244 and parameters: {'lr': 0.005, 'weight_decay': 0.001, 'n_hidden': 32, 'n_layer': 2, 'dropout': 0.002806379423843576, 'p_cutoff': 0.0903121746589735, 'edge_threshold': 0.0572081097813721}. Best is trial 6 with value: 0.4145063430777716.
    [CPU] Loading roman-empire...
    DEBUG 3.1: Dataset init start
    DEBUG 3.2: prepare_data start roman-empire
    ----Data statistics------'
    Name: roman-empire
    #Nodes 22662
    #Edges 32927
    #Classes 18
    #Ave_degree 2.91
    ----Split statistics------'
    #Train samples 1133 (5.0 % of nodes)
    #Val samples 3399 (15.0 % of nodes)
    #Test samples 18130 (remaining)
    ----label noise information:------
    Instance dependent noise
    #Actual noise rate 0.13
    [cuda:1] Waiting for GPU slot...
    [cuda:1] Slot acquired (waited 0.0s). Training...
    [NRGNN] Large dataset detected (22662 nodes). Using sampled similarity search.
    FINAL_RESULT: {'acc': {'train': 0.5366284201235657, 'valid': 0.3574580759046778, 'test': 0.4095973524544953}, 'wall_s': 217.02, 'cpu_s': 12.53, 'gpu_s': 204.22, 'wait_s': 0.0}
    [Time] wall=217.0s | cpu=12.5s | gpu=204.2s
    C:\Users\fbrev\Documents\Acadêmico\Simulações\Python\NoisyGL\predictor\Base_Predictor.py:144: UserWarning: Sparse CSR tensor support is in beta state. If you miss a functionality in the sparse tensor support, please submit a feature request to https://github.com/pytorch/pytorch/issues. (Triggered internally at ..\aten\src\ATen\SparseCsrTensorImpl.cpp:55.)
    self.adj_csr = self.adj.to_sparse_csr().to(self.device)
[I 2026-04-29 07:54:24,891] Trial 30 finished with value: 0.4095973524544953 and parameters: {'lr': 0.005, 'weight_decay': 0.001, 'n_hidden': 32, 'n_layer': 2, 'dropout': 0.5042203807347199, 'p_cutoff': 0.16923911566421249, 'edge_threshold': 0.013609900621536341}. Best is trial 6 with value: 0.4145063430777716.
    [CPU] Loading roman-empire...
    DEBUG 3.1: Dataset init start
    DEBUG 3.2: prepare_data start roman-empire
    ----Data statistics------'
    Name: roman-empire
    #Nodes 22662
    #Edges 32927
    #Classes 18
    #Ave_degree 2.91
    ----Split statistics------'
    #Train samples 1133 (5.0 % of nodes)
    #Val samples 3399 (15.0 % of nodes)
    #Test samples 18130 (remaining)
    ----label noise information:------
    Instance dependent noise
    #Actual noise rate 0.13
    [cuda:1] Waiting for GPU slot...
    [cuda:1] Slot acquired (waited 0.0s). Training...
    [NRGNN] Large dataset detected (22662 nodes). Using sampled similarity search.
    FINAL_RESULT: {'acc': {'train': 0.529567519858782, 'valid': 0.3577522800823772, 'test': 0.4125206839492554}, 'wall_s': 218.09, 'cpu_s': 13.31, 'gpu_s': 204.51, 'wait_s': 0.0}
    [Time] wall=218.1s | cpu=13.3s | gpu=204.5s
    C:\Users\fbrev\Documents\Acadêmico\Simulações\Python\NoisyGL\predictor\Base_Predictor.py:144: UserWarning: Sparse CSR tensor support is in beta state. If you miss a functionality in the sparse tensor support, please submit a feature request to https://github.com/pytorch/pytorch/issues. (Triggered internally at ..\aten\src\ATen\SparseCsrTensorImpl.cpp:55.)
    self.adj_csr = self.adj.to_sparse_csr().to(self.device)
[I 2026-04-29 07:58:09,760] Trial 31 finished with value: 0.4125206839492554 and parameters: {'lr': 0.005, 'weight_decay': 0.001, 'n_hidden': 32, 'n_layer': 2, 'dropout': 0.6269531659170468, 'p_cutoff': 0.07094791129475934, 'edge_threshold': 0.0964830263029301}. Best is trial 6 with value: 0.4145063430777716.
    [CPU] Loading roman-empire...
    DEBUG 3.1: Dataset init start
    DEBUG 3.2: prepare_data start roman-empire
    ----Data statistics------'
    Name: roman-empire
    #Nodes 22662
    #Edges 32927
    #Classes 18
    #Ave_degree 2.91
    ----Split statistics------'
    #Train samples 1133 (5.0 % of nodes)
    #Val samples 3399 (15.0 % of nodes)
    #Test samples 18130 (remaining)
    ----label noise information:------
    Instance dependent noise
    #Actual noise rate 0.13
    [cuda:1] Waiting for GPU slot...
    [cuda:1] Slot acquired (waited 0.0s). Training...
[I 2026-04-29 07:58:23,164] Trial 32 finished with value: 0.0 and parameters: {'lr': 0.005, 'weight_decay': 0.0001, 'n_hidden': 32, 'n_layer': 2, 'dropout': 0.7639762101076732, 'p_cutoff': 0.0672779094989342, 'edge_threshold': 0.10708392880906195}. Best is trial 6 with value: 0.4145063430777716.
    [CPU] Loading roman-empire...
    DEBUG 3.1: Dataset init start
    DEBUG 3.2: prepare_data start roman-empire
    ----Data statistics------'
    Name: roman-empire
    #Nodes 22662
    #Edges 32927
    #Classes 18
    #Ave_degree 2.91
    ----Split statistics------'
    #Train samples 1133 (5.0 % of nodes)
    #Val samples 3399 (15.0 % of nodes)
    #Test samples 18130 (remaining)
    ----label noise information:------
    Instance dependent noise
    #Actual noise rate 0.13
    [cuda:1] Waiting for GPU slot...
    [cuda:1] Slot acquired (waited 0.0s). Training...
    [NRGNN] Large dataset detected (22662 nodes). Using sampled similarity search.
    FINAL_RESULT: {'acc': {'train': 0.5419240953221536, 'valid': 0.3574580759046778, 'test': 0.41086596800882513}, 'wall_s': 227.4, 'cpu_s': 14.13, 'gpu_s': 212.99, 'wait_s': 0.0}
    [Time] wall=227.4s | cpu=14.1s | gpu=213.0s
    C:\Users\fbrev\Documents\Acadêmico\Simulações\Python\NoisyGL\predictor\Base_Predictor.py:144: UserWarning: Sparse CSR tensor support is in beta state. If you miss a functionality in the sparse tensor support, please submit a feature request to https://github.com/pytorch/pytorch/issues. (Triggered internally at ..\aten\src\ATen\SparseCsrTensorImpl.cpp:55.)
    self.adj_csr = self.adj.to_sparse_csr().to(self.device)
[I 2026-04-29 08:02:17,895] Trial 33 finished with value: 0.41086596800882513 and parameters: {'lr': 0.005, 'weight_decay': 0.001, 'n_hidden': 32, 'n_layer': 2, 'dropout': 0.5722257046807169, 'p_cutoff': 0.28998694677473663, 'edge_threshold': 0.050097751188731776}. Best is trial 6 with value: 0.4145063430777716.
    [CPU] Loading roman-empire...
    DEBUG 3.1: Dataset init start
    DEBUG 3.2: prepare_data start roman-empire
    ----Data statistics------'
    Name: roman-empire
    #Nodes 22662
    #Edges 32927
    #Classes 18
    #Ave_degree 2.91
    ----Split statistics------'
    #Train samples 1133 (5.0 % of nodes)
    #Val samples 3399 (15.0 % of nodes)
    #Test samples 18130 (remaining)
    ----label noise information:------
    Instance dependent noise
    #Actual noise rate 0.13
    [cuda:1] Waiting for GPU slot...
    [cuda:1] Slot acquired (waited 0.0s). Training...
    [NRGNN] Large dataset detected (22662 nodes). Using sampled similarity search.
    FINAL_RESULT: {'acc': {'train': 0.5445719329214475, 'valid': 0.3574580759046778, 'test': 0.4102592388306674}, 'wall_s': 224.78, 'cpu_s': 14.3, 'gpu_s': 210.19, 'wait_s': 0.0}
    [Time] wall=224.8s | cpu=14.3s | gpu=210.2s
    C:\Users\fbrev\Documents\Acadêmico\Simulações\Python\NoisyGL\predictor\Base_Predictor.py:144: UserWarning: Sparse CSR tensor support is in beta state. If you miss a functionality in the sparse tensor support, please submit a feature request to https://github.com/pytorch/pytorch/issues. (Triggered internally at ..\aten\src\ATen\SparseCsrTensorImpl.cpp:55.)
    self.adj_csr = self.adj.to_sparse_csr().to(self.device)
[I 2026-04-29 08:06:10,564] Trial 34 finished with value: 0.4102592388306674 and parameters: {'lr': 0.005, 'weight_decay': 0.0001, 'n_hidden': 32, 'n_layer': 2, 'dropout': 0.6362988629266562, 'p_cutoff': 0.05203439167963439, 'edge_threshold': 0.1232808217344519}. Best is trial 6 with value: 0.4145063430777716.
    [CPU] Loading roman-empire...
    DEBUG 3.1: Dataset init start
    DEBUG 3.2: prepare_data start roman-empire
    ----Data statistics------'
    Name: roman-empire
    #Nodes 22662
    #Edges 32927
    #Classes 18
    #Ave_degree 2.91
    ----Split statistics------'
    #Train samples 1133 (5.0 % of nodes)
    #Val samples 3399 (15.0 % of nodes)
    #Test samples 18130 (remaining)
    ----label noise information:------
    Instance dependent noise
    #Actual noise rate 0.13
    [cuda:1] Waiting for GPU slot...
    [cuda:1] Slot acquired (waited 0.0s). Training...
    [NRGNN] Large dataset detected (22662 nodes). Using sampled similarity search.
    FINAL_RESULT: {'acc': {'train': 0.4386584289496911, 'valid': 0.3392174168873198, 'test': 0.3871483728626586}, 'wall_s': 222.71, 'cpu_s': 13.79, 'gpu_s': 208.59, 'wait_s': 0.0}
    [Time] wall=222.7s | cpu=13.8s | gpu=208.6s
    C:\Users\fbrev\Documents\Acadêmico\Simulações\Python\NoisyGL\predictor\Base_Predictor.py:144: UserWarning: Sparse CSR tensor support is in beta state. If you miss a functionality in the sparse tensor support, please submit a feature request to https://github.com/pytorch/pytorch/issues. (Triggered internally at ..\aten\src\ATen\SparseCsrTensorImpl.cpp:55.)
    self.adj_csr = self.adj.to_sparse_csr().to(self.device)
[I 2026-04-29 08:10:00,529] Trial 35 finished with value: 0.3871483728626586 and parameters: {'lr': 0.001, 'weight_decay': 0.001, 'n_hidden': 32, 'n_layer': 2, 'dropout': 0.5263767825908887, 'p_cutoff': 0.16419761741664415, 'edge_threshold': 0.07940576461714517}. Best is trial 6 with value: 0.4145063430777716.
    [CPU] Loading roman-empire...
    DEBUG 3.1: Dataset init start
    DEBUG 3.2: prepare_data start roman-empire
    ----Data statistics------'
    Name: roman-empire
    #Nodes 22662
    #Edges 32927
    #Classes 18
    #Ave_degree 2.91
    ----Split statistics------'
    #Train samples 1133 (5.0 % of nodes)
    #Val samples 3399 (15.0 % of nodes)
    #Test samples 18130 (remaining)
    ----label noise information:------
    Instance dependent noise
    #Actual noise rate 0.13
    [cuda:1] Waiting for GPU slot...
    [cuda:1] Slot acquired (waited 0.0s). Training...
    [NRGNN] Large dataset detected (22662 nodes). Using sampled similarity search.
    FINAL_RESULT: {'acc': {'train': 0.5401588702559577, 'valid': 0.3577522800823772, 'test': 0.4138996138996139}, 'wall_s': 221.83, 'cpu_s': 13.19, 'gpu_s': 208.35, 'wait_s': 0.0}
    [Time] wall=221.8s | cpu=13.2s | gpu=208.4s
    C:\Users\fbrev\Documents\Acadêmico\Simulações\Python\NoisyGL\predictor\Base_Predictor.py:144: UserWarning: Sparse CSR tensor support is in beta state. If you miss a functionality in the sparse tensor support, please submit a feature request to https://github.com/pytorch/pytorch/issues. (Triggered internally at ..\aten\src\ATen\SparseCsrTensorImpl.cpp:55.)
    self.adj_csr = self.adj.to_sparse_csr().to(self.device)
[I 2026-04-29 08:13:49,393] Trial 36 finished with value: 0.4138996138996139 and parameters: {'lr': 0.005, 'weight_decay': 0.001, 'n_hidden': 256, 'n_layer': 2, 'dropout': 0.7069195812519125, 'p_cutoff': 0.23808246756250848, 'edge_threshold': 0.09132039272934878}. Best is trial 6 with value: 0.4145063430777716.
    [CPU] Loading roman-empire...
    DEBUG 3.1: Dataset init start
    DEBUG 3.2: prepare_data start roman-empire
    ----Data statistics------'
    Name: roman-empire
    #Nodes 22662
    #Edges 32927
    #Classes 18
    #Ave_degree 2.91
    ----Split statistics------'
    #Train samples 1133 (5.0 % of nodes)
    #Val samples 3399 (15.0 % of nodes)
    #Test samples 18130 (remaining)
    ----label noise information:------
    Instance dependent noise
    #Actual noise rate 0.13
    [cuda:1] Waiting for GPU slot...
    [cuda:1] Slot acquired (waited 0.0s). Training...
    [NRGNN] Large dataset detected (22662 nodes). Using sampled similarity search.
    FINAL_RESULT: {'acc': {'train': 0.5419240953221536, 'valid': 0.35863489261547515, 'test': 0.4151130722559294}, 'wall_s': 219.12, 'cpu_s': 13.25, 'gpu_s': 205.58, 'wait_s': 0.0}
    [Time] wall=219.1s | cpu=13.3s | gpu=205.6s
    C:\Users\fbrev\Documents\Acadêmico\Simulações\Python\NoisyGL\predictor\Base_Predictor.py:144: UserWarning: Sparse CSR tensor support is in beta state. If you miss a functionality in the sparse tensor support, please submit a feature request to https://github.com/pytorch/pytorch/issues. (Triggered internally at ..\aten\src\ATen\SparseCsrTensorImpl.cpp:55.)
    self.adj_csr = self.adj.to_sparse_csr().to(self.device)
[I 2026-04-29 08:17:35,608] Trial 37 finished with value: 0.4151130722559294 and parameters: {'lr': 0.005, 'weight_decay': 0.001, 'n_hidden': 256, 'n_layer': 2, 'dropout': 0.7123665634357262, 'p_cutoff': 0.32928391769448173, 'edge_threshold': 0.19322561148647657}. Best is trial 37 with value: 0.4151130722559294.
    [CPU] Loading roman-empire...
    DEBUG 3.1: Dataset init start
    DEBUG 3.2: prepare_data start roman-empire
    ----Data statistics------'
    Name: roman-empire
    #Nodes 22662
    #Edges 32927
    #Classes 18
    #Ave_degree 2.91
    ----Split statistics------'
    #Train samples 1133 (5.0 % of nodes)
    #Val samples 3399 (15.0 % of nodes)
    #Test samples 18130 (remaining)
    ----label noise information:------
    Instance dependent noise
    #Actual noise rate 0.13
    [cuda:1] Waiting for GPU slot...
    [cuda:1] Slot acquired (waited 0.0s). Training...
    [NRGNN] Large dataset detected (22662 nodes). Using sampled similarity search.
    FINAL_RESULT: {'acc': {'train': 0.5551632833186231, 'valid': 0.353045013239188, 'test': 0.40490899062327634}, 'wall_s': 214.79, 'cpu_s': 13.15, 'gpu_s': 201.37, 'wait_s': 0.0}
    [Time] wall=214.8s | cpu=13.1s | gpu=201.4s
    C:\Users\fbrev\Documents\Acadêmico\Simulações\Python\NoisyGL\predictor\Base_Predictor.py:144: UserWarning: Sparse CSR tensor support is in beta state. If you miss a functionality in the sparse tensor support, please submit a feature request to https://github.com/pytorch/pytorch/issues. (Triggered internally at ..\aten\src\ATen\SparseCsrTensorImpl.cpp:55.)
    self.adj_csr = self.adj.to_sparse_csr().to(self.device)
[I 2026-04-29 08:21:17,107] Trial 38 finished with value: 0.40490899062327634 and parameters: {'lr': 0.005, 'weight_decay': 0.0001, 'n_hidden': 256, 'n_layer': 2, 'dropout': 0.7094340197854007, 'p_cutoff': 0.3298506296851491, 'edge_threshold': 0.19518937252660631}. Best is trial 37 with value: 0.4151130722559294.
    [CPU] Loading roman-empire...
    DEBUG 3.1: Dataset init start
    DEBUG 3.2: prepare_data start roman-empire
    ----Data statistics------'
    Name: roman-empire
    #Nodes 22662
    #Edges 32927
    #Classes 18
    #Ave_degree 2.91
    ----Split statistics------'
    #Train samples 1133 (5.0 % of nodes)
    #Val samples 3399 (15.0 % of nodes)
    #Test samples 18130 (remaining)
    ----label noise information:------
    Instance dependent noise
    #Actual noise rate 0.13
    [cuda:1] Waiting for GPU slot...
    [cuda:1] Slot acquired (waited 0.0s). Training...
    [NRGNN] Large dataset detected (22662 nodes). Using sampled similarity search.
    FINAL_RESULT: {'acc': {'train': 0.53045013239188, 'valid': 0.3492203589290968, 'test': 0.407446221731936}, 'wall_s': 223.39, 'cpu_s': 13.09, 'gpu_s': 209.99, 'wait_s': 0.0}
    [Time] wall=223.4s | cpu=13.1s | gpu=210.0s
    C:\Users\fbrev\Documents\Acadêmico\Simulações\Python\NoisyGL\predictor\Base_Predictor.py:144: UserWarning: Sparse CSR tensor support is in beta state. If you miss a functionality in the sparse tensor support, please submit a feature request to https://github.com/pytorch/pytorch/issues. (Triggered internally at ..\aten\src\ATen\SparseCsrTensorImpl.cpp:55.)
    self.adj_csr = self.adj.to_sparse_csr().to(self.device)
