[worker] START nrgnn_roman-empire_0.3 gpu=1
[HPO] Starting Phase 1 (Optuna) for nrgnn_roman-empire_instance_0.3...
[I 2026-04-29 09:13:57,987] A new study created in RDB with name: nrgnn_roman-empire_instance_0.3
    [CPU] Loading roman-empire...
    DEBUG 3.1: Dataset init start
    DEBUG 3.2: prepare_data start roman-empire
    ----Data statistics------'
    Name: roman-empire
    #Nodes 22662
    #Edges 32927
    #Classes 18
    #Ave_degree 2.91
    ----Split statistics------'
    #Train samples 1133 (5.0 % of nodes)
    #Val samples 3399 (15.0 % of nodes)
    #Test samples 18130 (remaining)
    ----label noise information:------
    Instance dependent noise
    #Actual noise rate 0.30
    [cuda:1] Waiting for GPU slot...
    [cuda:1] Slot acquired (waited 180.9s). Training...
    [NRGNN] Large dataset detected (22662 nodes). Using sampled similarity search.
    FINAL_RESULT: {'acc': {'train': 0.3901147396293027, 'valid': 0.21888790820829657, 'test': 0.2982901268615554}, 'wall_s': 345.97, 'cpu_s': 15.4, 'gpu_s': 229.8, 'wait_s': 180.91}
    [Time] wall=346.0s | cpu=15.4s | gpu=229.8s
    C:\Users\fbrev\Documents\Acadêmico\Simulações\Python\NoisyGL\predictor\Base_Predictor.py:144: UserWarning: Sparse CSR tensor support is in beta state. If you miss a functionality in the sparse tensor support, please submit a feature request to https://github.com/pytorch/pytorch/issues. (Triggered internally at ..\aten\src\ATen\SparseCsrTensorImpl.cpp:55.)
    self.adj_csr = self.adj.to_sparse_csr().to(self.device)
[I 2026-04-29 09:22:53,059] Trial 0 finished with value: 0.2982901268615554 and parameters: {'lr': 0.01, 'weight_decay': 0.0001, 'n_hidden': 256, 'n_layer': 3, 'dropout': 0.7423310186926412, 'p_cutoff': 0.8409022033634113, 'edge_threshold': 0.17504130778614976}. Best is trial 0 with value: 0.2982901268615554.
    [CPU] Loading roman-empire...
    DEBUG 3.1: Dataset init start
    DEBUG 3.2: prepare_data start roman-empire
    ----Data statistics------'
    Name: roman-empire
    #Nodes 22662
    #Edges 32927
    #Classes 18
    #Ave_degree 2.91
    ----Split statistics------'
    #Train samples 1133 (5.0 % of nodes)
    #Val samples 3399 (15.0 % of nodes)
    #Test samples 18130 (remaining)
    ----label noise information:------
    Instance dependent noise
    #Actual noise rate 0.30
    [cuda:1] Waiting for GPU slot...
    [cuda:1] Slot acquired (waited 231.8s). Training...
    [NRGNN] Large dataset detected (22662 nodes). Using sampled similarity search.
    FINAL_RESULT: {'acc': {'train': 0.4527802294792586, 'valid': 0.2812591938805531, 'test': 0.3757859900717044}, 'wall_s': 238.61, 'cpu_s': 14.06, 'gpu_s': 224.29, 'wait_s': 231.8}
    [Time] wall=238.6s | cpu=14.1s | gpu=224.3s
    C:\Users\fbrev\Documents\Acadêmico\Simulações\Python\NoisyGL\predictor\Base_Predictor.py:144: UserWarning: Sparse CSR tensor support is in beta state. If you miss a functionality in the sparse tensor support, please submit a feature request to https://github.com/pytorch/pytorch/issues. (Triggered internally at ..\aten\src\ATen\SparseCsrTensorImpl.cpp:55.)
    self.adj_csr = self.adj.to_sparse_csr().to(self.device)
[I 2026-04-29 09:30:51,801] Trial 1 finished with value: 0.3757859900717044 and parameters: {'lr': 0.01, 'weight_decay': 0.0001, 'n_hidden': 64, 'n_layer': 2, 'dropout': 0.13945941225172112, 'p_cutoff': 0.30376982505298167, 'edge_threshold': 0.19036243810882608}. Best is trial 1 with value: 0.3757859900717044.
    [CPU] Loading roman-empire...
    DEBUG 3.1: Dataset init start
    DEBUG 3.2: prepare_data start roman-empire
    ----Data statistics------'
    Name: roman-empire
    #Nodes 22662
    #Edges 32927
    #Classes 18
    #Ave_degree 2.91
    ----Split statistics------'
    #Train samples 1133 (5.0 % of nodes)
    #Val samples 3399 (15.0 % of nodes)
    #Test samples 18130 (remaining)
    ----label noise information:------
    Instance dependent noise
    #Actual noise rate 0.30
    [cuda:1] Waiting for GPU slot...
    [cuda:1] Slot acquired (waited 235.3s). Training...
    [NRGNN] Large dataset detected (22662 nodes). Using sampled similarity search.
    FINAL_RESULT: {'acc': {'train': 0.37246248896734335, 'valid': 0.14974992644895557, 'test': 0.20479867622724765}, 'wall_s': 235.36, 'cpu_s': 14.74, 'gpu_s': 220.36, 'wait_s': 235.27}
    [Time] wall=235.4s | cpu=14.7s | gpu=220.4s
    C:\Users\fbrev\Documents\Acadêmico\Simulações\Python\NoisyGL\predictor\Base_Predictor.py:144: UserWarning: Sparse CSR tensor support is in beta state. If you miss a functionality in the sparse tensor support, please submit a feature request to https://github.com/pytorch/pytorch/issues. (Triggered internally at ..\aten\src\ATen\SparseCsrTensorImpl.cpp:55.)
    self.adj_csr = self.adj.to_sparse_csr().to(self.device)
[I 2026-04-29 09:38:51,110] Trial 2 finished with value: 0.20479867622724765 and parameters: {'lr': 0.1, 'weight_decay': 0.0001, 'n_hidden': 256, 'n_layer': 3, 'dropout': 0.4906498884773436, 'p_cutoff': 0.7114021618673195, 'edge_threshold': 0.23986721608389355}. Best is trial 1 with value: 0.3757859900717044.
    [CPU] Loading roman-empire...
    DEBUG 3.1: Dataset init start
    DEBUG 3.2: prepare_data start roman-empire
    ----Data statistics------'
    Name: roman-empire
    #Nodes 22662
    #Edges 32927
    #Classes 18
    #Ave_degree 2.91
    ----Split statistics------'
    #Train samples 1133 (5.0 % of nodes)
    #Val samples 3399 (15.0 % of nodes)
    #Test samples 18130 (remaining)
    ----label noise information:------
    Instance dependent noise
    #Actual noise rate 0.30
    [cuda:1] Waiting for GPU slot...
    [cuda:1] Slot acquired (waited 232.1s). Training...
    [NRGNN] Large dataset detected (22662 nodes). Using sampled similarity search.
    FINAL_RESULT: {'acc': {'train': 0.15798764342453664, 'valid': 0.1676963812886143, 'test': 0.21560948703805846}, 'wall_s': 237.75, 'cpu_s': 13.64, 'gpu_s': 223.81, 'wait_s': 232.06}
    [Time] wall=237.7s | cpu=13.6s | gpu=223.8s
    C:\Users\fbrev\Documents\Acadêmico\Simulações\Python\NoisyGL\predictor\Base_Predictor.py:144: UserWarning: Sparse CSR tensor support is in beta state. If you miss a functionality in the sparse tensor support, please submit a feature request to https://github.com/pytorch/pytorch/issues. (Triggered internally at ..\aten\src\ATen\SparseCsrTensorImpl.cpp:55.)
    self.adj_csr = self.adj.to_sparse_csr().to(self.device)
[I 2026-04-29 09:46:48,979] Trial 3 finished with value: 0.21560948703805846 and parameters: {'lr': 0.05, 'weight_decay': 0.05, 'n_hidden': 128, 'n_layer': 2, 'dropout': 0.12716086112249636, 'p_cutoff': 0.9773862337529157, 'edge_threshold': 0.23704675182557236}. Best is trial 1 with value: 0.3757859900717044.
    [CPU] Loading roman-empire...
    DEBUG 3.1: Dataset init start
    DEBUG 3.2: prepare_data start roman-empire
    ----Data statistics------'
    Name: roman-empire
    #Nodes 22662
    #Edges 32927
    #Classes 18
    #Ave_degree 2.91
    ----Split statistics------'
    #Train samples 1133 (5.0 % of nodes)
    #Val samples 3399 (15.0 % of nodes)
    #Test samples 18130 (remaining)
    ----label noise information:------
    Instance dependent noise
    #Actual noise rate 0.30
    [cuda:1] Waiting for GPU slot...
    [cuda:1] Slot acquired (waited 236.2s). Training...
    [NRGNN] Large dataset detected (22662 nodes). Using sampled similarity search.
    FINAL_RESULT: {'acc': {'train': 0.41571050308914387, 'valid': 0.284789644012945, 'test': 0.38455598455598455}, 'wall_s': 239.66, 'cpu_s': 14.57, 'gpu_s': 224.83, 'wait_s': 236.22}
    [Time] wall=239.7s | cpu=14.6s | gpu=224.8s
    C:\Users\fbrev\Documents\Acadêmico\Simulações\Python\NoisyGL\predictor\Base_Predictor.py:144: UserWarning: Sparse CSR tensor support is in beta state. If you miss a functionality in the sparse tensor support, please submit a feature request to https://github.com/pytorch/pytorch/issues. (Triggered internally at ..\aten\src\ATen\SparseCsrTensorImpl.cpp:55.)
    self.adj_csr = self.adj.to_sparse_csr().to(self.device)
[I 2026-04-29 09:54:53,234] Trial 4 finished with value: 0.38455598455598455 and parameters: {'lr': 0.005, 'weight_decay': 0.0, 'n_hidden': 128, 'n_layer': 2, 'dropout': 0.6648016456462789, 'p_cutoff': 0.2184998850946086, 'edge_threshold': 0.0721947541679718}. Best is trial 4 with value: 0.38455598455598455.
    [CPU] Loading roman-empire...
    DEBUG 3.1: Dataset init start
    DEBUG 3.2: prepare_data start roman-empire
    ----Data statistics------'
    Name: roman-empire
    #Nodes 22662
    #Edges 32927
    #Classes 18
    #Ave_degree 2.91
    ----Split statistics------'
    #Train samples 1133 (5.0 % of nodes)
    #Val samples 3399 (15.0 % of nodes)
    #Test samples 18130 (remaining)
    ----label noise information:------
    Instance dependent noise
    #Actual noise rate 0.30
    [cuda:1] Waiting for GPU slot...
    [cuda:1] Slot acquired (waited 4.9s). Training...
    [NRGNN] Large dataset detected (22662 nodes). Using sampled similarity search.
    FINAL_RESULT: {'acc': {'train': 0.17387466902030008, 'valid': 0.12562518387761107, 'test': 0.16387203530060673}, 'wall_s': 264.24, 'cpu_s': 15.65, 'gpu_s': 248.29, 'wait_s': 4.94}
    [Time] wall=264.2s | cpu=15.6s | gpu=248.3s
    C:\Users\fbrev\Documents\Acadêmico\Simulações\Python\NoisyGL\predictor\Base_Predictor.py:144: UserWarning: Sparse CSR tensor support is in beta state. If you miss a functionality in the sparse tensor support, please submit a feature request to https://github.com/pytorch/pytorch/issues. (Triggered internally at ..\aten\src\ATen\SparseCsrTensorImpl.cpp:55.)
    self.adj_csr = self.adj.to_sparse_csr().to(self.device)
[I 2026-04-29 09:59:32,171] Trial 5 finished with value: 0.16387203530060673 and parameters: {'lr': 0.005, 'weight_decay': 0.05, 'n_hidden': 64, 'n_layer': 3, 'dropout': 0.3446779727926923, 'p_cutoff': 0.8798072538980845, 'edge_threshold': 0.30815859799588746}. Best is trial 4 with value: 0.38455598455598455.
    [CPU] Loading roman-empire...
    DEBUG 3.1: Dataset init start
    DEBUG 3.2: prepare_data start roman-empire
    ----Data statistics------'
    Name: roman-empire
    #Nodes 22662
    #Edges 32927
    #Classes 18
    #Ave_degree 2.91
    ----Split statistics------'
    #Train samples 1133 (5.0 % of nodes)
    #Val samples 3399 (15.0 % of nodes)
    #Test samples 18130 (remaining)
    ----label noise information:------
    Instance dependent noise
    #Actual noise rate 0.30
    [cuda:1] Waiting for GPU slot...
    [cuda:1] Slot acquired (waited 250.5s). Training...
    [NRGNN] Large dataset detected (22662 nodes). Using sampled similarity search.
    FINAL_RESULT: {'acc': {'train': 0.440423654015887, 'valid': 0.28302441894674907, 'test': 0.3940430226144512}, 'wall_s': 255.04, 'cpu_s': 17.04, 'gpu_s': 237.64, 'wait_s': 250.5}
    [Time] wall=255.0s | cpu=17.0s | gpu=237.6s
    C:\Users\fbrev\Documents\Acadêmico\Simulações\Python\NoisyGL\predictor\Base_Predictor.py:144: UserWarning: Sparse CSR tensor support is in beta state. If you miss a functionality in the sparse tensor support, please submit a feature request to https://github.com/pytorch/pytorch/issues. (Triggered internally at ..\aten\src\ATen\SparseCsrTensorImpl.cpp:55.)
    self.adj_csr = self.adj.to_sparse_csr().to(self.device)
[I 2026-04-29 10:08:08,481] Trial 6 finished with value: 0.3940430226144512 and parameters: {'lr': 0.001, 'weight_decay': 0.001, 'n_hidden': 256, 'n_layer': 2, 'dropout': 0.040649350210555026, 'p_cutoff': 0.013273914336854764, 'edge_threshold': 0.16016742973167444}. Best is trial 6 with value: 0.3940430226144512.
    [CPU] Loading roman-empire...
    DEBUG 3.1: Dataset init start
    DEBUG 3.2: prepare_data start roman-empire
    ----Data statistics------'
    Name: roman-empire
    #Nodes 22662
    #Edges 32927
    #Classes 18
    #Ave_degree 2.91
    ----Split statistics------'
    #Train samples 1133 (5.0 % of nodes)
    #Val samples 3399 (15.0 % of nodes)
    #Test samples 18130 (remaining)
    ----label noise information:------
    Instance dependent noise
    #Actual noise rate 0.30
    [cuda:1] Waiting for GPU slot...
    [cuda:1] Slot acquired (waited 238.7s). Training...
[I 2026-04-29 10:12:23,031] Trial 7 finished with value: 0.0 and parameters: {'lr': 0.01, 'weight_decay': 0.001, 'n_hidden': 64, 'n_layer': 2, 'dropout': 0.4281233369506118, 'p_cutoff': 0.37452595138993405, 'edge_threshold': 0.33951849543006113}. Best is trial 6 with value: 0.3940430226144512.
    [CPU] Loading roman-empire...
    DEBUG 3.1: Dataset init start
    DEBUG 3.2: prepare_data start roman-empire
    ----Data statistics------'
    Name: roman-empire
    #Nodes 22662
    #Edges 32927
    #Classes 18
    #Ave_degree 2.91
    ----Split statistics------'
    #Train samples 1133 (5.0 % of nodes)
    #Val samples 3399 (15.0 % of nodes)
    #Test samples 18130 (remaining)
    ----label noise information:------
    Instance dependent noise
    #Actual noise rate 0.30
    [cuda:1] Waiting for GPU slot...
    [cuda:1] Slot acquired (waited 272.1s). Training...
    [NRGNN] Large dataset detected (22662 nodes). Using sampled similarity search.
    FINAL_RESULT: {'acc': {'train': 0.2559576345984113, 'valid': 0.17181523977640484, 'test': 0.23530060672917816}, 'wall_s': 249.04, 'cpu_s': 18.53, 'gpu_s': 230.21, 'wait_s': 272.11}
    [Time] wall=249.0s | cpu=18.5s | gpu=230.2s
    C:\Users\fbrev\Documents\Acadêmico\Simulações\Python\NoisyGL\predictor\Base_Predictor.py:144: UserWarning: Sparse CSR tensor support is in beta state. If you miss a functionality in the sparse tensor support, please submit a feature request to https://github.com/pytorch/pytorch/issues. (Triggered internally at ..\aten\src\ATen\SparseCsrTensorImpl.cpp:55.)
    self.adj_csr = self.adj.to_sparse_csr().to(self.device)
[I 2026-04-29 10:21:12,291] Trial 8 finished with value: 0.23530060672917816 and parameters: {'lr': 0.1, 'weight_decay': 0.01, 'n_hidden': 32, 'n_layer': 3, 'dropout': 0.5948218025605889, 'p_cutoff': 0.9761997898258266, 'edge_threshold': 0.237113856391484}. Best is trial 6 with value: 0.3940430226144512.
    [CPU] Loading roman-empire...
    DEBUG 3.1: Dataset init start
    DEBUG 3.2: prepare_data start roman-empire
    ----Data statistics------'
    Name: roman-empire
    #Nodes 22662
    #Edges 32927
    #Classes 18
    #Ave_degree 2.91
    ----Split statistics------'
    #Train samples 1133 (5.0 % of nodes)
    #Val samples 3399 (15.0 % of nodes)
    #Test samples 18130 (remaining)
    ----label noise information:------
    Instance dependent noise
    #Actual noise rate 0.30
    [cuda:1] Waiting for GPU slot...
    [cuda:1] Slot acquired (waited 219.5s). Training...
    [NRGNN] Large dataset detected (22662 nodes). Using sampled similarity search.
    FINAL_RESULT: {'acc': {'train': 0.2850838481906443, 'valid': 0.22359517505148574, 'test': 0.3001103143960287}, 'wall_s': 230.52, 'cpu_s': 13.22, 'gpu_s': 217.07, 'wait_s': 219.49}
    [Time] wall=230.5s | cpu=13.2s | gpu=217.1s
    C:\Users\fbrev\Documents\Acadêmico\Simulações\Python\NoisyGL\predictor\Base_Predictor.py:144: UserWarning: Sparse CSR tensor support is in beta state. If you miss a functionality in the sparse tensor support, please submit a feature request to https://github.com/pytorch/pytorch/issues. (Triggered internally at ..\aten\src\ATen\SparseCsrTensorImpl.cpp:55.)
    self.adj_csr = self.adj.to_sparse_csr().to(self.device)
[I 2026-04-29 10:28:50,062] Trial 9 finished with value: 0.3001103143960287 and parameters: {'lr': 0.1, 'weight_decay': 0.01, 'n_hidden': 256, 'n_layer': 2, 'dropout': 0.044392673133636686, 'p_cutoff': 0.7442147895811346, 'edge_threshold': 0.16898221502734434}. Best is trial 6 with value: 0.3940430226144512.
    [CPU] Loading roman-empire...
    DEBUG 3.1: Dataset init start
    DEBUG 3.2: prepare_data start roman-empire
    ----Data statistics------'
    Name: roman-empire
    #Nodes 22662
    #Edges 32927
    #Classes 18
    #Ave_degree 2.91
    ----Split statistics------'
    #Train samples 1133 (5.0 % of nodes)
    #Val samples 3399 (15.0 % of nodes)
    #Test samples 18130 (remaining)
    ----label noise information:------
    Instance dependent noise
    #Actual noise rate 0.30
    [cuda:1] Waiting for GPU slot...
    [cuda:1] Slot acquired (waited 219.9s). Training...
    [NRGNN] Large dataset detected (22662 nodes). Using sampled similarity search.
    FINAL_RESULT: {'acc': {'train': 0.1703442188879082, 'valid': 0.13945278022947927, 'test': 0.1879757308328737}, 'wall_s': 248.84, 'cpu_s': 13.13, 'gpu_s': 235.47, 'wait_s': 219.86}
    [Time] wall=248.8s | cpu=13.1s | gpu=235.5s
    C:\Users\fbrev\Documents\Acadêmico\Simulações\Python\NoisyGL\predictor\Base_Predictor.py:144: UserWarning: Sparse CSR tensor support is in beta state. If you miss a functionality in the sparse tensor support, please submit a feature request to https://github.com/pytorch/pytorch/issues. (Triggered internally at ..\aten\src\ATen\SparseCsrTensorImpl.cpp:55.)
    self.adj_csr = self.adj.to_sparse_csr().to(self.device)
[I 2026-04-29 10:36:48,125] Trial 10 finished with value: 0.1879757308328737 and parameters: {'lr': 0.1, 'weight_decay': 0.05, 'n_hidden': 256, 'n_layer': 3, 'dropout': 0.716292640954572, 'p_cutoff': 0.5968088901367123, 'edge_threshold': 0.21178141996568084}. Best is trial 6 with value: 0.3940430226144512.
    [CPU] Loading roman-empire...
    DEBUG 3.1: Dataset init start
    DEBUG 3.2: prepare_data start roman-empire
    ----Data statistics------'
    Name: roman-empire
    #Nodes 22662
    #Edges 32927
    #Classes 18
    #Ave_degree 2.91
    ----Split statistics------'
    #Train samples 1133 (5.0 % of nodes)
    #Val samples 3399 (15.0 % of nodes)
    #Test samples 18130 (remaining)
    ----label noise information:------
    Instance dependent noise
    #Actual noise rate 0.30
    [cuda:1] Waiting for GPU slot...
    [cuda:1] Slot acquired (waited 307.5s). Training...
    [NRGNN] Large dataset detected (22662 nodes). Using sampled similarity search.
    FINAL_RESULT: {'acc': {'train': 0.2974404236540159, 'valid': 0.19329214474845544, 'test': 0.24699393270821843}, 'wall_s': 226.58, 'cpu_s': 13.74, 'gpu_s': 212.53, 'wait_s': 307.55}
    [Time] wall=226.6s | cpu=13.7s | gpu=212.5s
    C:\Users\fbrev\Documents\Acadêmico\Simulações\Python\NoisyGL\predictor\Base_Predictor.py:144: UserWarning: Sparse CSR tensor support is in beta state. If you miss a functionality in the sparse tensor support, please submit a feature request to https://github.com/pytorch/pytorch/issues. (Triggered internally at ..\aten\src\ATen\SparseCsrTensorImpl.cpp:55.)
    self.adj_csr = self.adj.to_sparse_csr().to(self.device)
[I 2026-04-29 10:46:00,028] Trial 11 finished with value: 0.24699393270821843 and parameters: {'lr': 0.01, 'weight_decay': 0.01, 'n_hidden': 64, 'n_layer': 3, 'dropout': 0.3877692804166164, 'p_cutoff': 0.12470423288707755, 'edge_threshold': 0.39495701952058243}. Best is trial 6 with value: 0.3940430226144512.
    [CPU] Loading roman-empire...
    DEBUG 3.1: Dataset init start
    DEBUG 3.2: prepare_data start roman-empire
    ----Data statistics------'
    Name: roman-empire
    #Nodes 22662
    #Edges 32927
    #Classes 18
    #Ave_degree 2.91
    ----Split statistics------'
    #Train samples 1133 (5.0 % of nodes)
    #Val samples 3399 (15.0 % of nodes)
    #Test samples 18130 (remaining)
    ----label noise information:------
    Instance dependent noise
    #Actual noise rate 0.30
    [cuda:1] Waiting for GPU slot...
    [cuda:1] Slot acquired (waited 232.5s). Training...
    [NRGNN] Large dataset detected (22662 nodes). Using sampled similarity search.
    FINAL_RESULT: {'acc': {'train': 0.31862312444836716, 'valid': 0.24771991762283024, 'test': 0.3491450634307777}, 'wall_s': 236.88, 'cpu_s': 14.99, 'gpu_s': 221.56, 'wait_s': 232.53}
    [Time] wall=236.9s | cpu=15.0s | gpu=221.6s
    C:\Users\fbrev\Documents\Acadêmico\Simulações\Python\NoisyGL\predictor\Base_Predictor.py:144: UserWarning: Sparse CSR tensor support is in beta state. If you miss a functionality in the sparse tensor support, please submit a feature request to https://github.com/pytorch/pytorch/issues. (Triggered internally at ..\aten\src\ATen\SparseCsrTensorImpl.cpp:55.)
    self.adj_csr = self.adj.to_sparse_csr().to(self.device)
[I 2026-04-29 10:53:57,354] Trial 12 finished with value: 0.3491450634307777 and parameters: {'lr': 0.001, 'weight_decay': 0.01, 'n_hidden': 128, 'n_layer': 2, 'dropout': 0.06524242928872015, 'p_cutoff': 0.6122304545615823, 'edge_threshold': 0.3881449003580765}. Best is trial 6 with value: 0.3940430226144512.
    [CPU] Loading roman-empire...
    DEBUG 3.1: Dataset init start
    DEBUG 3.2: prepare_data start roman-empire
    ----Data statistics------'
    Name: roman-empire
    #Nodes 22662
    #Edges 32927
    #Classes 18
    #Ave_degree 2.91
    ----Split statistics------'
    #Train samples 1133 (5.0 % of nodes)
    #Val samples 3399 (15.0 % of nodes)
    #Test samples 18130 (remaining)
    ----label noise information:------
    Instance dependent noise
    #Actual noise rate 0.30
    [cuda:1] Waiting for GPU slot...
    [cuda:1] Slot acquired (waited 233.4s). Training...
    [NRGNN] Large dataset detected (22662 nodes). Using sampled similarity search.
    FINAL_RESULT: {'acc': {'train': 0.2321270962047661, 'valid': 0.1400411885848779, 'test': 0.1881412024269167}, 'wall_s': 248.47, 'cpu_s': 14.87, 'gpu_s': 233.35, 'wait_s': 233.39}
    [Time] wall=248.5s | cpu=14.9s | gpu=233.4s
    C:\Users\fbrev\Documents\Acadêmico\Simulações\Python\NoisyGL\predictor\Base_Predictor.py:144: UserWarning: Sparse CSR tensor support is in beta state. If you miss a functionality in the sparse tensor support, please submit a feature request to https://github.com/pytorch/pytorch/issues. (Triggered internally at ..\aten\src\ATen\SparseCsrTensorImpl.cpp:55.)
    self.adj_csr = self.adj.to_sparse_csr().to(self.device)
