[I 2026-04-27 16:40:45,191] Trial 98 finished with value: 0.3421791273284001 and parameters: {'lr': 0.005, 'weight_decay': 0.001, 'n_hidden': 128, 'n_layer': 3, 'dropout': 0.5507508192738567, 'knn_mode': 's', 'k': 21, 'dexp': 9.799310377421707, 'p_grd': 0.8076841140965869, 'unc_rem': 0.15002911759496074, 'unc_rel': 0.36927394155086785}. Best is trial 74 with value: 0.38872161265628985.
    [CPU] Loading amazon-ratings...
    DEBUG 3.1: Dataset init start
    DEBUG 3.2: prepare_data start amazon-ratings
    ----Data statistics------'
    Name: amazon-ratings
    #Nodes 24492
    #Edges 93050
    #Classes 5
    #Ave_degree 7.60
    ----Split statistics------'
    #Train samples 1224 (5.0 % of nodes)
    #Val samples 3673 (15.0 % of nodes)
    #Test samples 19595 (remaining)
    ----label noise information:------
    Instance dependent noise
    #Actual noise rate 0.50
    [cuda:0] LNPCC waiting for GPU slot...
    [cuda:0] Slot acquired (waited 442.7s). Starting GCN...
    FINAL_RESULT: {'acc': {'train': 0.3145424836601307, 'valid': 0.2605499591614484, 'test': 0.3894871140597091}, 'wall_s': 72.91, 'cpu_s': 69.37, 'gpu_s': 3.5, 'wait_s': 442.72}
    [Time] wall=72.9s | cpu=69.4s | gpu=3.5s
    C:\Users\fbrev\Documents\Acadêmico\Simulações\Python\NoisyGL\predictor\Base_Predictor.py:144: UserWarning: Sparse CSR tensor support is in beta state. If you miss a functionality in the sparse tensor support, please submit a feature request to https://github.com/pytorch/pytorch/issues. (Triggered internally at ..\aten\src\ATen\SparseCsrTensorImpl.cpp:55.)
    self.adj_csr = self.adj.to_sparse_csr().to(self.device)
[I 2026-04-27 16:49:27,921] Trial 99 finished with value: 0.3894871140597091 and parameters: {'lr': 0.005, 'weight_decay': 0.001, 'n_hidden': 32, 'n_layer': 3, 'dropout': 0.44777897102516206, 'knn_mode': 's', 'k': 19, 'dexp': 9.261207697740575, 'p_grd': 0.7501046426444284, 'unc_rem': 0.3728511544432928, 'unc_rel': 0.5274063760478868}. Best is trial 99 with value: 0.3894871140597091.
    [CPU] Loading amazon-ratings...
    DEBUG 3.1: Dataset init start
    DEBUG 3.2: prepare_data start amazon-ratings
    ----Data statistics------'
    Name: amazon-ratings
    #Nodes 24492
    #Edges 93050
    #Classes 5
    #Ave_degree 7.60
    ----Split statistics------'
    #Train samples 1224 (5.0 % of nodes)
    #Val samples 3673 (15.0 % of nodes)
    #Test samples 19595 (remaining)
    ----label noise information:------
    Instance dependent noise
    #Actual noise rate 0.50
    [cuda:0] LNPCC waiting for GPU slot...
    [cuda:0] Slot acquired (waited 202.0s). Starting GCN...
    FINAL_RESULT: {'acc': {'train': 0.30637254901960786, 'valid': 0.2583719030765042, 'test': 0.385914774177086}, 'wall_s': 52.67, 'cpu_s': 49.5, 'gpu_s': 3.12, 'wait_s': 201.98}
    [Time] wall=52.7s | cpu=49.5s | gpu=3.1s
    C:\Users\fbrev\Documents\Acadêmico\Simulações\Python\NoisyGL\predictor\Base_Predictor.py:144: UserWarning: Sparse CSR tensor support is in beta state. If you miss a functionality in the sparse tensor support, please submit a feature request to https://github.com/pytorch/pytorch/issues. (Triggered internally at ..\aten\src\ATen\SparseCsrTensorImpl.cpp:55.)
    self.adj_csr = self.adj.to_sparse_csr().to(self.device)
[I 2026-04-27 16:53:49,355] Trial 100 finished with value: 0.385914774177086 and parameters: {'lr': 0.005, 'weight_decay': 0.001, 'n_hidden': 32, 'n_layer': 3, 'dropout': 0.4319695125776572, 'knn_mode': 's', 'k': 17, 'dexp': 9.170019148454674, 'p_grd': 0.7588027115469552, 'unc_rem': 0.36056766824188413, 'unc_rel': 0.42650950712571756}. Best is trial 99 with value: 0.3894871140597091.
    [CPU] Loading amazon-ratings...
    DEBUG 3.1: Dataset init start
    DEBUG 3.2: prepare_data start amazon-ratings
    ----Data statistics------'
    Name: amazon-ratings
    #Nodes 24492
    #Edges 93050
    #Classes 5
    #Ave_degree 7.60
    ----Split statistics------'
    #Train samples 1224 (5.0 % of nodes)
    #Val samples 3673 (15.0 % of nodes)
    #Test samples 19595 (remaining)
    ----label noise information:------
    Instance dependent noise
    #Actual noise rate 0.50
    [cuda:0] LNPCC waiting for GPU slot...
    [cuda:0] Slot acquired (waited 1209.8s). Starting GCN...
    FINAL_RESULT: {'acc': {'train': 0.3137254901960784, 'valid': 0.25973318812959434, 'test': 0.388568512375606}, 'wall_s': 63.92, 'cpu_s': 60.78, 'gpu_s': 3.09, 'wait_s': 1209.83}
    [Time] wall=63.9s | cpu=60.8s | gpu=3.1s
    C:\Users\fbrev\Documents\Acadêmico\Simulações\Python\NoisyGL\predictor\Base_Predictor.py:144: UserWarning: Sparse CSR tensor support is in beta state. If you miss a functionality in the sparse tensor support, please submit a feature request to https://github.com/pytorch/pytorch/issues. (Triggered internally at ..\aten\src\ATen\SparseCsrTensorImpl.cpp:55.)
    self.adj_csr = self.adj.to_sparse_csr().to(self.device)
[I 2026-04-27 17:15:09,677] Trial 101 finished with value: 0.388568512375606 and parameters: {'lr': 0.005, 'weight_decay': 0.001, 'n_hidden': 32, 'n_layer': 3, 'dropout': 0.48329803774166685, 'knn_mode': 's', 'k': 17, 'dexp': 9.444652881022352, 'p_grd': 0.8450169434816119, 'unc_rem': 0.433006238996765, 'unc_rel': 0.34646956349808544}. Best is trial 99 with value: 0.3894871140597091.
    [CPU] Loading amazon-ratings...
    DEBUG 3.1: Dataset init start
    DEBUG 3.2: prepare_data start amazon-ratings
    ----Data statistics------'
    Name: amazon-ratings
    #Nodes 24492
    #Edges 93050
    #Classes 5
    #Ave_degree 7.60
    ----Split statistics------'
    #Train samples 1224 (5.0 % of nodes)
    #Val samples 3673 (15.0 % of nodes)
    #Test samples 19595 (remaining)
    ----label noise information:------
    Instance dependent noise
    #Actual noise rate 0.50
    [cuda:0] LNPCC waiting for GPU slot...
    [cuda:0] Slot acquired (waited 190.7s). Starting GCN...
    FINAL_RESULT: {'acc': {'train': 0.3202614379084967, 'valid': 0.26490607133133676, 'test': 0.38703750956876753}, 'wall_s': 58.96, 'cpu_s': 55.77, 'gpu_s': 3.14, 'wait_s': 190.75}
    [Time] wall=59.0s | cpu=55.8s | gpu=3.1s
    C:\Users\fbrev\Documents\Acadêmico\Simulações\Python\NoisyGL\predictor\Base_Predictor.py:144: UserWarning: Sparse CSR tensor support is in beta state. If you miss a functionality in the sparse tensor support, please submit a feature request to https://github.com/pytorch/pytorch/issues. (Triggered internally at ..\aten\src\ATen\SparseCsrTensorImpl.cpp:55.)
    self.adj_csr = self.adj.to_sparse_csr().to(self.device)
[I 2026-04-27 17:19:25,977] Trial 102 finished with value: 0.38703750956876753 and parameters: {'lr': 0.005, 'weight_decay': 0.001, 'n_hidden': 32, 'n_layer': 3, 'dropout': 0.7363637013769513, 'knn_mode': 's', 'k': 15, 'dexp': 9.980652112425892, 'p_grd': 0.6699481802696534, 'unc_rem': 0.3281346525887287, 'unc_rel': 0.3490594071251208}. Best is trial 99 with value: 0.3894871140597091.
    [CPU] Loading amazon-ratings...
    DEBUG 3.1: Dataset init start
    DEBUG 3.2: prepare_data start amazon-ratings
    ----Data statistics------'
    Name: amazon-ratings
    #Nodes 24492
    #Edges 93050
    #Classes 5
    #Ave_degree 7.60
    ----Split statistics------'
    #Train samples 1224 (5.0 % of nodes)
    #Val samples 3673 (15.0 % of nodes)
    #Test samples 19595 (remaining)
    ----label noise information:------
    Instance dependent noise
    #Actual noise rate 0.50
    [cuda:0] LNPCC waiting for GPU slot...
    [cuda:0] Slot acquired (waited 187.6s). Starting GCN...
    FINAL_RESULT: {'acc': {'train': 0.3145424836601307, 'valid': 0.2605499591614484, 'test': 0.3875478438377137}, 'wall_s': 62.52, 'cpu_s': 59.16, 'gpu_s': 3.31, 'wait_s': 187.6}
    [Time] wall=62.5s | cpu=59.2s | gpu=3.3s
    C:\Users\fbrev\Documents\Acadêmico\Simulações\Python\NoisyGL\predictor\Base_Predictor.py:144: UserWarning: Sparse CSR tensor support is in beta state. If you miss a functionality in the sparse tensor support, please submit a feature request to https://github.com/pytorch/pytorch/issues. (Triggered internally at ..\aten\src\ATen\SparseCsrTensorImpl.cpp:55.)
    self.adj_csr = self.adj.to_sparse_csr().to(self.device)
[I 2026-04-27 17:23:43,203] Trial 103 finished with value: 0.3875478438377137 and parameters: {'lr': 0.005, 'weight_decay': 0.001, 'n_hidden': 32, 'n_layer': 3, 'dropout': 0.4824719822861317, 'knn_mode': 's', 'k': 19, 'dexp': 9.481922190008044, 'p_grd': 0.8453556428719085, 'unc_rem': 0.3865913739649761, 'unc_rel': 0.5150636269587958}. Best is trial 99 with value: 0.3894871140597091.
    [CPU] Loading amazon-ratings...
    DEBUG 3.1: Dataset init start
    DEBUG 3.2: prepare_data start amazon-ratings
    ----Data statistics------'
    Name: amazon-ratings
    #Nodes 24492
    #Edges 93050
    #Classes 5
    #Ave_degree 7.60
    ----Split statistics------'
    #Train samples 1224 (5.0 % of nodes)
    #Val samples 3673 (15.0 % of nodes)
    #Test samples 19595 (remaining)
    ----label noise information:------
    Instance dependent noise
    #Actual noise rate 0.50
    [cuda:0] LNPCC waiting for GPU slot...
    [cuda:0] Slot acquired (waited 176.1s). Starting GCN...
    FINAL_RESULT: {'acc': {'train': 0.315359477124183, 'valid': 0.25973318812959434, 'test': 0.3878030109721868}, 'wall_s': 67.83, 'cpu_s': 64.71, 'gpu_s': 3.08, 'wait_s': 176.06}
    [Time] wall=67.8s | cpu=64.7s | gpu=3.1s
    C:\Users\fbrev\Documents\Acadêmico\Simulações\Python\NoisyGL\predictor\Base_Predictor.py:144: UserWarning: Sparse CSR tensor support is in beta state. If you miss a functionality in the sparse tensor support, please submit a feature request to https://github.com/pytorch/pytorch/issues. (Triggered internally at ..\aten\src\ATen\SparseCsrTensorImpl.cpp:55.)
    self.adj_csr = self.adj.to_sparse_csr().to(self.device)
[I 2026-04-27 17:27:53,569] Trial 104 finished with value: 0.3878030109721868 and parameters: {'lr': 0.005, 'weight_decay': 0.001, 'n_hidden': 32, 'n_layer': 3, 'dropout': 0.48267889693076926, 'knn_mode': 's', 'k': 17, 'dexp': 9.40106876460943, 'p_grd': 0.8407540644750505, 'unc_rem': 0.38528097793942717, 'unc_rel': 0.3900224700698374}. Best is trial 99 with value: 0.3894871140597091.
    [CPU] Loading amazon-ratings...
    DEBUG 3.1: Dataset init start
    DEBUG 3.2: prepare_data start amazon-ratings
    ----Data statistics------'
    Name: amazon-ratings
    #Nodes 24492
    #Edges 93050
    #Classes 5
    #Ave_degree 7.60
    ----Split statistics------'
    #Train samples 1224 (5.0 % of nodes)
    #Val samples 3673 (15.0 % of nodes)
    #Test samples 19595 (remaining)
    ----label noise information:------
    Instance dependent noise
    #Actual noise rate 0.50
    [cuda:0] LNPCC waiting for GPU slot...
    [cuda:0] Slot acquired (waited 430.3s). Starting GCN...
    FINAL_RESULT: {'acc': {'train': 0.30310457516339867, 'valid': 0.2610944731826845, 'test': 0.3866292421536106}, 'wall_s': 65.35, 'cpu_s': 62.13, 'gpu_s': 3.17, 'wait_s': 430.31}
    [Time] wall=65.3s | cpu=62.1s | gpu=3.2s
    C:\Users\fbrev\Documents\Acadêmico\Simulações\Python\NoisyGL\predictor\Base_Predictor.py:144: UserWarning: Sparse CSR tensor support is in beta state. If you miss a functionality in the sparse tensor support, please submit a feature request to https://github.com/pytorch/pytorch/issues. (Triggered internally at ..\aten\src\ATen\SparseCsrTensorImpl.cpp:55.)
    self.adj_csr = self.adj.to_sparse_csr().to(self.device)
[I 2026-04-27 17:36:16,005] Trial 105 finished with value: 0.3866292421536106 and parameters: {'lr': 0.005, 'weight_decay': 0.001, 'n_hidden': 32, 'n_layer': 3, 'dropout': 0.5111489285095795, 'knn_mode': 's', 'k': 17, 'dexp': 9.42020458904467, 'p_grd': 0.8756923527337103, 'unc_rem': 0.5571533540422747, 'unc_rel': 0.35104111501327245}. Best is trial 99 with value: 0.3894871140597091.
    [CPU] Loading amazon-ratings...
    DEBUG 3.1: Dataset init start
    DEBUG 3.2: prepare_data start amazon-ratings
    ----Data statistics------'
    Name: amazon-ratings
    #Nodes 24492
    #Edges 93050
    #Classes 5
    #Ave_degree 7.60
    ----Split statistics------'
    #Train samples 1224 (5.0 % of nodes)
    #Val samples 3673 (15.0 % of nodes)
    #Test samples 19595 (remaining)
    ----label noise information:------
    Instance dependent noise
    #Actual noise rate 0.50
    [cuda:0] LNPCC waiting for GPU slot...
    [cuda:0] Slot acquired (waited 171.9s). Starting GCN...
    FINAL_RESULT: {'acc': {'train': 0.31209150326797386, 'valid': 0.2591886741083583, 'test': 0.38759887726460834}, 'wall_s': 66.94, 'cpu_s': 63.59, 'gpu_s': 3.29, 'wait_s': 171.85}
    [Time] wall=66.9s | cpu=63.6s | gpu=3.3s
    C:\Users\fbrev\Documents\Acadêmico\Simulações\Python\NoisyGL\predictor\Base_Predictor.py:144: UserWarning: Sparse CSR tensor support is in beta state. If you miss a functionality in the sparse tensor support, please submit a feature request to https://github.com/pytorch/pytorch/issues. (Triggered internally at ..\aten\src\ATen\SparseCsrTensorImpl.cpp:55.)
    self.adj_csr = self.adj.to_sparse_csr().to(self.device)
[I 2026-04-27 17:40:21,699] Trial 106 finished with value: 0.38759887726460834 and parameters: {'lr': 0.005, 'weight_decay': 0.001, 'n_hidden': 32, 'n_layer': 3, 'dropout': 0.44085316682939985, 'knn_mode': 's', 'k': 14, 'dexp': 9.734505282633304, 'p_grd': 0.8281323209809892, 'unc_rem': 0.41928593200187275, 'unc_rel': 0.38757828115155923}. Best is trial 99 with value: 0.3894871140597091.
    [CPU] Loading amazon-ratings...
    DEBUG 3.1: Dataset init start
    DEBUG 3.2: prepare_data start amazon-ratings
    ----Data statistics------'
    Name: amazon-ratings
    #Nodes 24492
    #Edges 93050
    #Classes 5
    #Ave_degree 7.60
    ----Split statistics------'
    #Train samples 1224 (5.0 % of nodes)
    #Val samples 3673 (15.0 % of nodes)
    #Test samples 19595 (remaining)
    ----label noise information:------
    Instance dependent noise
    #Actual noise rate 0.50
    [cuda:0] LNPCC waiting for GPU slot...
    [cuda:0] Slot acquired (waited 190.3s). Starting GCN...
    FINAL_RESULT: {'acc': {'train': 0.30800653594771243, 'valid': 0.25973318812959434, 'test': 0.38576167389640215}, 'wall_s': 57.23, 'cpu_s': 54.11, 'gpu_s': 3.07, 'wait_s': 190.35}
    [Time] wall=57.2s | cpu=54.1s | gpu=3.1s
    C:\Users\fbrev\Documents\Acadêmico\Simulações\Python\NoisyGL\predictor\Base_Predictor.py:144: UserWarning: Sparse CSR tensor support is in beta state. If you miss a functionality in the sparse tensor support, please submit a feature request to https://github.com/pytorch/pytorch/issues. (Triggered internally at ..\aten\src\ATen\SparseCsrTensorImpl.cpp:55.)
    self.adj_csr = self.adj.to_sparse_csr().to(self.device)
[I 2026-04-27 17:44:36,079] Trial 107 finished with value: 0.38576167389640215 and parameters: {'lr': 0.005, 'weight_decay': 0.001, 'n_hidden': 32, 'n_layer': 3, 'dropout': 0.4823948331780088, 'knn_mode': 's', 'k': 11, 'dexp': 9.70579978488027, 'p_grd': 0.7258638517376244, 'unc_rem': 0.4354990783877451, 'unc_rel': 0.38698814439718754}. Best is trial 99 with value: 0.3894871140597091.
    [CPU] Loading amazon-ratings...
    DEBUG 3.1: Dataset init start
    DEBUG 3.2: prepare_data start amazon-ratings
    ----Data statistics------'
    Name: amazon-ratings
    #Nodes 24492
    #Edges 93050
    #Classes 5
    #Ave_degree 7.60
    ----Split statistics------'
    #Train samples 1224 (5.0 % of nodes)
    #Val samples 3673 (15.0 % of nodes)
    #Test samples 19595 (remaining)
    ----label noise information:------
    Instance dependent noise
    #Actual noise rate 0.50
    [cuda:0] LNPCC waiting for GPU slot...
    [cuda:0] Slot acquired (waited 181.7s). Starting GCN...
    FINAL_RESULT: {'acc': {'train': 0.3145424836601307, 'valid': 0.25755513204465014, 'test': 0.3866292421536106}, 'wall_s': 64.99, 'cpu_s': 61.72, 'gpu_s': 3.23, 'wait_s': 181.68}
    [Time] wall=65.0s | cpu=61.7s | gpu=3.2s
    C:\Users\fbrev\Documents\Acadêmico\Simulações\Python\NoisyGL\predictor\Base_Predictor.py:144: UserWarning: Sparse CSR tensor support is in beta state. If you miss a functionality in the sparse tensor support, please submit a feature request to https://github.com/pytorch/pytorch/issues. (Triggered internally at ..\aten\src\ATen\SparseCsrTensorImpl.cpp:55.)
    self.adj_csr = self.adj.to_sparse_csr().to(self.device)
[I 2026-04-27 17:48:49,536] Trial 108 finished with value: 0.3866292421536106 and parameters: {'lr': 0.01, 'weight_decay': 0.001, 'n_hidden': 32, 'n_layer': 3, 'dropout': 0.4411885187638126, 'knn_mode': 's', 'k': 13, 'dexp': 9.536490862989032, 'p_grd': 0.7633579881904057, 'unc_rem': 0.3901400458932131, 'unc_rel': 0.39722120633905145}. Best is trial 99 with value: 0.3894871140597091.
    [CPU] Loading amazon-ratings...
    DEBUG 3.1: Dataset init start
    DEBUG 3.2: prepare_data start amazon-ratings
    ----Data statistics------'
    Name: amazon-ratings
    #Nodes 24492
    #Edges 93050
    #Classes 5
    #Ave_degree 7.60
    ----Split statistics------'
    #Train samples 1224 (5.0 % of nodes)
    #Val samples 3673 (15.0 % of nodes)
    #Test samples 19595 (remaining)
    ----label noise information:------
    Instance dependent noise
    #Actual noise rate 0.50
    [cuda:0] LNPCC waiting for GPU slot...
    [cuda:0] Slot acquired (waited 414.5s). Starting GCN...
    FINAL_RESULT: {'acc': {'train': 0.42320261437908496, 'valid': 0.255649332970324, 'test': 0.3561112528706303}, 'wall_s': 75.75, 'cpu_s': 72.62, 'gpu_s': 3.07, 'wait_s': 414.54}
    [Time] wall=75.7s | cpu=72.6s | gpu=3.1s
    C:\Users\fbrev\Documents\Acadêmico\Simulações\Python\NoisyGL\predictor\Base_Predictor.py:144: UserWarning: Sparse CSR tensor support is in beta state. If you miss a functionality in the sparse tensor support, please submit a feature request to https://github.com/pytorch/pytorch/issues. (Triggered internally at ..\aten\src\ATen\SparseCsrTensorImpl.cpp:55.)
    self.adj_csr = self.adj.to_sparse_csr().to(self.device)
[I 2026-04-27 17:57:06,272] Trial 109 finished with value: 0.3561112528706303 and parameters: {'lr': 0.05, 'weight_decay': 0.001, 'n_hidden': 32, 'n_layer': 3, 'dropout': 0.44883442555001857, 'knn_mode': 's', 'k': 14, 'dexp': 9.811812279772932, 'p_grd': 0.8090858864715065, 'unc_rem': 0.41328735422131113, 'unc_rel': 0.5250056566744634}. Best is trial 99 with value: 0.3894871140597091.
    [CPU] Loading amazon-ratings...
    DEBUG 3.1: Dataset init start
    DEBUG 3.2: prepare_data start amazon-ratings
    ----Data statistics------'
    Name: amazon-ratings
    #Nodes 24492
    #Edges 93050
    #Classes 5
    #Ave_degree 7.60
    ----Split statistics------'
    #Train samples 1224 (5.0 % of nodes)
    #Val samples 3673 (15.0 % of nodes)
    #Test samples 19595 (remaining)
    ----label noise information:------
    Instance dependent noise
    #Actual noise rate 0.50
    [cuda:0] LNPCC waiting for GPU slot...
    [cuda:0] Slot acquired (waited 175.4s). Starting GCN...
    FINAL_RESULT: {'acc': {'train': 0.3161764705882353, 'valid': 0.2591886741083583, 'test': 0.3878540443990814}, 'wall_s': 61.33, 'cpu_s': 58.34, 'gpu_s': 2.95, 'wait_s': 175.39}
    [Time] wall=61.3s | cpu=58.3s | gpu=2.9s
    C:\Users\fbrev\Documents\Acadêmico\Simulações\Python\NoisyGL\predictor\Base_Predictor.py:144: UserWarning: Sparse CSR tensor support is in beta state. If you miss a functionality in the sparse tensor support, please submit a feature request to https://github.com/pytorch/pytorch/issues. (Triggered internally at ..\aten\src\ATen\SparseCsrTensorImpl.cpp:55.)
    self.adj_csr = self.adj.to_sparse_csr().to(self.device)
[I 2026-04-27 18:01:09,659] Trial 110 finished with value: 0.3878540443990814 and parameters: {'lr': 0.005, 'weight_decay': 0.001, 'n_hidden': 32, 'n_layer': 3, 'dropout': 0.4859129348823738, 'knn_mode': 's', 'k': 15, 'dexp': 9.30940293553027, 'p_grd': 0.8454993559670498, 'unc_rem': 0.48142247930425236, 'unc_rel': 0.29964182779511794}. Best is trial 99 with value: 0.3894871140597091.
    [CPU] Loading amazon-ratings...
    DEBUG 3.1: Dataset init start
    DEBUG 3.2: prepare_data start amazon-ratings
    ----Data statistics------'
    Name: amazon-ratings
    #Nodes 24492
    #Edges 93050
    #Classes 5
    #Ave_degree 7.60
    ----Split statistics------'
    #Train samples 1224 (5.0 % of nodes)
    #Val samples 3673 (15.0 % of nodes)
    #Test samples 19595 (remaining)
    ----label noise information:------
    Instance dependent noise
    #Actual noise rate 0.50
    [cuda:0] LNPCC waiting for GPU slot...
    [cuda:0] Slot acquired (waited 641.4s). Starting GCN...
    FINAL_RESULT: {'acc': {'train': 0.2704248366013072, 'valid': 0.2605499591614484, 'test': 0.35856085736157184}, 'wall_s': 81.54, 'cpu_s': 72.57, 'gpu_s': 8.93, 'wait_s': 641.4}
    [Time] wall=81.5s | cpu=72.6s | gpu=8.9s
    C:\Users\fbrev\Documents\Acadêmico\Simulações\Python\NoisyGL\predictor\Base_Predictor.py:144: UserWarning: Sparse CSR tensor support is in beta state. If you miss a functionality in the sparse tensor support, please submit a feature request to https://github.com/pytorch/pytorch/issues. (Triggered internally at ..\aten\src\ATen\SparseCsrTensorImpl.cpp:55.)
    self.adj_csr = self.adj.to_sparse_csr().to(self.device)
