[I 2026-04-27 15:01:30,451] Trial 85 finished with value: 0.385251339627456 and parameters: {'lr': 0.005, 'weight_decay': 0.001, 'n_hidden': 32, 'n_layer': 3, 'dropout': 0.564869012076339, 'knn_mode': 's', 'k': 19, 'dexp': 8.255889323073832, 'p_grd': 0.8638669852533952, 'unc_rem': 0.19826494433972916, 'unc_rel': 0.5942765285305599}. Best is trial 74 with value: 0.38872161265628985.
    [CPU] Loading amazon-ratings...
    DEBUG 3.1: Dataset init start
    DEBUG 3.2: prepare_data start amazon-ratings
    ----Data statistics------'
    Name: amazon-ratings
    #Nodes 24492
    #Edges 93050
    #Classes 5
    #Ave_degree 7.60
    ----Split statistics------'
    #Train samples 1224 (5.0 % of nodes)
    #Val samples 3673 (15.0 % of nodes)
    #Test samples 19595 (remaining)
    ----label noise information:------
    Instance dependent noise
    #Actual noise rate 0.50
    [cuda:0] LNPCC waiting for GPU slot...
    [cuda:0] Slot acquired (waited 686.8s). Starting GCN...
    FINAL_RESULT: {'acc': {'train': 0.3001644736842105, 'valid': 0.2591886741083583, 'test': 0.3862720081653483}, 'wall_s': 48.44, 'cpu_s': 45.29, 'gpu_s': 3.1, 'wait_s': 686.84}
    [Time] wall=48.4s | cpu=45.3s | gpu=3.1s
    C:\Users\fbrev\Documents\Acadêmico\Simulações\Python\NoisyGL\predictor\Base_Predictor.py:144: UserWarning: Sparse CSR tensor support is in beta state. If you miss a functionality in the sparse tensor support, please submit a feature request to https://github.com/pytorch/pytorch/issues. (Triggered internally at ..\aten\src\ATen\SparseCsrTensorImpl.cpp:55.)
    self.adj_csr = self.adj.to_sparse_csr().to(self.device)
[I 2026-04-27 15:13:51,895] Trial 86 finished with value: 0.3862720081653483 and parameters: {'lr': 0.005, 'weight_decay': 0.001, 'n_hidden': 32, 'n_layer': 3, 'dropout': 0.6024856535780884, 'knn_mode': 's', 'k': 28, 'dexp': 9.647207089659451, 'p_grd': 0.4170304128876329, 'unc_rem': 0.13215266929963776, 'unc_rel': 0.6834136222853562}. Best is trial 74 with value: 0.38872161265628985.
    [CPU] Loading amazon-ratings...
    DEBUG 3.1: Dataset init start
    DEBUG 3.2: prepare_data start amazon-ratings
    ----Data statistics------'
    Name: amazon-ratings
    #Nodes 24492
    #Edges 93050
    #Classes 5
    #Ave_degree 7.60
    ----Split statistics------'
    #Train samples 1224 (5.0 % of nodes)
    #Val samples 3673 (15.0 % of nodes)
    #Test samples 19595 (remaining)
    ----label noise information:------
    Instance dependent noise
    #Actual noise rate 0.50
    [cuda:0] LNPCC waiting for GPU slot...
    [cuda:0] Slot acquired (waited 390.8s). Starting GCN...
    FINAL_RESULT: {'acc': {'train': 0.24199743918053776, 'valid': 0.23985842635447863, 'test': 0.3677979076294973}, 'wall_s': 116.92, 'cpu_s': 113.92, 'gpu_s': 2.95, 'wait_s': 390.82}
    [Time] wall=116.9s | cpu=113.9s | gpu=3.0s
    C:\Users\fbrev\Documents\Acadêmico\Simulações\Python\NoisyGL\predictor\Base_Predictor.py:144: UserWarning: Sparse CSR tensor support is in beta state. If you miss a functionality in the sparse tensor support, please submit a feature request to https://github.com/pytorch/pytorch/issues. (Triggered internally at ..\aten\src\ATen\SparseCsrTensorImpl.cpp:55.)
    self.adj_csr = self.adj.to_sparse_csr().to(self.device)
[I 2026-04-27 15:22:25,802] Trial 87 finished with value: 0.3677979076294973 and parameters: {'lr': 0.005, 'weight_decay': 0.05, 'n_hidden': 32, 'n_layer': 3, 'dropout': 0.6960790790885727, 'knn_mode': 's', 'k': 23, 'dexp': 7.914083095313595, 'p_grd': 0.9633108644592854, 'unc_rem': 0.00375657780422739, 'unc_rel': 0.5234826499114796}. Best is trial 74 with value: 0.38872161265628985.
    [CPU] Loading amazon-ratings...
    DEBUG 3.1: Dataset init start
    DEBUG 3.2: prepare_data start amazon-ratings
    ----Data statistics------'
    Name: amazon-ratings
    #Nodes 24492
    #Edges 93050
    #Classes 5
    #Ave_degree 7.60
    ----Split statistics------'
    #Train samples 1224 (5.0 % of nodes)
    #Val samples 3673 (15.0 % of nodes)
    #Test samples 19595 (remaining)
    ----label noise information:------
    Instance dependent noise
    #Actual noise rate 0.50
    [cuda:0] LNPCC waiting for GPU slot...
    [cuda:0] Slot acquired (waited 193.0s). Starting GCN...
    FINAL_RESULT: {'acc': {'train': 0.4439901880621423, 'valid': 0.2502041927579635, 'test': 0.3596835927532534}, 'wall_s': 63.26, 'cpu_s': 54.04, 'gpu_s': 9.18, 'wait_s': 192.96}
    [Time] wall=63.3s | cpu=54.0s | gpu=9.2s
    C:\Users\fbrev\Documents\Acadêmico\Simulações\Python\NoisyGL\predictor\Base_Predictor.py:144: UserWarning: Sparse CSR tensor support is in beta state. If you miss a functionality in the sparse tensor support, please submit a feature request to https://github.com/pytorch/pytorch/issues. (Triggered internally at ..\aten\src\ATen\SparseCsrTensorImpl.cpp:55.)
    self.adj_csr = self.adj.to_sparse_csr().to(self.device)
[I 2026-04-27 15:26:48,794] Trial 88 finished with value: 0.3596835927532534 and parameters: {'lr': 0.05, 'weight_decay': 0.001, 'n_hidden': 256, 'n_layer': 3, 'dropout': 0.5206283919897482, 'knn_mode': 's', 'k': 25, 'dexp': 8.547412862842735, 'p_grd': 0.5938802679873646, 'unc_rem': 0.2194336835628169, 'unc_rel': 0.5690793456239281}. Best is trial 74 with value: 0.38872161265628985.
    [CPU] Loading amazon-ratings...
    DEBUG 3.1: Dataset init start
    DEBUG 3.2: prepare_data start amazon-ratings
    ----Data statistics------'
    Name: amazon-ratings
    #Nodes 24492
    #Edges 93050
    #Classes 5
    #Ave_degree 7.60
    ----Split statistics------'
    #Train samples 1224 (5.0 % of nodes)
    #Val samples 3673 (15.0 % of nodes)
    #Test samples 19595 (remaining)
    ----label noise information:------
    Instance dependent noise
    #Actual noise rate 0.50
    [cuda:0] LNPCC waiting for GPU slot...
    [cuda:0] Slot acquired (waited 178.9s). Starting GCN...
    FINAL_RESULT: {'acc': {'train': 0.2581699346405229, 'valid': 0.2608222161720664, 'test': 0.34901760653227865}, 'wall_s': 67.03, 'cpu_s': 63.52, 'gpu_s': 3.46, 'wait_s': 178.94}
    [Time] wall=67.0s | cpu=63.5s | gpu=3.5s
    C:\Users\fbrev\Documents\Acadêmico\Simulações\Python\NoisyGL\predictor\Base_Predictor.py:144: UserWarning: Sparse CSR tensor support is in beta state. If you miss a functionality in the sparse tensor support, please submit a feature request to https://github.com/pytorch/pytorch/issues. (Triggered internally at ..\aten\src\ATen\SparseCsrTensorImpl.cpp:55.)
    self.adj_csr = self.adj.to_sparse_csr().to(self.device)
[I 2026-04-27 15:31:01,349] Trial 89 finished with value: 0.34901760653227865 and parameters: {'lr': 0.1, 'weight_decay': 0.001, 'n_hidden': 32, 'n_layer': 3, 'dropout': 0.6362895855903759, 'knn_mode': 's', 'k': 21, 'dexp': 9.376783940051393, 'p_grd': 0.6419465530332792, 'unc_rem': 0.16498838302862873, 'unc_rel': 0.7291195342310726}. Best is trial 74 with value: 0.38872161265628985.
    [CPU] Loading amazon-ratings...
    DEBUG 3.1: Dataset init start
    DEBUG 3.2: prepare_data start amazon-ratings
    ----Data statistics------'
    Name: amazon-ratings
    #Nodes 24492
    #Edges 93050
    #Classes 5
    #Ave_degree 7.60
    ----Split statistics------'
    #Train samples 1224 (5.0 % of nodes)
    #Val samples 3673 (15.0 % of nodes)
    #Test samples 19595 (remaining)
    ----label noise information:------
    Instance dependent noise
    #Actual noise rate 0.50
    [cuda:0] LNPCC waiting for GPU slot...
    [cuda:0] Slot acquired (waited 691.6s). Starting GCN...
    FINAL_RESULT: {'acc': {'train': 0.3006535947712418, 'valid': 0.26245575823577455, 'test': 0.38443480479714215}, 'wall_s': 72.95, 'cpu_s': 69.75, 'gpu_s': 3.15, 'wait_s': 691.57}
    [Time] wall=72.9s | cpu=69.7s | gpu=3.2s
    C:\Users\fbrev\Documents\Acadêmico\Simulações\Python\NoisyGL\predictor\Base_Predictor.py:144: UserWarning: Sparse CSR tensor support is in beta state. If you miss a functionality in the sparse tensor support, please submit a feature request to https://github.com/pytorch/pytorch/issues. (Triggered internally at ..\aten\src\ATen\SparseCsrTensorImpl.cpp:55.)
    self.adj_csr = self.adj.to_sparse_csr().to(self.device)
[I 2026-04-27 15:43:52,222] Trial 90 finished with value: 0.38443480479714215 and parameters: {'lr': 0.005, 'weight_decay': 0.001, 'n_hidden': 32, 'n_layer': 3, 'dropout': 0.609469277534861, 'knn_mode': 's', 'k': 20, 'dexp': 9.089521277119273, 'p_grd': 0.7390760654279097, 'unc_rem': 0.3095695885773018, 'unc_rel': 0.4861384311886394}. Best is trial 74 with value: 0.38872161265628985.
    [CPU] Loading amazon-ratings...
    DEBUG 3.1: Dataset init start
    DEBUG 3.2: prepare_data start amazon-ratings
    ----Data statistics------'
    Name: amazon-ratings
    #Nodes 24492
    #Edges 93050
    #Classes 5
    #Ave_degree 7.60
    ----Split statistics------'
    #Train samples 1224 (5.0 % of nodes)
    #Val samples 3673 (15.0 % of nodes)
    #Test samples 19595 (remaining)
    ----label noise information:------
    Instance dependent noise
    #Actual noise rate 0.50
    [cuda:0] LNPCC waiting for GPU slot...
    [cuda:0] Slot acquired (waited 173.6s). Starting GCN...
    FINAL_RESULT: {'acc': {'train': 0.3137254901960784, 'valid': 0.25973318812959434, 'test': 0.3863230415922429}, 'wall_s': 74.82, 'cpu_s': 71.27, 'gpu_s': 3.5, 'wait_s': 173.6}
    [Time] wall=74.8s | cpu=71.3s | gpu=3.5s
    C:\Users\fbrev\Documents\Acadêmico\Simulações\Python\NoisyGL\predictor\Base_Predictor.py:144: UserWarning: Sparse CSR tensor support is in beta state. If you miss a functionality in the sparse tensor support, please submit a feature request to https://github.com/pytorch/pytorch/issues. (Triggered internally at ..\aten\src\ATen\SparseCsrTensorImpl.cpp:55.)
    self.adj_csr = self.adj.to_sparse_csr().to(self.device)
[I 2026-04-27 15:48:06,906] Trial 91 finished with value: 0.3863230415922429 and parameters: {'lr': 0.005, 'weight_decay': 0.001, 'n_hidden': 32, 'n_layer': 3, 'dropout': 0.5830196248293723, 'knn_mode': 's', 'k': 29, 'dexp': 8.250564664737684, 'p_grd': 0.8877329500293337, 'unc_rem': 0.2835955937574422, 'unc_rel': 0.6148087628762989}. Best is trial 74 with value: 0.38872161265628985.
    [CPU] Loading amazon-ratings...
    DEBUG 3.1: Dataset init start
    DEBUG 3.2: prepare_data start amazon-ratings
    ----Data statistics------'
    Name: amazon-ratings
    #Nodes 24492
    #Edges 93050
    #Classes 5
    #Ave_degree 7.60
    ----Split statistics------'
    #Train samples 1224 (5.0 % of nodes)
    #Val samples 3673 (15.0 % of nodes)
    #Test samples 19595 (remaining)
    ----label noise information:------
    Instance dependent noise
    #Actual noise rate 0.50
    [cuda:0] LNPCC waiting for GPU slot...
    [cuda:0] Slot acquired (waited 193.6s). Starting GCN...
    FINAL_RESULT: {'acc': {'train': 0.2107843137254902, 'valid': 0.23904165532262456, 'test': 0.36279663179382493}, 'wall_s': 67.04, 'cpu_s': 63.79, 'gpu_s': 3.2, 'wait_s': 193.61}
    [Time] wall=67.0s | cpu=63.8s | gpu=3.2s
    C:\Users\fbrev\Documents\Acadêmico\Simulações\Python\NoisyGL\predictor\Base_Predictor.py:144: UserWarning: Sparse CSR tensor support is in beta state. If you miss a functionality in the sparse tensor support, please submit a feature request to https://github.com/pytorch/pytorch/issues. (Triggered internally at ..\aten\src\ATen\SparseCsrTensorImpl.cpp:55.)
    self.adj_csr = self.adj.to_sparse_csr().to(self.device)
[I 2026-04-27 15:52:33,942] Trial 92 finished with value: 0.36279663179382493 and parameters: {'lr': 0.005, 'weight_decay': 0.01, 'n_hidden': 32, 'n_layer': 3, 'dropout': 0.43368083811907804, 'knn_mode': 's', 'k': 26, 'dexp': 8.71684839596357, 'p_grd': 0.686270856888196, 'unc_rem': 0.2579007307559125, 'unc_rel': 0.54246949192479}. Best is trial 74 with value: 0.38872161265628985.
    [CPU] Loading amazon-ratings...
    DEBUG 3.1: Dataset init start
    DEBUG 3.2: prepare_data start amazon-ratings
    ----Data statistics------'
    Name: amazon-ratings
    #Nodes 24492
    #Edges 93050
    #Classes 5
    #Ave_degree 7.60
    ----Split statistics------'
    #Train samples 1224 (5.0 % of nodes)
    #Val samples 3673 (15.0 % of nodes)
    #Test samples 19595 (remaining)
    ----label noise information:------
    Instance dependent noise
    #Actual noise rate 0.50
    [cuda:0] LNPCC waiting for GPU slot...
    [cuda:0] Slot acquired (waited 661.4s). Starting GCN...
    FINAL_RESULT: {'acc': {'train': 0.41421568627450983, 'valid': 0.2591886741083583, 'test': 0.34299566215871397}, 'wall_s': 92.52, 'cpu_s': 89.14, 'gpu_s': 3.33, 'wait_s': 661.42}
    [Time] wall=92.5s | cpu=89.1s | gpu=3.3s
    C:\Users\fbrev\Documents\Acadêmico\Simulações\Python\NoisyGL\predictor\Base_Predictor.py:144: UserWarning: Sparse CSR tensor support is in beta state. If you miss a functionality in the sparse tensor support, please submit a feature request to https://github.com/pytorch/pytorch/issues. (Triggered internally at ..\aten\src\ATen\SparseCsrTensorImpl.cpp:55.)
    self.adj_csr = self.adj.to_sparse_csr().to(self.device)
[I 2026-04-27 16:05:14,466] Trial 93 finished with value: 0.34299566215871397 and parameters: {'lr': 0.005, 'weight_decay': 0.0, 'n_hidden': 32, 'n_layer': 3, 'dropout': 0.49779339896351293, 'knn_mode': 's', 'k': 24, 'dexp': 8.46469791522605, 'p_grd': 0.9276495910170388, 'unc_rem': 0.24452855940897272, 'unc_rel': 0.64744528214679}. Best is trial 74 with value: 0.38872161265628985.
    [CPU] Loading amazon-ratings...
    DEBUG 3.1: Dataset init start
    DEBUG 3.2: prepare_data start amazon-ratings
    ----Data statistics------'
    Name: amazon-ratings
    #Nodes 24492
    #Edges 93050
    #Classes 5
    #Ave_degree 7.60
    ----Split statistics------'
    #Train samples 1224 (5.0 % of nodes)
    #Val samples 3673 (15.0 % of nodes)
    #Test samples 19595 (remaining)
    ----label noise information:------
    Instance dependent noise
    #Actual noise rate 0.50
    [cuda:0] LNPCC waiting for GPU slot...
    [cuda:0] Slot acquired (waited 179.4s). Starting GCN...
    FINAL_RESULT: {'acc': {'train': 0.3243464052287582, 'valid': 0.26245575823577455, 'test': 0.38581270732329676}, 'wall_s': 75.98, 'cpu_s': 72.71, 'gpu_s': 3.23, 'wait_s': 179.44}
    [Time] wall=76.0s | cpu=72.7s | gpu=3.2s
    C:\Users\fbrev\Documents\Acadêmico\Simulações\Python\NoisyGL\predictor\Base_Predictor.py:144: UserWarning: Sparse CSR tensor support is in beta state. If you miss a functionality in the sparse tensor support, please submit a feature request to https://github.com/pytorch/pytorch/issues. (Triggered internally at ..\aten\src\ATen\SparseCsrTensorImpl.cpp:55.)
    self.adj_csr = self.adj.to_sparse_csr().to(self.device)
[I 2026-04-27 16:09:36,397] Trial 94 finished with value: 0.38581270732329676 and parameters: {'lr': 0.005, 'weight_decay': 0.001, 'n_hidden': 32, 'n_layer': 3, 'dropout': 0.689685709945172, 'knn_mode': 's', 'k': 23, 'dexp': 8.642373247838496, 'p_grd': 0.8253751413357999, 'unc_rem': 0.21933340950393967, 'unc_rel': 0.5861084765077254}. Best is trial 74 with value: 0.38872161265628985.
    [CPU] Loading amazon-ratings...
    DEBUG 3.1: Dataset init start
    DEBUG 3.2: prepare_data start amazon-ratings
    ----Data statistics------'
    Name: amazon-ratings
    #Nodes 24492
    #Edges 93050
    #Classes 5
    #Ave_degree 7.60
    ----Split statistics------'
    #Train samples 1224 (5.0 % of nodes)
    #Val samples 3673 (15.0 % of nodes)
    #Test samples 19595 (remaining)
    ----label noise information:------
    Instance dependent noise
    #Actual noise rate 0.50
    [cuda:0] LNPCC waiting for GPU slot...
    [cuda:0] Slot acquired (waited 683.2s). Starting GCN...
    FINAL_RESULT: {'acc': {'train': 0.2559280457890433, 'valid': 0.24149196841818676, 'test': 0.3689206430211789}, 'wall_s': 104.92, 'cpu_s': 101.7, 'gpu_s': 3.18, 'wait_s': 683.2}
    [Time] wall=104.9s | cpu=101.7s | gpu=3.2s
    C:\Users\fbrev\Documents\Acadêmico\Simulações\Python\NoisyGL\predictor\Base_Predictor.py:144: UserWarning: Sparse CSR tensor support is in beta state. If you miss a functionality in the sparse tensor support, please submit a feature request to https://github.com/pytorch/pytorch/issues. (Triggered internally at ..\aten\src\ATen\SparseCsrTensorImpl.cpp:55.)
    self.adj_csr = self.adj.to_sparse_csr().to(self.device)
[I 2026-04-27 16:22:51,256] Trial 95 finished with value: 0.3689206430211789 and parameters: {'lr': 0.005, 'weight_decay': 0.05, 'n_hidden': 32, 'n_layer': 3, 'dropout': 0.6508574503854712, 'knn_mode': 's', 'k': 24, 'dexp': 3.1600607987408256, 'p_grd': 0.9123437794464588, 'unc_rem': 0.18695514204481628, 'unc_rel': 0.45310704458977047}. Best is trial 74 with value: 0.38872161265628985.
    [CPU] Loading amazon-ratings...
    DEBUG 3.1: Dataset init start
    DEBUG 3.2: prepare_data start amazon-ratings
    ----Data statistics------'
    Name: amazon-ratings
    #Nodes 24492
    #Edges 93050
    #Classes 5
    #Ave_degree 7.60
    ----Split statistics------'
    #Train samples 1224 (5.0 % of nodes)
    #Val samples 3673 (15.0 % of nodes)
    #Test samples 19595 (remaining)
    ----label noise information:------
    Instance dependent noise
    #Actual noise rate 0.50
    [cuda:0] LNPCC waiting for GPU slot...
    [cuda:0] Slot acquired (waited 456.6s). Starting GCN...
    FINAL_RESULT: {'acc': {'train': 0.31781045751633985, 'valid': 0.25973318812959434, 'test': 0.38770094411839756}, 'wall_s': 73.18, 'cpu_s': 69.95, 'gpu_s': 3.16, 'wait_s': 456.63}
    [Time] wall=73.2s | cpu=70.0s | gpu=3.2s
    C:\Users\fbrev\Documents\Acadêmico\Simulações\Python\NoisyGL\predictor\Base_Predictor.py:144: UserWarning: Sparse CSR tensor support is in beta state. If you miss a functionality in the sparse tensor support, please submit a feature request to https://github.com/pytorch/pytorch/issues. (Triggered internally at ..\aten\src\ATen\SparseCsrTensorImpl.cpp:55.)
    self.adj_csr = self.adj.to_sparse_csr().to(self.device)
[I 2026-04-27 16:31:48,097] Trial 96 finished with value: 0.38770094411839756 and parameters: {'lr': 0.005, 'weight_decay': 0.001, 'n_hidden': 32, 'n_layer': 3, 'dropout': 0.48038826675473284, 'knn_mode': 's', 'k': 22, 'dexp': 8.977516289522848, 'p_grd': 0.7989530928350232, 'unc_rem': 0.2359751933770464, 'unc_rel': 0.35151334884241653}. Best is trial 74 with value: 0.38872161265628985.
    [CPU] Loading amazon-ratings...
    DEBUG 3.1: Dataset init start
    DEBUG 3.2: prepare_data start amazon-ratings
    ----Data statistics------'
    Name: amazon-ratings
    #Nodes 24492
    #Edges 93050
    #Classes 5
    #Ave_degree 7.60
    ----Split statistics------'
    #Train samples 1224 (5.0 % of nodes)
    #Val samples 3673 (15.0 % of nodes)
    #Test samples 19595 (remaining)
    ----label noise information:------
    Instance dependent noise
    #Actual noise rate 0.50
    [cuda:0] LNPCC waiting for GPU slot...
    [cuda:0] Slot acquired (waited 183.0s). Starting GCN...
    FINAL_RESULT: {'acc': {'train': 0.3109656301145663, 'valid': 0.2635447862782467, 'test': 0.3847410053585098}, 'wall_s': 69.96, 'cpu_s': 66.63, 'gpu_s': 3.28, 'wait_s': 182.99}
    [Time] wall=70.0s | cpu=66.6s | gpu=3.3s
    C:\Users\fbrev\Documents\Acadêmico\Simulações\Python\NoisyGL\predictor\Base_Predictor.py:144: UserWarning: Sparse CSR tensor support is in beta state. If you miss a functionality in the sparse tensor support, please submit a feature request to https://github.com/pytorch/pytorch/issues. (Triggered internally at ..\aten\src\ATen\SparseCsrTensorImpl.cpp:55.)
    self.adj_csr = self.adj.to_sparse_csr().to(self.device)
[I 2026-04-27 16:36:07,643] Trial 97 finished with value: 0.3847410053585098 and parameters: {'lr': 0.005, 'weight_decay': 0.001, 'n_hidden': 32, 'n_layer': 3, 'dropout': 0.7209659151724583, 'knn_mode': 's', 'k': 22, 'dexp': 8.921604964815732, 'p_grd': 0.7842492008384016, 'unc_rem': 0.09891465682813554, 'unc_rel': 0.548369308573196}. Best is trial 74 with value: 0.38872161265628985.
    [CPU] Loading amazon-ratings...
    DEBUG 3.1: Dataset init start
    DEBUG 3.2: prepare_data start amazon-ratings
    ----Data statistics------'
    Name: amazon-ratings
    #Nodes 24492
    #Edges 93050
    #Classes 5
    #Ave_degree 7.60
    ----Split statistics------'
    #Train samples 1224 (5.0 % of nodes)
    #Val samples 3673 (15.0 % of nodes)
    #Test samples 19595 (remaining)
    ----label noise information:------
    Instance dependent noise
    #Actual noise rate 0.50
    [cuda:0] LNPCC waiting for GPU slot...
    [cuda:0] Slot acquired (waited 192.4s). Starting GCN...
    FINAL_RESULT: {'acc': {'train': 0.39950980392156865, 'valid': 0.26000544514021234, 'test': 0.3421791273284001}, 'wall_s': 78.38, 'cpu_s': 72.65, 'gpu_s': 5.68, 'wait_s': 192.37}
    [Time] wall=78.4s | cpu=72.7s | gpu=5.7s
    C:\Users\fbrev\Documents\Acadêmico\Simulações\Python\NoisyGL\predictor\Base_Predictor.py:144: UserWarning: Sparse CSR tensor support is in beta state. If you miss a functionality in the sparse tensor support, please submit a feature request to https://github.com/pytorch/pytorch/issues. (Triggered internally at ..\aten\src\ATen\SparseCsrTensorImpl.cpp:55.)
    self.adj_csr = self.adj.to_sparse_csr().to(self.device)
