[I 2026-04-29 15:55:57,703] Trial 26 finished with value: 0.3288472145615003 and parameters: {'lr': 0.001, 'weight_decay': 0.001, 'n_hidden': 32, 'n_layer': 2, 'dropout': 0.09898940611509882, 'p_cutoff': 0.4754770609475141, 'edge_threshold': 0.49085057972333895}. Best is trial 6 with value: 0.3424710424710425.
    [CPU] Loading roman-empire...
    DEBUG 3.1: Dataset init start
    DEBUG 3.2: prepare_data start roman-empire
    ----Data statistics------'
    Name: roman-empire
    #Nodes 22662
    #Edges 32927
    #Classes 18
    #Ave_degree 2.91
    ----Split statistics------'
    #Train samples 1133 (5.0 % of nodes)
    #Val samples 3399 (15.0 % of nodes)
    #Test samples 18130 (remaining)
    ----label noise information:------
    Instance dependent noise
    #Actual noise rate 0.50
    [cuda:1] Waiting for GPU slot...
    [cuda:1] Slot acquired (waited 192.2s). Training...
    [NRGNN] Large dataset detected (22662 nodes). Using sampled similarity search.
    FINAL_RESULT: {'acc': {'train': 0.28773168578993824, 'valid': 0.20711974110032363, 'test': 0.3318257032542747}, 'wall_s': 194.08, 'cpu_s': 12.21, 'gpu_s': 181.61, 'wait_s': 192.19}
    [Time] wall=194.1s | cpu=12.2s | gpu=181.6s
    C:\Users\fbrev\Documents\Acadêmico\Simulações\Python\NoisyGL\predictor\Base_Predictor.py:144: UserWarning: Sparse CSR tensor support is in beta state. If you miss a functionality in the sparse tensor support, please submit a feature request to https://github.com/pytorch/pytorch/issues. (Triggered internally at ..\aten\src\ATen\SparseCsrTensorImpl.cpp:55.)
    self.adj_csr = self.adj.to_sparse_csr().to(self.device)
[I 2026-04-29 16:02:30,097] Trial 27 finished with value: 0.3318257032542747 and parameters: {'lr': 0.001, 'weight_decay': 0.001, 'n_hidden': 32, 'n_layer': 2, 'dropout': 0.207073585302469, 'p_cutoff': 0.08492448227307939, 'edge_threshold': 0.44606241449362266}. Best is trial 6 with value: 0.3424710424710425.
    [CPU] Loading roman-empire...
    DEBUG 3.1: Dataset init start
    DEBUG 3.2: prepare_data start roman-empire
    ----Data statistics------'
    Name: roman-empire
    #Nodes 22662
    #Edges 32927
    #Classes 18
    #Ave_degree 2.91
    ----Split statistics------'
    #Train samples 1133 (5.0 % of nodes)
    #Val samples 3399 (15.0 % of nodes)
    #Test samples 18130 (remaining)
    ----label noise information:------
    Instance dependent noise
    #Actual noise rate 0.50
    [cuda:1] Waiting for GPU slot...
    [cuda:1] Slot acquired (waited 177.9s). Training...
    [NRGNN] Large dataset detected (22662 nodes). Using sampled similarity search.
    FINAL_RESULT: {'acc': {'train': 0.28067078552515445, 'valid': 0.20653133274492497, 'test': 0.33188086045228904}, 'wall_s': 215.68, 'cpu_s': 12.81, 'gpu_s': 202.59, 'wait_s': 177.94}
    [Time] wall=215.7s | cpu=12.8s | gpu=202.6s
    C:\Users\fbrev\Documents\Acadêmico\Simulações\Python\NoisyGL\predictor\Base_Predictor.py:144: UserWarning: Sparse CSR tensor support is in beta state. If you miss a functionality in the sparse tensor support, please submit a feature request to https://github.com/pytorch/pytorch/issues. (Triggered internally at ..\aten\src\ATen\SparseCsrTensorImpl.cpp:55.)
    self.adj_csr = self.adj.to_sparse_csr().to(self.device)
[I 2026-04-29 16:09:09,892] Trial 28 finished with value: 0.33188086045228904 and parameters: {'lr': 0.001, 'weight_decay': 0.001, 'n_hidden': 32, 'n_layer': 2, 'dropout': 0.20517187976451975, 'p_cutoff': 0.07142087687396323, 'edge_threshold': 0.4437371997230566}. Best is trial 6 with value: 0.3424710424710425.
    [CPU] Loading roman-empire...
    DEBUG 3.1: Dataset init start
    DEBUG 3.2: prepare_data start roman-empire
    ----Data statistics------'
    Name: roman-empire
    #Nodes 22662
    #Edges 32927
    #Classes 18
    #Ave_degree 2.91
    ----Split statistics------'
    #Train samples 1133 (5.0 % of nodes)
    #Val samples 3399 (15.0 % of nodes)
    #Test samples 18130 (remaining)
    ----label noise information:------
    Instance dependent noise
    #Actual noise rate 0.50
    [cuda:1] Waiting for GPU slot...
    [cuda:1] Slot acquired (waited 392.7s). Training...
    [NRGNN] Large dataset detected (22662 nodes). Using sampled similarity search.
    FINAL_RESULT: {'acc': {'train': 0.2886142983230362, 'valid': 0.20623712856722565, 'test': 0.3296745725317154}, 'wall_s': 207.01, 'cpu_s': 12.52, 'gpu_s': 194.22, 'wait_s': 392.74}
    [Time] wall=207.0s | cpu=12.5s | gpu=194.2s
    C:\Users\fbrev\Documents\Acadêmico\Simulações\Python\NoisyGL\predictor\Base_Predictor.py:144: UserWarning: Sparse CSR tensor support is in beta state. If you miss a functionality in the sparse tensor support, please submit a feature request to https://github.com/pytorch/pytorch/issues. (Triggered internally at ..\aten\src\ATen\SparseCsrTensorImpl.cpp:55.)
    self.adj_csr = self.adj.to_sparse_csr().to(self.device)
[I 2026-04-29 16:19:16,680] Trial 29 finished with value: 0.3296745725317154 and parameters: {'lr': 0.001, 'weight_decay': 0.001, 'n_hidden': 32, 'n_layer': 2, 'dropout': 0.0014894019464034777, 'p_cutoff': 0.24041061717259074, 'edge_threshold': 0.29299028997289694}. Best is trial 6 with value: 0.3424710424710425.
    [CPU] Loading roman-empire...
    DEBUG 3.1: Dataset init start
    DEBUG 3.2: prepare_data start roman-empire
    ----Data statistics------'
    Name: roman-empire
    #Nodes 22662
    #Edges 32927
    #Classes 18
    #Ave_degree 2.91
    ----Split statistics------'
    #Train samples 1133 (5.0 % of nodes)
    #Val samples 3399 (15.0 % of nodes)
    #Test samples 18130 (remaining)
    ----label noise information:------
    Instance dependent noise
    #Actual noise rate 0.50
    [cuda:1] Waiting for GPU slot...
    [cuda:1] Slot acquired (waited 785.2s). Training...
    [NRGNN] Large dataset detected (22662 nodes). Using sampled similarity search.
    FINAL_RESULT: {'acc': {'train': 0.28773168578993824, 'valid': 0.20594292438952633, 'test': 0.3288472145615003}, 'wall_s': 206.99, 'cpu_s': 12.34, 'gpu_s': 194.4, 'wait_s': 785.23}
    [Time] wall=207.0s | cpu=12.3s | gpu=194.4s
    C:\Users\fbrev\Documents\Acadêmico\Simulações\Python\NoisyGL\predictor\Base_Predictor.py:144: UserWarning: Sparse CSR tensor support is in beta state. If you miss a functionality in the sparse tensor support, please submit a feature request to https://github.com/pytorch/pytorch/issues. (Triggered internally at ..\aten\src\ATen\SparseCsrTensorImpl.cpp:55.)
    self.adj_csr = self.adj.to_sparse_csr().to(self.device)
[I 2026-04-29 16:35:55,467] Trial 30 finished with value: 0.3288472145615003 and parameters: {'lr': 0.001, 'weight_decay': 0.001, 'n_hidden': 32, 'n_layer': 2, 'dropout': 0.09975539273757375, 'p_cutoff': 0.023461979665845623, 'edge_threshold': 0.4454134761851169}. Best is trial 6 with value: 0.3424710424710425.
    [CPU] Loading roman-empire...
    DEBUG 3.1: Dataset init start
    DEBUG 3.2: prepare_data start roman-empire
    ----Data statistics------'
    Name: roman-empire
    #Nodes 22662
    #Edges 32927
    #Classes 18
    #Ave_degree 2.91
    ----Split statistics------'
    #Train samples 1133 (5.0 % of nodes)
    #Val samples 3399 (15.0 % of nodes)
    #Test samples 18130 (remaining)
    ----label noise information:------
    Instance dependent noise
    #Actual noise rate 0.50
    [cuda:1] Waiting for GPU slot...
    [cuda:1] Slot acquired (waited 180.1s). Training...
    [NRGNN] Large dataset detected (22662 nodes). Using sampled similarity search.
    FINAL_RESULT: {'acc': {'train': 0.2912621359223301, 'valid': 0.20653133274492497, 'test': 0.3301158301158301}, 'wall_s': 198.02, 'cpu_s': 12.44, 'gpu_s': 185.29, 'wait_s': 180.12}
    [Time] wall=198.0s | cpu=12.4s | gpu=185.3s
    C:\Users\fbrev\Documents\Acadêmico\Simulações\Python\NoisyGL\predictor\Base_Predictor.py:144: UserWarning: Sparse CSR tensor support is in beta state. If you miss a functionality in the sparse tensor support, please submit a feature request to https://github.com/pytorch/pytorch/issues. (Triggered internally at ..\aten\src\ATen\SparseCsrTensorImpl.cpp:55.)
    self.adj_csr = self.adj.to_sparse_csr().to(self.device)
[I 2026-04-29 16:42:19,957] Trial 31 finished with value: 0.3301158301158301 and parameters: {'lr': 0.001, 'weight_decay': 0.001, 'n_hidden': 32, 'n_layer': 2, 'dropout': 0.19289324268969518, 'p_cutoff': 0.10486185460846825, 'edge_threshold': 0.4117996464514893}. Best is trial 6 with value: 0.3424710424710425.
    [CPU] Loading roman-empire...
    DEBUG 3.1: Dataset init start
    DEBUG 3.2: prepare_data start roman-empire
    ----Data statistics------'
    Name: roman-empire
    #Nodes 22662
    #Edges 32927
    #Classes 18
    #Ave_degree 2.91
    ----Split statistics------'
    #Train samples 1133 (5.0 % of nodes)
    #Val samples 3399 (15.0 % of nodes)
    #Test samples 18130 (remaining)
    ----label noise information:------
    Instance dependent noise
    #Actual noise rate 0.50
    [cuda:1] Waiting for GPU slot...
    [cuda:1] Slot acquired (waited 187.4s). Training...
    [NRGNN] Large dataset detected (22662 nodes). Using sampled similarity search.
    FINAL_RESULT: {'acc': {'train': 0.28596646072374227, 'valid': 0.20506031185642837, 'test': 0.32625482625482627}, 'wall_s': 199.12, 'cpu_s': 11.94, 'gpu_s': 186.92, 'wait_s': 187.45}
    [Time] wall=199.1s | cpu=11.9s | gpu=186.9s
    C:\Users\fbrev\Documents\Acadêmico\Simulações\Python\NoisyGL\predictor\Base_Predictor.py:144: UserWarning: Sparse CSR tensor support is in beta state. If you miss a functionality in the sparse tensor support, please submit a feature request to https://github.com/pytorch/pytorch/issues. (Triggered internally at ..\aten\src\ATen\SparseCsrTensorImpl.cpp:55.)
    self.adj_csr = self.adj.to_sparse_csr().to(self.device)
[I 2026-04-29 16:48:53,055] Trial 32 finished with value: 0.32625482625482627 and parameters: {'lr': 0.001, 'weight_decay': 0.0001, 'n_hidden': 32, 'n_layer': 2, 'dropout': 0.2227491137426311, 'p_cutoff': 0.08570058944362602, 'edge_threshold': 0.4362611414069774}. Best is trial 6 with value: 0.3424710424710425.
    [CPU] Loading roman-empire...
    DEBUG 3.1: Dataset init start
    DEBUG 3.2: prepare_data start roman-empire
    ----Data statistics------'
    Name: roman-empire
    #Nodes 22662
    #Edges 32927
    #Classes 18
    #Ave_degree 2.91
    ----Split statistics------'
    #Train samples 1133 (5.0 % of nodes)
    #Val samples 3399 (15.0 % of nodes)
    #Test samples 18130 (remaining)
    ----label noise information:------
    Instance dependent noise
    #Actual noise rate 0.50
    [cuda:1] Waiting for GPU slot...
    [cuda:1] Slot acquired (waited 168.9s). Training...
    [NRGNN] Large dataset detected (22662 nodes). Using sampled similarity search.
    FINAL_RESULT: {'acc': {'train': 0.2921447484554281, 'valid': 0.20682553692262431, 'test': 0.3299503585217871}, 'wall_s': 210.99, 'cpu_s': 12.41, 'gpu_s': 198.31, 'wait_s': 168.85}
    [Time] wall=211.0s | cpu=12.4s | gpu=198.3s
    C:\Users\fbrev\Documents\Acadêmico\Simulações\Python\NoisyGL\predictor\Base_Predictor.py:144: UserWarning: Sparse CSR tensor support is in beta state. If you miss a functionality in the sparse tensor support, please submit a feature request to https://github.com/pytorch/pytorch/issues. (Triggered internally at ..\aten\src\ATen\SparseCsrTensorImpl.cpp:55.)
    self.adj_csr = self.adj.to_sparse_csr().to(self.device)
[I 2026-04-29 16:55:19,277] Trial 33 finished with value: 0.3299503585217871 and parameters: {'lr': 0.001, 'weight_decay': 0.001, 'n_hidden': 32, 'n_layer': 2, 'dropout': 0.13689162350442124, 'p_cutoff': 0.28998694677473663, 'edge_threshold': 0.4163023176826085}. Best is trial 6 with value: 0.3424710424710425.
    [CPU] Loading roman-empire...
    DEBUG 3.1: Dataset init start
    DEBUG 3.2: prepare_data start roman-empire
    ----Data statistics------'
    Name: roman-empire
    #Nodes 22662
    #Edges 32927
    #Classes 18
    #Ave_degree 2.91
    ----Split statistics------'
    #Train samples 1133 (5.0 % of nodes)
    #Val samples 3399 (15.0 % of nodes)
    #Test samples 18130 (remaining)
    ----label noise information:------
    Instance dependent noise
    #Actual noise rate 0.50
    [cuda:1] Waiting for GPU slot...
    [cuda:1] Slot acquired (waited 588.0s). Training...
    [NRGNN] Large dataset detected (22662 nodes). Using sampled similarity search.
    FINAL_RESULT: {'acc': {'train': 0.2850838481906443, 'valid': 0.20447190350102973, 'test': 0.32597904026475455}, 'wall_s': 209.11, 'cpu_s': 12.72, 'gpu_s': 196.12, 'wait_s': 587.99}
    [Time] wall=209.1s | cpu=12.7s | gpu=196.1s
    C:\Users\fbrev\Documents\Acadêmico\Simulações\Python\NoisyGL\predictor\Base_Predictor.py:144: UserWarning: Sparse CSR tensor support is in beta state. If you miss a functionality in the sparse tensor support, please submit a feature request to https://github.com/pytorch/pytorch/issues. (Triggered internally at ..\aten\src\ATen\SparseCsrTensorImpl.cpp:55.)
    self.adj_csr = self.adj.to_sparse_csr().to(self.device)
[I 2026-04-29 17:08:43,503] Trial 34 finished with value: 0.32597904026475455 and parameters: {'lr': 0.001, 'weight_decay': 0.0001, 'n_hidden': 32, 'n_layer': 2, 'dropout': 0.1644962389606957, 'p_cutoff': 0.16626655412470492, 'edge_threshold': 0.4663064876590639}. Best is trial 6 with value: 0.3424710424710425.
    [CPU] Loading roman-empire...
    DEBUG 3.1: Dataset init start
    DEBUG 3.2: prepare_data start roman-empire
    ----Data statistics------'
    Name: roman-empire
    #Nodes 22662
    #Edges 32927
    #Classes 18
    #Ave_degree 2.91
    ----Split statistics------'
    #Train samples 1133 (5.0 % of nodes)
    #Val samples 3399 (15.0 % of nodes)
    #Test samples 18130 (remaining)
    ----label noise information:------
    Instance dependent noise
    #Actual noise rate 0.50
    [cuda:1] Waiting for GPU slot...
    [cuda:1] Slot acquired (waited 385.2s). Training...
    [NRGNN] Large dataset detected (22662 nodes). Using sampled similarity search.
    FINAL_RESULT: {'acc': {'train': 0.323036187113857, 'valid': 0.20358929096793174, 'test': 0.3286265857694429}, 'wall_s': 201.17, 'cpu_s': 11.73, 'gpu_s': 189.22, 'wait_s': 385.18}
    [Time] wall=201.2s | cpu=11.7s | gpu=189.2s
    C:\Users\fbrev\Documents\Acadêmico\Simulações\Python\NoisyGL\predictor\Base_Predictor.py:144: UserWarning: Sparse CSR tensor support is in beta state. If you miss a functionality in the sparse tensor support, please submit a feature request to https://github.com/pytorch/pytorch/issues. (Triggered internally at ..\aten\src\ATen\SparseCsrTensorImpl.cpp:55.)
    self.adj_csr = self.adj.to_sparse_csr().to(self.device)
[I 2026-04-29 17:18:36,283] Trial 35 finished with value: 0.3286265857694429 and parameters: {'lr': 0.01, 'weight_decay': 0.001, 'n_hidden': 32, 'n_layer': 2, 'dropout': 0.2418466089965982, 'p_cutoff': 0.0666760525767732, 'edge_threshold': 0.3542817817136594}. Best is trial 6 with value: 0.3424710424710425.
    [CPU] Loading roman-empire...
    DEBUG 3.1: Dataset init start
    DEBUG 3.2: prepare_data start roman-empire
    ----Data statistics------'
    Name: roman-empire
    #Nodes 22662
    #Edges 32927
    #Classes 18
    #Ave_degree 2.91
    ----Split statistics------'
    #Train samples 1133 (5.0 % of nodes)
    #Val samples 3399 (15.0 % of nodes)
    #Test samples 18130 (remaining)
    ----label noise information:------
    Instance dependent noise
    #Actual noise rate 0.50
    [cuda:1] Waiting for GPU slot...
    [cuda:1] Slot acquired (waited 571.0s). Training...
    [NRGNN] Large dataset detected (22662 nodes). Using sampled similarity search.
    FINAL_RESULT: {'acc': {'train': 0.31862312444836716, 'valid': 0.2080023536334216, 'test': 0.3394925537782681}, 'wall_s': 210.92, 'cpu_s': 12.69, 'gpu_s': 197.99, 'wait_s': 571.02}
    [Time] wall=210.9s | cpu=12.7s | gpu=198.0s
    C:\Users\fbrev\Documents\Acadêmico\Simulações\Python\NoisyGL\predictor\Base_Predictor.py:144: UserWarning: Sparse CSR tensor support is in beta state. If you miss a functionality in the sparse tensor support, please submit a feature request to https://github.com/pytorch/pytorch/issues. (Triggered internally at ..\aten\src\ATen\SparseCsrTensorImpl.cpp:55.)
    self.adj_csr = self.adj.to_sparse_csr().to(self.device)
[I 2026-04-29 17:31:44,686] Trial 36 finished with value: 0.3394925537782681 and parameters: {'lr': 0.001, 'weight_decay': 0.001, 'n_hidden': 256, 'n_layer': 2, 'dropout': 0.4420993938502752, 'p_cutoff': 0.24986611943821302, 'edge_threshold': 0.2695529006839319}. Best is trial 6 with value: 0.3424710424710425.
    [CPU] Loading roman-empire...
    DEBUG 3.1: Dataset init start
    DEBUG 3.2: prepare_data start roman-empire
    ----Data statistics------'
    Name: roman-empire
    #Nodes 22662
    #Edges 32927
    #Classes 18
    #Ave_degree 2.91
    ----Split statistics------'
    #Train samples 1133 (5.0 % of nodes)
    #Val samples 3399 (15.0 % of nodes)
    #Test samples 18130 (remaining)
    ----label noise information:------
    Instance dependent noise
    #Actual noise rate 0.50
    [cuda:1] Waiting for GPU slot...
    [cuda:1] Slot acquired (waited 589.4s). Training...
    [NRGNN] Large dataset detected (22662 nodes). Using sampled similarity search.
    FINAL_RESULT: {'acc': {'train': 0.3053839364518976, 'valid': 0.20770814945572227, 'test': 0.33987865416436847}, 'wall_s': 202.62, 'cpu_s': 12.39, 'gpu_s': 189.97, 'wait_s': 589.4}
    [Time] wall=202.6s | cpu=12.4s | gpu=190.0s
    C:\Users\fbrev\Documents\Acadêmico\Simulações\Python\NoisyGL\predictor\Base_Predictor.py:144: UserWarning: Sparse CSR tensor support is in beta state. If you miss a functionality in the sparse tensor support, please submit a feature request to https://github.com/pytorch/pytorch/issues. (Triggered internally at ..\aten\src\ATen\SparseCsrTensorImpl.cpp:55.)
    self.adj_csr = self.adj.to_sparse_csr().to(self.device)
[I 2026-04-29 17:45:03,653] Trial 37 finished with value: 0.33987865416436847 and parameters: {'lr': 0.001, 'weight_decay': 0.001, 'n_hidden': 256, 'n_layer': 2, 'dropout': 0.4051040400480979, 'p_cutoff': 0.23432776382480813, 'edge_threshold': 0.10989185856371964}. Best is trial 6 with value: 0.3424710424710425.
    [CPU] Loading roman-empire...
    DEBUG 3.1: Dataset init start
    DEBUG 3.2: prepare_data start roman-empire
    ----Data statistics------'
    Name: roman-empire
    #Nodes 22662
    #Edges 32927
    #Classes 18
    #Ave_degree 2.91
    ----Split statistics------'
    #Train samples 1133 (5.0 % of nodes)
    #Val samples 3399 (15.0 % of nodes)
    #Test samples 18130 (remaining)
    ----label noise information:------
    Instance dependent noise
    #Actual noise rate 0.50
    [cuda:1] Waiting for GPU slot...
    [cuda:1] Slot acquired (waited 388.0s). Training...
    [NRGNN] Large dataset detected (22662 nodes). Using sampled similarity search.
    FINAL_RESULT: {'acc': {'train': 0.3433362753751103, 'valid': 0.20270667843483378, 'test': 0.32073910645339215}, 'wall_s': 209.98, 'cpu_s': 12.5, 'gpu_s': 197.23, 'wait_s': 388.01}
    [Time] wall=210.0s | cpu=12.5s | gpu=197.2s
    C:\Users\fbrev\Documents\Acadêmico\Simulações\Python\NoisyGL\predictor\Base_Predictor.py:144: UserWarning: Sparse CSR tensor support is in beta state. If you miss a functionality in the sparse tensor support, please submit a feature request to https://github.com/pytorch/pytorch/issues. (Triggered internally at ..\aten\src\ATen\SparseCsrTensorImpl.cpp:55.)
    self.adj_csr = self.adj.to_sparse_csr().to(self.device)
[I 2026-04-29 17:55:08,286] Trial 38 finished with value: 0.32073910645339215 and parameters: {'lr': 0.001, 'weight_decay': 0.0001, 'n_hidden': 256, 'n_layer': 2, 'dropout': 0.45981220294574227, 'p_cutoff': 0.26855258992411096, 'edge_threshold': 0.11680392964128758}. Best is trial 6 with value: 0.3424710424710425.
    [CPU] Loading roman-empire...
    DEBUG 3.1: Dataset init start
    DEBUG 3.2: prepare_data start roman-empire
    ----Data statistics------'
    Name: roman-empire
    #Nodes 22662
    #Edges 32927
    #Classes 18
    #Ave_degree 2.91
    ----Split statistics------'
    #Train samples 1133 (5.0 % of nodes)
    #Val samples 3399 (15.0 % of nodes)
    #Test samples 18130 (remaining)
    ----label noise information:------
    Instance dependent noise
    #Actual noise rate 0.50
    [cuda:1] Waiting for GPU slot...
    [cuda:1] Slot acquired (waited 204.6s). Training...
    [NRGNN] Large dataset detected (22662 nodes). Using sampled similarity search.
    FINAL_RESULT: {'acc': {'train': 0.34863195057369817, 'valid': 0.1977052074139453, 'test': 0.32730281301709874}, 'wall_s': 212.66, 'cpu_s': 12.7, 'gpu_s': 199.76, 'wait_s': 204.55}
    [Time] wall=212.7s | cpu=12.7s | gpu=199.8s
    C:\Users\fbrev\Documents\Acadêmico\Simulações\Python\NoisyGL\predictor\Base_Predictor.py:144: UserWarning: Sparse CSR tensor support is in beta state. If you miss a functionality in the sparse tensor support, please submit a feature request to https://github.com/pytorch/pytorch/issues. (Triggered internally at ..\aten\src\ATen\SparseCsrTensorImpl.cpp:55.)
    self.adj_csr = self.adj.to_sparse_csr().to(self.device)
