[I 2026-05-05 19:29:10,283] Trial 138 finished with value: 0.6794113694395915 and parameters: {'lr': 0.05, 'weight_decay': 0.001, 'n_hidden': 64, 'n_layer': 3, 'dropout': 0.09111789940901474, 'knn_mode': 'd', 'k': 13, 'dexp': 2.306796972493889, 'p_grd': 0.2655926808214496, 'unc_rem': 0.8701560033147183, 'unc_rel': 0.6253726585928175}. Best is trial 118 with value: 0.7043408144066657.
    [CPU] Loading dblp...
    DEBUG 3.1: Dataset init start
    DEBUG 3.2: prepare_data start dblp
    ----Data statistics------'
    Name: dblp
    #Nodes 17716
    #Edges 52867
    #Classes 4
    #Ave_degree 5.97
    ----Split statistics------'
    #Train samples 177 (1.0 % of nodes)
    #Val samples 2657 (15.0 % of nodes)
    #Test samples 14882 (remaining)
    ----label noise information:------
    Instance dependent noise
    #Actual noise rate 0.50
    [cuda:0] LNPCC waiting for GPU slot...
    [cuda:0] Slot acquired (waited 389.7s). Starting GCN...
    FINAL_RESULT: {'acc': {'train': 0.6779661016949152, 'valid': 0.4049680090327437, 'test': 0.6685257357882005}, 'wall_s': 146.26, 'cpu_s': 142.61, 'gpu_s': 3.58, 'wait_s': 389.65}
    [Time] wall=146.3s | cpu=142.6s | gpu=3.6s
    C:\Users\fbrev\Documents\Acadêmico\Simulações\Python\NoisyGL\predictor\Base_Predictor.py:114: UserWarning: expandable_segments not supported on this platform (Triggered internally at ..\c10/cuda/CUDAAllocatorConfig.h:28.)
    self.edge_index = self._cpu_edge_index.to(self.device)
    C:\Users\fbrev\Documents\Acadêmico\Simulações\Python\NoisyGL\predictor\Base_Predictor.py:144: UserWarning: Sparse CSR tensor support is in beta state. If you miss a functionality in the sparse tensor support, please submit a feature request to https://github.com/pytorch/pytorch/issues. (Triggered internally at ..\aten\src\ATen\SparseCsrTensorImpl.cpp:55.)
    self.adj_csr = self.adj.to_sparse_csr().to(self.device)
[I 2026-05-05 19:38:11,780] Trial 139 finished with value: 0.6685257357882005 and parameters: {'lr': 0.05, 'weight_decay': 0.001, 'n_hidden': 64, 'n_layer': 3, 'dropout': 0.04282675010049311, 'knn_mode': 'd', 'k': 50, 'dexp': 1.9738064670652111, 'p_grd': 0.29055281562506824, 'unc_rem': 0.8245385239607116, 'unc_rel': 0.9597217681243532}. Best is trial 118 with value: 0.7043408144066657.
    [CPU] Loading dblp...
    DEBUG 3.1: Dataset init start
    DEBUG 3.2: prepare_data start dblp
    ----Data statistics------'
    Name: dblp
    #Nodes 17716
    #Edges 52867
    #Classes 4
    #Ave_degree 5.97
    ----Split statistics------'
    #Train samples 177 (1.0 % of nodes)
    #Val samples 2657 (15.0 % of nodes)
    #Test samples 14882 (remaining)
    ----label noise information:------
    Instance dependent noise
    #Actual noise rate 0.50
    [cuda:0] LNPCC waiting for GPU slot...
    [cuda:0] Slot acquired (waited 312.2s). Starting GCN...
    FINAL_RESULT: {'acc': {'train': 0.593939393939394, 'valid': 0.3955589010161837, 'test': 0.6280741835774761}, 'wall_s': 39.73, 'cpu_s': 36.4, 'gpu_s': 3.28, 'wait_s': 312.16}
    [Time] wall=39.7s | cpu=36.4s | gpu=3.3s
    C:\Users\fbrev\Documents\Acadêmico\Simulações\Python\NoisyGL\predictor\Base_Predictor.py:114: UserWarning: expandable_segments not supported on this platform (Triggered internally at ..\c10/cuda/CUDAAllocatorConfig.h:28.)
    self.edge_index = self._cpu_edge_index.to(self.device)
    C:\Users\fbrev\Documents\Acadêmico\Simulações\Python\NoisyGL\predictor\Base_Predictor.py:144: UserWarning: Sparse CSR tensor support is in beta state. If you miss a functionality in the sparse tensor support, please submit a feature request to https://github.com/pytorch/pytorch/issues. (Triggered internally at ..\aten\src\ATen\SparseCsrTensorImpl.cpp:55.)
    self.adj_csr = self.adj.to_sparse_csr().to(self.device)
[I 2026-05-05 19:44:09,462] Trial 140 finished with value: 0.6280741835774761 and parameters: {'lr': 0.05, 'weight_decay': 0.001, 'n_hidden': 64, 'n_layer': 3, 'dropout': 0.021306730487115316, 'knn_mode': 'd', 'k': 15, 'dexp': 0.9422608068505065, 'p_grd': 0.18842630998971224, 'unc_rem': 0.6451251800359048, 'unc_rel': 0.8915653828920248}. Best is trial 118 with value: 0.7043408144066657.
    [CPU] Loading dblp...
    DEBUG 3.1: Dataset init start
    DEBUG 3.2: prepare_data start dblp
    ----Data statistics------'
    Name: dblp
    #Nodes 17716
    #Edges 52867
    #Classes 4
    #Ave_degree 5.97
    ----Split statistics------'
    #Train samples 177 (1.0 % of nodes)
    #Val samples 2657 (15.0 % of nodes)
    #Test samples 14882 (remaining)
    ----label noise information:------
    Instance dependent noise
    #Actual noise rate 0.50
    [cuda:0] LNPCC waiting for GPU slot...
    [cuda:0] Slot acquired (waited 131.9s). Starting GCN...
    FINAL_RESULT: {'acc': {'train': 0.5371428571428571, 'valid': 0.4098607452013549, 'test': 0.6863324821932536}, 'wall_s': 41.42, 'cpu_s': 37.97, 'gpu_s': 3.39, 'wait_s': 131.93}
    [Time] wall=41.4s | cpu=38.0s | gpu=3.4s
    C:\Users\fbrev\Documents\Acadêmico\Simulações\Python\NoisyGL\predictor\Base_Predictor.py:114: UserWarning: expandable_segments not supported on this platform (Triggered internally at ..\c10/cuda/CUDAAllocatorConfig.h:28.)
    self.edge_index = self._cpu_edge_index.to(self.device)
    C:\Users\fbrev\Documents\Acadêmico\Simulações\Python\NoisyGL\predictor\Base_Predictor.py:144: UserWarning: Sparse CSR tensor support is in beta state. If you miss a functionality in the sparse tensor support, please submit a feature request to https://github.com/pytorch/pytorch/issues. (Triggered internally at ..\aten\src\ATen\SparseCsrTensorImpl.cpp:55.)
    self.adj_csr = self.adj.to_sparse_csr().to(self.device)
[I 2026-05-05 19:47:08,462] Trial 141 finished with value: 0.6863324821932536 and parameters: {'lr': 0.05, 'weight_decay': 0.001, 'n_hidden': 64, 'n_layer': 3, 'dropout': 0.16831346257166188, 'knn_mode': 'd', 'k': 17, 'dexp': 3.1155929806134637, 'p_grd': 0.21490927584858557, 'unc_rem': 0.7776846856040666, 'unc_rel': 0.9269737198995284}. Best is trial 118 with value: 0.7043408144066657.
    [CPU] Loading dblp...
    DEBUG 3.1: Dataset init start
    DEBUG 3.2: prepare_data start dblp
    ----Data statistics------'
    Name: dblp
    #Nodes 17716
    #Edges 52867
    #Classes 4
    #Ave_degree 5.97
    ----Split statistics------'
    #Train samples 177 (1.0 % of nodes)
    #Val samples 2657 (15.0 % of nodes)
    #Test samples 14882 (remaining)
    ----label noise information:------
    Instance dependent noise
    #Actual noise rate 0.50
    [cuda:0] LNPCC waiting for GPU slot...
    [cuda:0] Slot acquired (waited 311.9s). Starting GCN...
    FINAL_RESULT: {'acc': {'train': 0.5202312138728323, 'valid': 0.4072261949567181, 'test': 0.6737669668055369}, 'wall_s': 42.07, 'cpu_s': 39.47, 'gpu_s': 2.54, 'wait_s': 311.91}
    [Time] wall=42.1s | cpu=39.5s | gpu=2.5s
    C:\Users\fbrev\Documents\Acadêmico\Simulações\Python\NoisyGL\predictor\Base_Predictor.py:114: UserWarning: expandable_segments not supported on this platform (Triggered internally at ..\c10/cuda/CUDAAllocatorConfig.h:28.)
    self.edge_index = self._cpu_edge_index.to(self.device)
    C:\Users\fbrev\Documents\Acadêmico\Simulações\Python\NoisyGL\predictor\Base_Predictor.py:144: UserWarning: Sparse CSR tensor support is in beta state. If you miss a functionality in the sparse tensor support, please submit a feature request to https://github.com/pytorch/pytorch/issues. (Triggered internally at ..\aten\src\ATen\SparseCsrTensorImpl.cpp:55.)
    self.adj_csr = self.adj.to_sparse_csr().to(self.device)
[I 2026-05-05 19:53:07,962] Trial 142 finished with value: 0.6737669668055369 and parameters: {'lr': 0.05, 'weight_decay': 0.001, 'n_hidden': 32, 'n_layer': 3, 'dropout': 0.16824886462589214, 'knn_mode': 'd', 'k': 17, 'dexp': 3.079214495535506, 'p_grd': 0.21778850345710163, 'unc_rem': 0.7698600448711221, 'unc_rel': 0.9253768863828907}. Best is trial 118 with value: 0.7043408144066657.
    [CPU] Loading dblp...
    DEBUG 3.1: Dataset init start
    DEBUG 3.2: prepare_data start dblp
    ----Data statistics------'
    Name: dblp
    #Nodes 17716
    #Edges 52867
    #Classes 4
    #Ave_degree 5.97
    ----Split statistics------'
    #Train samples 177 (1.0 % of nodes)
    #Val samples 2657 (15.0 % of nodes)
    #Test samples 14882 (remaining)
    ----label noise information:------
    Instance dependent noise
    #Actual noise rate 0.50
    [cuda:0] LNPCC waiting for GPU slot...
    [cuda:0] Slot acquired (waited 494.4s). Starting GCN...
    FINAL_RESULT: {'acc': {'train': 0.5480225988700564, 'valid': 0.4102371095220173, 'test': 0.6943959145276173}, 'wall_s': 40.84, 'cpu_s': 37.42, 'gpu_s': 3.35, 'wait_s': 494.36}
    [Time] wall=40.8s | cpu=37.4s | gpu=3.4s
    C:\Users\fbrev\Documents\Acadêmico\Simulações\Python\NoisyGL\predictor\Base_Predictor.py:114: UserWarning: expandable_segments not supported on this platform (Triggered internally at ..\c10/cuda/CUDAAllocatorConfig.h:28.)
    self.edge_index = self._cpu_edge_index.to(self.device)
    C:\Users\fbrev\Documents\Acadêmico\Simulações\Python\NoisyGL\predictor\Base_Predictor.py:144: UserWarning: Sparse CSR tensor support is in beta state. If you miss a functionality in the sparse tensor support, please submit a feature request to https://github.com/pytorch/pytorch/issues. (Triggered internally at ..\aten\src\ATen\SparseCsrTensorImpl.cpp:55.)
    self.adj_csr = self.adj.to_sparse_csr().to(self.device)
[I 2026-05-05 20:02:09,182] Trial 143 finished with value: 0.6943959145276173 and parameters: {'lr': 0.05, 'weight_decay': 0.001, 'n_hidden': 64, 'n_layer': 3, 'dropout': 0.20675325574892267, 'knn_mode': 'd', 'k': 9, 'dexp': 3.18880206011472, 'p_grd': 0.2519427306045413, 'unc_rem': 0.8342982747383834, 'unc_rel': 0.9480415760374687}. Best is trial 118 with value: 0.7043408144066657.
    [CPU] Loading dblp...
    DEBUG 3.1: Dataset init start
    DEBUG 3.2: prepare_data start dblp
    ----Data statistics------'
    Name: dblp
    #Nodes 17716
    #Edges 52867
    #Classes 4
    #Ave_degree 5.97
    ----Split statistics------'
    #Train samples 177 (1.0 % of nodes)
    #Val samples 2657 (15.0 % of nodes)
    #Test samples 14882 (remaining)
    ----label noise information:------
    Instance dependent noise
    #Actual noise rate 0.50
    [cuda:0] LNPCC waiting for GPU slot...
    [cuda:0] Slot acquired (waited 499.7s). Starting GCN...
    FINAL_RESULT: {'acc': {'train': 0.5402298850574713, 'valid': 0.4057207376740685, 'test': 0.6683913452492944}, 'wall_s': 40.55, 'cpu_s': 37.11, 'gpu_s': 3.39, 'wait_s': 499.65}
    [Time] wall=40.5s | cpu=37.1s | gpu=3.4s
    C:\Users\fbrev\Documents\Acadêmico\Simulações\Python\NoisyGL\predictor\Base_Predictor.py:114: UserWarning: expandable_segments not supported on this platform (Triggered internally at ..\c10/cuda/CUDAAllocatorConfig.h:28.)
    self.edge_index = self._cpu_edge_index.to(self.device)
    C:\Users\fbrev\Documents\Acadêmico\Simulações\Python\NoisyGL\predictor\Base_Predictor.py:144: UserWarning: Sparse CSR tensor support is in beta state. If you miss a functionality in the sparse tensor support, please submit a feature request to https://github.com/pytorch/pytorch/issues. (Triggered internally at ..\aten\src\ATen\SparseCsrTensorImpl.cpp:55.)
    self.adj_csr = self.adj.to_sparse_csr().to(self.device)
