[I 2026-04-29 15:49:37,388] Trial 39 finished with value: 0.3837837837837838 and parameters: {'lr': 0.001, 'weight_decay': 0.0, 'n_hidden': 256, 'n_layer': 2, 'dropout': 0.12255233353662137, 'p_cutoff': 0.36888590204063226, 'edge_threshold': 0.36987315606262183}. Best is trial 6 with value: 0.3940430226144512.
    [CPU] Loading roman-empire...
    DEBUG 3.1: Dataset init start
    DEBUG 3.2: prepare_data start roman-empire
    ----Data statistics------'
    Name: roman-empire
    #Nodes 22662
    #Edges 32927
    #Classes 18
    #Ave_degree 2.91
    ----Split statistics------'
    #Train samples 1133 (5.0 % of nodes)
    #Val samples 3399 (15.0 % of nodes)
    #Test samples 18130 (remaining)
    ----label noise information:------
    Instance dependent noise
    #Actual noise rate 0.30
    [cuda:1] Waiting for GPU slot...
    [cuda:1] Slot acquired (waited 373.9s). Training...
    [NRGNN] Large dataset detected (22662 nodes). Using sampled similarity search.
    FINAL_RESULT: {'acc': {'train': 0.3971756398940865, 'valid': 0.28420123565754635, 'test': 0.3915057915057915}, 'wall_s': 198.58, 'cpu_s': 12.42, 'gpu_s': 185.9, 'wait_s': 373.85}
    [Time] wall=198.6s | cpu=12.4s | gpu=185.9s
    C:\Users\fbrev\Documents\Acadêmico\Simulações\Python\NoisyGL\predictor\Base_Predictor.py:144: UserWarning: Sparse CSR tensor support is in beta state. If you miss a functionality in the sparse tensor support, please submit a feature request to https://github.com/pytorch/pytorch/issues. (Triggered internally at ..\aten\src\ATen\SparseCsrTensorImpl.cpp:55.)
    self.adj_csr = self.adj.to_sparse_csr().to(self.device)
[I 2026-04-29 15:59:16,129] Trial 40 finished with value: 0.3915057915057915 and parameters: {'lr': 0.001, 'weight_decay': 0.001, 'n_hidden': 128, 'n_layer': 2, 'dropout': 0.40376243285394764, 'p_cutoff': 0.655257768537189, 'edge_threshold': 0.3111335803088374}. Best is trial 6 with value: 0.3940430226144512.
    [CPU] Loading roman-empire...
    DEBUG 3.1: Dataset init start
    DEBUG 3.2: prepare_data start roman-empire
    ----Data statistics------'
    Name: roman-empire
    #Nodes 22662
    #Edges 32927
    #Classes 18
    #Ave_degree 2.91
    ----Split statistics------'
    #Train samples 1133 (5.0 % of nodes)
    #Val samples 3399 (15.0 % of nodes)
    #Test samples 18130 (remaining)
    ----label noise information:------
    Instance dependent noise
    #Actual noise rate 0.30
    [cuda:1] Waiting for GPU slot...
    [cuda:1] Slot acquired (waited 775.4s). Training...
    [NRGNN] Large dataset detected (22662 nodes). Using sampled similarity search.
    FINAL_RESULT: {'acc': {'train': 0.3954104148278906, 'valid': 0.28420123565754635, 'test': 0.39194704908990624}, 'wall_s': 211.78, 'cpu_s': 13.18, 'gpu_s': 198.35, 'wait_s': 775.43}
    [Time] wall=211.8s | cpu=13.2s | gpu=198.3s
    C:\Users\fbrev\Documents\Acadêmico\Simulações\Python\NoisyGL\predictor\Base_Predictor.py:144: UserWarning: Sparse CSR tensor support is in beta state. If you miss a functionality in the sparse tensor support, please submit a feature request to https://github.com/pytorch/pytorch/issues. (Triggered internally at ..\aten\src\ATen\SparseCsrTensorImpl.cpp:55.)
    self.adj_csr = self.adj.to_sparse_csr().to(self.device)
